This is pdfTeX, Version 3.14159265-2.6-1.40.15 (TeX Live 2014/MacPorts 2014_1) (preloaded format=pdflatex 2014.10.1)  4 NOV 2014 10:32
entering extended mode
 restricted \write18 enabled.
 %&-line parsing enabled.
**paper.tex
(./paper.tex
LaTeX2e <2014/05/01>
Babel <3.9k> and hyphenation patterns for 4 languages loaded.
(./sig-alternate.cls
(/opt/local/share/texmf-texlive/tex/latex/graphics/epsfig.sty
Package: epsfig 1999/02/16 v1.7a (e)psfig emulation (SPQR)

(/opt/local/share/texmf-texlive/tex/latex/graphics/graphicx.sty
Package: graphicx 2014/04/25 v1.0g Enhanced LaTeX Graphics (DPC,SPQR)

(/opt/local/share/texmf-texlive/tex/latex/graphics/keyval.sty
Package: keyval 2014/05/08 v1.15 key=value parser (DPC)
\KV@toks@=\toks14
)
(/opt/local/share/texmf-texlive/tex/latex/graphics/graphics.sty
Package: graphics 2009/02/05 v1.0o Standard LaTeX Graphics (DPC,SPQR)

(/opt/local/share/texmf-texlive/tex/latex/graphics/trig.sty
Package: trig 1999/03/16 v1.09 sin cos tan (DPC)
)
(/opt/local/share/texmf-texlive/tex/latex/latexconfig/graphics.cfg
File: graphics.cfg 2010/04/23 v1.9 graphics configuration of TeX Live
)
Package graphics Info: Driver file: pdftex.def on input line 91.

(/opt/local/share/texmf-texlive/tex/latex/pdftex-def/pdftex.def
File: pdftex.def 2011/05/27 v0.06d Graphics/color for pdfTeX

(/opt/local/share/texmf-texlive/tex/generic/oberdiek/infwarerr.sty
Package: infwarerr 2010/04/08 v1.3 Providing info/warning/error messages (HO)
)
(/opt/local/share/texmf-texlive/tex/generic/oberdiek/ltxcmds.sty
Package: ltxcmds 2011/11/09 v1.22 LaTeX kernel commands for general use (HO)
)
\Gread@gobject=\count79
))
\Gin@req@height=\dimen102
\Gin@req@width=\dimen103
)
\epsfxsize=\dimen104
\epsfysize=\dimen105
)
(/opt/local/share/texmf-texlive/tex/latex/amsfonts/amssymb.sty
Package: amssymb 2013/01/14 v3.01 AMS font symbols

(/opt/local/share/texmf-texlive/tex/latex/amsfonts/amsfonts.sty
Package: amsfonts 2013/01/14 v3.01 Basic AMSFonts support
\@emptytoks=\toks15
\symAMSa=\mathgroup4
\symAMSb=\mathgroup5
LaTeX Font Info:    Overwriting math alphabet `\mathfrak' in version `bold'
(Font)                  U/euf/m/n --> U/euf/b/n on input line 106.
))
(/opt/local/share/texmf-texlive/tex/latex/amsmath/amsmath.sty
Package: amsmath 2013/01/14 v2.14 AMS math features
\@mathmargin=\skip41

For additional information on amsmath, use the `?' option.
(/opt/local/share/texmf-texlive/tex/latex/amsmath/amstext.sty
Package: amstext 2000/06/29 v2.01

(/opt/local/share/texmf-texlive/tex/latex/amsmath/amsgen.sty
File: amsgen.sty 1999/11/30 v2.0
\@emptytoks=\toks16
\ex@=\dimen106
))
(/opt/local/share/texmf-texlive/tex/latex/amsmath/amsbsy.sty
Package: amsbsy 1999/11/29 v1.2d
\pmbraise@=\dimen107
)
(/opt/local/share/texmf-texlive/tex/latex/amsmath/amsopn.sty
Package: amsopn 1999/12/14 v2.01 operator names
)
\inf@bad=\count80
LaTeX Info: Redefining \frac on input line 210.
\uproot@=\count81
\leftroot@=\count82
LaTeX Info: Redefining \overline on input line 306.
\classnum@=\count83
\DOTSCASE@=\count84
LaTeX Info: Redefining \ldots on input line 378.
LaTeX Info: Redefining \dots on input line 381.
LaTeX Info: Redefining \cdots on input line 466.
\Mathstrutbox@=\box26
\strutbox@=\box27
\big@size=\dimen108
LaTeX Font Info:    Redeclaring font encoding OML on input line 566.
LaTeX Font Info:    Redeclaring font encoding OMS on input line 567.
\macc@depth=\count85
\c@MaxMatrixCols=\count86
\dotsspace@=\muskip10
\c@parentequation=\count87
\dspbrk@lvl=\count88
\tag@help=\toks17
\row@=\count89
\column@=\count90
\maxfields@=\count91
\andhelp@=\toks18
\eqnshift@=\dimen109
\alignsep@=\dimen110
\tagshift@=\dimen111
\tagwidth@=\dimen112
\totwidth@=\dimen113
\lineht@=\dimen114
\@envbody=\toks19
\multlinegap=\skip42
\multlinetaggap=\skip43
\mathdisplay@stack=\toks20
LaTeX Info: Redefining \[ on input line 2665.
LaTeX Info: Redefining \] on input line 2666.
)
Document Class 'sig-alternate' <22nd. April '09>. Modified by G.K.M. Tobin/Gerr
y Murray
Based in part upon document Style `acmconf' <22 May 89>. Hacked 4/91 by
shivers@cs.cmu.edu, 4/93 by theobald@cs.mcgill.ca
Excerpts were taken from (Journal Style) 'esub2acm.cls'.
****** Bugs/comments/suggestions/technicalities to Gerry Murray -- murray@hq.ac
m.org ******
Questions on the style, SIGS policies, etc. to Adrienne Griscti griscti@acm.org

\footheight=\dimen115
\@maxsep=\dimen116
\@dblmaxsep=\dimen117
\aucount=\count92
\originalaucount=\count93
\auwidth=\dimen118
\auskip=\dimen119
\auskipcount=\count94
\auskip=\dimen120
\allauboxes=\dimen121
\addauthors=\toks21
\addauflag=\count95
\subtitletext=\toks22
\savesection=\count96
\sectioncntr=\count97
\c@figure=\count98
\c@table=\count99
\titleboxnotes=\toks23
\titleboxnoteflag=\count100
Document Class: sig-alternate 2009/04/22 - V2.4 - based on acmproc.cls V1.3 <No
v. 30 '99>
(/opt/local/share/texmf-texlive/tex/latex/base/latexsym.sty
Package: latexsym 1998/08/17 v2.2e Standard LaTeX package (lasy symbols)
\symlasy=\mathgroup6
LaTeX Font Info:    Overwriting symbol font `lasy' in version `bold'
(Font)                  U/lasy/m/n --> U/lasy/b/n on input line 47.
)
\@acmtitlebox=\box28
\titlenotecount=\count101
\tntoks=\toks24
\tntokstwo=\toks25
\tntoksthree=\toks26
\tntoksfour=\toks27
\tntoksfive=\toks28
\catcount=\count102
\copyrightnotice=\toks29
\conf=\toks30
\confinfo=\toks31
\c@part=\count103
\c@section=\count104
\c@subsection=\count105
\c@subsubsection=\count106
\c@paragraph=\count107

Using 'Abbrev' bibliography style
LaTeX Info: Redefining \cite on input line 1211.
\bibindent=\dimen122
\colcntr=\count108
\saveb@x=\box29
\copyrtyr=\toks32
\acmcopyr=\toks33
\boilerplate=\toks34
\copyrightetc=\toks35
(/opt/local/share/texmf-texlive/tex/latex/base/fontenc.sty
Package: fontenc 2005/09/27 v1.99g Standard LaTeX package

(/opt/local/share/texmf-texlive/tex/latex/base/t1enc.def
File: t1enc.def 2005/09/27 v1.99g Standard LaTeX file
LaTeX Font Info:    Redeclaring font encoding T1 on input line 43.
)
LaTeX Font Info:    Try loading font information for T1+aer on input line 100.

(/opt/local/share/texmf-texlive/tex/latex/ae/t1aer.fd
File: t1aer.fd 1997/11/16 Font definitions for T1/aer.
)))
(/opt/local/share/texmf-texlive/tex/latex/tools/array.sty
Package: array 2008/09/09 v2.4c Tabular extension package (FMi)
\col@sep=\dimen123
\extrarowheight=\dimen124
\NC@list=\toks36
\extratabsurround=\skip44
\backup@length=\skip45
)
(/opt/local/share/texmf-texlive/tex/latex/booktabs/booktabs.sty
Package: booktabs 2005/04/14 v1.61803 publication quality tables
\heavyrulewidth=\dimen125
\lightrulewidth=\dimen126
\cmidrulewidth=\dimen127
\belowrulesep=\dimen128
\belowbottomsep=\dimen129
\aboverulesep=\dimen130
\abovetopsep=\dimen131
\cmidrulesep=\dimen132
\cmidrulekern=\dimen133
\defaultaddspace=\dimen134
\@cmidla=\count109
\@cmidlb=\count110
\@aboverulesep=\dimen135
\@belowrulesep=\dimen136
\@thisruleclass=\count111
\@lastruleclass=\count112
\@thisrulewidth=\dimen137
)
(/opt/local/share/texmf-texlive/tex/latex/graphics/color.sty
Package: color 2014/04/23 v1.1a Standard LaTeX Color (DPC)

(/opt/local/share/texmf-texlive/tex/latex/latexconfig/color.cfg
File: color.cfg 2007/01/18 v1.5 color configuration of teTeX/TeXLive
)
Package color Info: Driver file: pdftex.def on input line 137.
)
(/opt/local/share/texmf-texlive/tex/latex/colortbl/colortbl.sty
Package: colortbl 2012/02/13 v1.0a Color table columns (DPC)
\everycr=\toks37
\minrowclearance=\skip46
)
(/opt/local/share/texmf-texlive/tex/latex/endnotes/endnotes.sty
\c@endnote=\count113
\endnotesep=\dimen138
\@enotes=\write3
)
(/opt/local/share/texmf-texlive/tex/latex/hyperref/hyperref.sty
Package: hyperref 2012/11/06 v6.83m Hypertext links for LaTeX

(/opt/local/share/texmf-texlive/tex/generic/oberdiek/hobsub-hyperref.sty
Package: hobsub-hyperref 2012/05/28 v1.13 Bundle oberdiek, subset hyperref (HO)


(/opt/local/share/texmf-texlive/tex/generic/oberdiek/hobsub-generic.sty
Package: hobsub-generic 2012/05/28 v1.13 Bundle oberdiek, subset generic (HO)
Package: hobsub 2012/05/28 v1.13 Construct package bundles (HO)
Package hobsub Info: Skipping package `infwarerr' (already loaded).
Package hobsub Info: Skipping package `ltxcmds' (already loaded).
Package: ifluatex 2010/03/01 v1.3 Provides the ifluatex switch (HO)
Package ifluatex Info: LuaTeX not detected.
Package: ifvtex 2010/03/01 v1.5 Detect VTeX and its facilities (HO)
Package ifvtex Info: VTeX not detected.
Package: intcalc 2007/09/27 v1.1 Expandable calculations with integers (HO)
Package: ifpdf 2011/01/30 v2.3 Provides the ifpdf switch (HO)
Package ifpdf Info: pdfTeX in PDF mode is detected.
Package: etexcmds 2011/02/16 v1.5 Avoid name clashes with e-TeX commands (HO)
Package etexcmds Info: Could not find \expanded.
(etexcmds)             That can mean that you are not using pdfTeX 1.50 or
(etexcmds)             that some package has redefined \expanded.
(etexcmds)             In the latter case, load this package earlier.
Package: kvsetkeys 2012/04/25 v1.16 Key value parser (HO)
Package: kvdefinekeys 2011/04/07 v1.3 Define keys (HO)
Package: pdftexcmds 2011/11/29 v0.20 Utility functions of pdfTeX for LuaTeX (HO
)
Package pdftexcmds Info: LuaTeX not detected.
Package pdftexcmds Info: \pdf@primitive is available.
Package pdftexcmds Info: \pdf@ifprimitive is available.
Package pdftexcmds Info: \pdfdraftmode found.
Package: pdfescape 2011/11/25 v1.13 Implements pdfTeX's escape features (HO)
Package: bigintcalc 2012/04/08 v1.3 Expandable calculations on big integers (HO
)
Package: bitset 2011/01/30 v1.1 Handle bit-vector datatype (HO)
Package: uniquecounter 2011/01/30 v1.2 Provide unlimited unique counter (HO)
)
Package hobsub Info: Skipping package `hobsub' (already loaded).
Package: letltxmacro 2010/09/02 v1.4 Let assignment for LaTeX macros (HO)
Package: hopatch 2012/05/28 v1.2 Wrapper for package hooks (HO)
Package: xcolor-patch 2011/01/30 xcolor patch
Package: atveryend 2011/06/30 v1.8 Hooks at the very end of document (HO)
Package atveryend Info: \enddocument detected (standard20110627).
Package: atbegshi 2011/10/05 v1.16 At begin shipout hook (HO)
Package: refcount 2011/10/16 v3.4 Data extraction from label references (HO)
Package: hycolor 2011/01/30 v1.7 Color options for hyperref/bookmark (HO)
)
(/opt/local/share/texmf-texlive/tex/generic/ifxetex/ifxetex.sty
Package: ifxetex 2010/09/12 v0.6 Provides ifxetex conditional
)
(/opt/local/share/texmf-texlive/tex/latex/oberdiek/auxhook.sty
Package: auxhook 2011/03/04 v1.3 Hooks for auxiliary files (HO)
)
(/opt/local/share/texmf-texlive/tex/latex/oberdiek/kvoptions.sty
Package: kvoptions 2011/06/30 v3.11 Key value format for package options (HO)
)
\@linkdim=\dimen139
\Hy@linkcounter=\count114
\Hy@pagecounter=\count115

(/opt/local/share/texmf-texlive/tex/latex/hyperref/pd1enc.def
File: pd1enc.def 2012/11/06 v6.83m Hyperref: PDFDocEncoding definition (HO)
)
\Hy@SavedSpaceFactor=\count116

(/opt/local/share/texmf-texlive/tex/latex/latexconfig/hyperref.cfg
File: hyperref.cfg 2002/06/06 v1.2 hyperref configuration of TeXLive
)
Package hyperref Info: Option `draft' set `true' on input line 4319.
Package hyperref Info: Hyper figures OFF on input line 4443.
Package hyperref Info: Link nesting OFF on input line 4448.
Package hyperref Info: Hyper index ON on input line 4451.
Package hyperref Info: Plain pages OFF on input line 4458.
Package hyperref Info: Backreferencing OFF on input line 4463.
Package hyperref Info: Implicit mode ON; LaTeX internals redefined.
Package hyperref Info: Bookmarks ON on input line 4688.
\c@Hy@tempcnt=\count117

(/opt/local/share/texmf-texlive/tex/latex/url/url.sty
\Urlmuskip=\muskip11
Package: url 2013/09/16  ver 3.4  Verb mode for urls, etc.
)
LaTeX Info: Redefining \url on input line 5041.
\XeTeXLinkMargin=\dimen140
\Fld@menulength=\count118
\Field@Width=\dimen141
\Fld@charsize=\dimen142
Package hyperref Info: Hyper figures OFF on input line 6295.
Package hyperref Info: Link nesting OFF on input line 6300.
Package hyperref Info: Hyper index ON on input line 6303.
Package hyperref Info: backreferencing OFF on input line 6310.
Package hyperref Info: Link coloring OFF on input line 6315.
Package hyperref Info: Link coloring with OCG OFF on input line 6320.
Package hyperref Info: PDF/A mode OFF on input line 6325.
LaTeX Info: Redefining \ref on input line 6365.
LaTeX Info: Redefining \pageref on input line 6369.


Package hyperref Warning: Option `pdfpagelabels' is turned off
(hyperref)                because \thepage is undefined.

\c@Item=\count119
\c@Hfootnote=\count120
)

Package hyperref Message: Driver (autodetected): hpdftex.

(/opt/local/share/texmf-texlive/tex/latex/hyperref/hpdftex.def
File: hpdftex.def 2012/11/06 v6.83m Hyperref driver for pdfTeX
\Fld@listcount=\count121
\c@bookmark@seq@number=\count122

(/opt/local/share/texmf-texlive/tex/latex/oberdiek/rerunfilecheck.sty
Package: rerunfilecheck 2011/04/15 v1.7 Rerun checks for auxiliary files (HO)
Package uniquecounter Info: New unique counter `rerunfilecheck' on input line 2
82.
)
\Hy@SectionHShift=\skip47
)
(/opt/local/share/texmf-texlive/tex/latex/multirow/multirow.sty
\bigstrutjot=\dimen143
)
(/opt/local/share/texmf-texlive/tex/latex/subfigure/subfigure.sty
Package: subfigure 2002/03/15 v2.1.5 subfigure package
\subfigtopskip=\skip48
\subfigcapskip=\skip49
\subfigcaptopadj=\dimen144
\subfigbottomskip=\skip50
\subfigcapmargin=\dimen145
\subfiglabelskip=\skip51
\c@subfigure=\count123
\c@lofdepth=\count124
\c@subtable=\count125
\c@lotdepth=\count126

****************************************
* Local config file subfigure.cfg used *
****************************************
(/opt/local/share/texmf-texlive/tex/latex/subfigure/subfigure.cfg)
\subfig@top=\skip52
\subfig@bottom=\skip53
)
(/opt/local/share/texmf-texlive/tex/latex/tools/tabularx.sty
Package: tabularx 2014/05/13 v2.10 `tabularx' package (DPC)
\TX@col@width=\dimen146
\TX@old@table=\dimen147
\TX@old@col=\dimen148
\TX@target=\dimen149
\TX@delta=\dimen150
\TX@cols=\count127
\TX@ftn=\toks38
)
(/opt/local/share/texmf-texlive/tex/latex/tools/xspace.sty
Package: xspace 2009/10/20 v1.13 Space after command names (DPC,MH)
)
(/opt/local/share/texmf-texlive/tex/latex/caption/caption.sty
Package: caption 2013/05/02 v3.3-89 Customizing captions (AR)

(/opt/local/share/texmf-texlive/tex/latex/caption/caption3.sty
Package: caption3 2013/05/02 v1.6-88 caption3 kernel (AR)
Package caption3 Info: TeX engine: e-TeX on input line 57.
\captionmargin=\dimen151
\captionmargin@=\dimen152
\captionwidth=\dimen153
\caption@tempdima=\dimen154
\caption@indent=\dimen155
\caption@parindent=\dimen156
\caption@hangindent=\dimen157
\abovecaptionskip=\skip54
\belowcaptionskip=\skip55
Package caption Info: Unknown document class (or package),
(caption)             standard defaults will be used.
)

Package caption Warning: Unsupported document class (or package) detected,
(caption)                usage of the caption package is not recommended.
See the caption package documentation for explanation.

Package caption Info: \@makecaption = \long macro:#1#2-> \vskip 10pt \setbox \@
tempboxa \hbox {\textbf {#1: #2}} \ifdim \wd \@tempboxa >\hsize \textbf {#1: #2
}\par \else \hbox to\hsize {\hfil \box \@tempboxa \hfil } \fi .
\c@ContinuedFloat=\count128
Package caption Info: hyperref package is loaded.
Package caption Info: subfigure package is loaded.
) (/opt/local/share/texmf-texlive/tex/latex/comment/comment.sty
\CommentStream=\write4

Excluding comment 'comment')
(/opt/local/share/texmf-texlive/tex/latex/threeparttable/threeparttable.sty
Package: threeparttable 2003/06/13  v 3.0
\@tempboxb=\box30
)
(/opt/local/share/texmf-texlive/tex/latex/caption/newfloat.sty
Package: newfloat 2013/05/11 v1.1-91 Defining new floating environments (AR)
)
Package newfloat Info: New float `copyrightbox' with options `' on input line 3
4.
\c@copyrightbox=\count129
\newfloat@ftype=\count130
Package newfloat Info: float type `copyrightbox'=8 on input line 34.
\c@locopyrightboxdepth=\count131
\SUBSIZE=\skip56

(build/paper.aux)
\openout1 = `paper.aux'.

LaTeX Font Info:    Checking defaults for OML/cmm/m/it on input line 67.
LaTeX Font Info:    ... okay on input line 67.
LaTeX Font Info:    Checking defaults for T1/cmr/m/n on input line 67.
LaTeX Font Info:    ... okay on input line 67.
LaTeX Font Info:    Checking defaults for OT1/cmr/m/n on input line 67.
LaTeX Font Info:    ... okay on input line 67.
LaTeX Font Info:    Checking defaults for OMS/cmsy/m/n on input line 67.
LaTeX Font Info:    ... okay on input line 67.
LaTeX Font Info:    Checking defaults for OMX/cmex/m/n on input line 67.
LaTeX Font Info:    ... okay on input line 67.
LaTeX Font Info:    Checking defaults for U/cmr/m/n on input line 67.
LaTeX Font Info:    ... okay on input line 67.
LaTeX Font Info:    Checking defaults for PD1/pdf/m/n on input line 67.
LaTeX Font Info:    ... okay on input line 67.

(/opt/local/share/texmf-texlive/tex/context/base/supp-pdf.mkii
[Loading MPS to PDF converter (version 2006.09.02).]
\scratchcounter=\count132
\scratchdimen=\dimen158
\scratchbox=\box31
\nofMPsegments=\count133
\nofMParguments=\count134
\everyMPshowfont=\toks39
\MPscratchCnt=\count135
\MPscratchDim=\dimen159
\MPnumerator=\count136
\makeMPintoPDFobject=\count137
\everyMPtoPDFconversion=\toks40
) (/opt/local/share/texmf-texlive/tex/latex/oberdiek/epstopdf-base.sty
Package: epstopdf-base 2010/02/09 v2.5 Base part for package epstopdf

(/opt/local/share/texmf-texlive/tex/latex/oberdiek/grfext.sty
Package: grfext 2010/08/19 v1.1 Manage graphics extensions (HO)
)
Package grfext Info: Graphics extension search list:
(grfext)             [.png,.pdf,.jpg,.mps,.jpeg,.jbig2,.jb2,.PNG,.PDF,.JPG,.JPE
G,.JBIG2,.JB2,.eps]
(grfext)             \AppendGraphicsExtensions on input line 452.

(/opt/local/share/texmf-texlive/tex/latex/latexconfig/epstopdf-sys.cfg
File: epstopdf-sys.cfg 2010/07/13 v1.3 Configuration of (r)epstopdf for TeX Liv
e
))
\AtBeginShipoutBox=\box32


Package hyperref Warning: Draft mode on.

Package hyperref Info: Link coloring OFF on input line 67.
(/opt/local/share/texmf-texlive/tex/latex/hyperref/nameref.sty
Package: nameref 2012/10/27 v2.43 Cross-referencing by name of section

(/opt/local/share/texmf-texlive/tex/generic/oberdiek/gettitlestring.sty
Package: gettitlestring 2010/12/03 v1.4 Cleanup title references (HO)
)
\c@section@level=\count138
)
LaTeX Info: Redefining \ref on input line 67.
LaTeX Info: Redefining \pageref on input line 67.
LaTeX Info: Redefining \nameref on input line 67.
Package caption Info: Begin \AtBeginDocument code.
Package caption Info: threeparttable package is loaded.
Package caption Info: End \AtBeginDocument code.
LaTeX Font Info:    Try loading font information for U+msa on input line 98.

(/opt/local/share/texmf-texlive/tex/latex/amsfonts/umsa.fd
File: umsa.fd 2013/01/14 v3.01 AMS symbols A
)
LaTeX Font Info:    Try loading font information for U+msb on input line 98.

(/opt/local/share/texmf-texlive/tex/latex/amsfonts/umsb.fd
File: umsb.fd 2013/01/14 v3.01 AMS symbols B
)
LaTeX Font Info:    Try loading font information for U+lasy on input line 98.

(/opt/local/share/texmf-texlive/tex/latex/base/ulasy.fd
File: ulasy.fd 1998/08/17 v2.2e LaTeX symbol font definitions
) (./abstract.tex
Excluding 'comment' comment.) Excluding 'comment' comment. (./intro.tex
Excluding 'comment' comment. Excluding 'comment' comment.
Excluding 'comment' comment.) (./related.tex
Underfull \vbox (badness 10000) has occurred while \output is active []

 [1{/opt/local/var/db/texmf/fonts/map/pdftex/updmap/pdftex.map}


]
Excluding 'comment' comment. Excluding 'comment' comment.
Underfull \vbox (badness 6510) has occurred while \output is active []


Overfull \hbox (5.59508pt too wide) in paragraph at lines 148--162
[]\T1/aer/m/n/9 Of the re-main-ing plat-forms, $\OML/cmm/m/it/9 ^^V$\T1/aer/m/n
/9 SDR, KUAR, WARP, USRP
 []

Excluding 'comment' comment. [2] Excluding 'comment' comment.) (./arch.tex
<../images/build/system_arch.pdf, id=21, 356.33125pt x 327.2225pt>
File: ../images/build/system_arch.pdf Graphic file (type pdf)

<use ../images/build/system_arch.pdf>
Package pdftex.def Info: ../images/build/system_arch.pdf used on input line 40.

(pdftex.def)             Requested size: 235.19897pt x 215.98248pt.

<../images/build/sdr_scale_tmote.pdf, id=22, 4750.74875pt x 3191.925pt>
File: ../images/build/sdr_scale_tmote.pdf Graphic file (type pdf)

<use ../images/build/sdr_scale_tmote.pdf>
Package pdftex.def Info: ../images/build/sdr_scale_tmote.pdf used on input line
 50.
(pdftex.def)             Requested size: 235.19897pt x 157.99834pt.

Overfull \hbox (5.93443pt too wide) in paragraph at lines 60--71
[]\T1/aer/m/n/9 Microsemi, a ven-dor of flash-based FP-GAs like the IGLOO
 []


Overfull \hbox (5.37129pt too wide) in paragraph at lines 60--71
\T1/aer/m/n/9 tive in the Smart-Fu-sion cus-tomiz-able System-on-Chip (cSoC).
 []


Overfull \hbox (6.35919pt too wide) in paragraph at lines 60--71
\T1/aer/m/n/9 power up, as the con-fig-u-ra-tion is stored in the FP-GAs floati
ng-
 []


Underfull \vbox (badness 5302) has occurred while \output is active []

 [3 <../images/build/system_arch.pdf>] Excluding 'comment' comment.
Overfull \hbox (6.34543pt too wide) in paragraph at lines 145--162
 [][] 
 []

Excluding 'comment' comment.) (./eval.tex
<../figs/usrp_coldboot/usrp_coldboot.pdf, id=33, 289.08pt x 180.675pt>
File: ../figs/usrp_coldboot/usrp_coldboot.pdf Graphic file (type pdf)

<use ../figs/usrp_coldboot/usrp_coldboot.pdf>
Package pdftex.def Info: ../figs/usrp_coldboot/usrp_coldboot.pdf used on input 
line 79.
(pdftex.def)             Requested size: 226.79846pt x 141.74747pt.

<../figs/usdr_coldboot/usdr_coldboot.pdf, id=34, 614.295pt x 794.97pt>
File: ../figs/usdr_coldboot/usdr_coldboot.pdf Graphic file (type pdf)

<use ../figs/usdr_coldboot/usdr_coldboot.pdf>
Package pdftex.def Info: ../figs/usdr_coldboot/usdr_coldboot.pdf used on input 
line 83.
(pdftex.def)             Requested size: 226.79846pt x 293.50352pt.

Underfull \vbox (badness 10000) has occurred while \output is active []

 [4 <../images/build/sdr_scale_tmote.pdf>]
Underfull \vbox (badness 2359) has occurred while \output is active []


Overfull \hbox (4.55898pt too wide) in paragraph at lines 144--151
[]\T1/aer/m/n/9 Spartan 3-2000. The Spar-tan is a more tra-di-tional SRAM-
 []

[5 <../figs/usrp_coldboot/usrp_coldboot.pdf> <../figs/usdr_coldboot/usdr_coldbo
ot.pdf>] Excluding 'comment' comment.
<../figs/usrp_e100_run/usrp_e100_run.pdf, id=48, 289.08pt x 180.675pt>
File: ../figs/usrp_e100_run/usrp_e100_run.pdf Graphic file (type pdf)

<use ../figs/usrp_e100_run/usrp_e100_run.pdf>
Package pdftex.def Info: ../figs/usrp_e100_run/usrp_e100_run.pdf used on input 
line 184.
(pdftex.def)             Requested size: 235.19897pt x 146.99931pt.
 Excluding 'comment' comment.)
(./disc.tex Excluding 'comment' comment.
Overfull \hbox (1.78065pt too wide) in paragraph at lines 19--26
[]\T1/aer/m/n/9 Typical duty-cycled ra-dio plat-forms achieve $\OML/cmm/m/it/9 
<$\T1/aer/m/n/9 1 mW sleep
 []

Excluding 'comment' comment. Excluding 'comment' comment.) (./conc.tex)
Overfull \hbox (6.28033pt too wide) in paragraph at lines 20--127
\T1/aer/m/n/9 form that lever-ages emerg-ing tech-nol-ogy like highly-integrate
d
 []

(build/paper.bbl [6 <../figs/usrp_e100_run/usrp_e100_run.pdf>])
Package atveryend Info: Empty hook `BeforeClearDocument' on input line 136.
 [7

]
Package atveryend Info: Empty hook `AfterLastShipout' on input line 136.

(build/paper.aux)
Package atveryend Info: Empty hook `AtVeryEndDocument' on input line 136.
Package atveryend Info: Empty hook `AtEndAfterFileList' on input line 136.
Package atveryend Info: Empty hook `AtVeryVeryEnd' on input line 136.
 ) 
Here is how much of TeX's memory you used:
 8110 strings out of 494982
 119677 string characters out of 6180287
 219774 words of memory out of 5000000
 11141 multiletter control sequences out of 15000+600000
 60493 words of font info for 87 fonts, out of 8000000 for 9000
 36 hyphenation exceptions out of 8191
 41i,16n,40p,1038b,434s stack positions out of 5000i,500n,10000p,200000b,80000s
{/opt/local/share/texmf-texlive/fonts/enc/dvips/base/8r.enc}</opt/local/share
/texmf-texlive/fonts/type1/public/amsfonts/cm/cmcsc10.pfb></opt/local/share/tex
mf-texlive/fonts/type1/public/amsfonts/cm/cmmi8.pfb></opt/local/share/texmf-tex
live/fonts/type1/public/amsfonts/cm/cmmi9.pfb></opt/local/share/texmf-texlive/f
onts/type1/public/amsfonts/cm/cmr6.pfb></opt/local/share/texmf-texlive/fonts/ty
pe1/public/amsfonts/cm/cmr8.pfb></opt/local/share/texmf-texlive/fonts/type1/pub
lic/amsfonts/cm/cmr9.pfb></opt/local/share/texmf-texlive/fonts/type1/public/ams
fonts/cm/cmsy6.pfb></opt/local/share/texmf-texlive/fonts/type1/public/amsfonts/
cm/cmsy9.pfb></opt/local/share/texmf-texlive/fonts/type1/public/amsfonts/cm/cmt
i9.pfb></opt/local/share/texmf-texlive/fonts/type1/urw/helvetic/uhvb8a.pfb></op
t/local/share/texmf-texlive/fonts/type1/urw/times/utmb8a.pfb></opt/local/share/
texmf-texlive/fonts/type1/urw/times/utmr8a.pfb></opt/local/share/texmf-texlive/
fonts/type1/urw/times/utmri8a.pfb>
Output written on build/paper.pdf (7 pages, 3459364 bytes).
PDF statistics:
 102 PDF objects out of 1000 (max. 8388607)
 71 compressed objects within 1 object stream
 0 named destinations out of 1000 (max. 500000)
 26 words of extra memory for PDF output out of 10000 (max. 10000000)

