Change Component Parameter Comment in C54 Old= New=100pF
Change Component Parameter Comment in C55 Old= New=0.1uF
Change Component Parameter Comment in C56 Old= New=100pF
Change Component Parameter Comment in C57 Old= New=0.1uF
Change Component Parameter Comment in C58 Old= New=0.1uF
Change Component Parameter Comment in C59 Old= New=0.1uF
Change Component Parameter Comment in C60 Old= New=0.1uF
Change Component Parameter Comment in C61 Old= New=0.1uF
Change Component Parameter Comment in C62 Old= New=0.01uF
Change Component Parameter Comment in C63 Old= New=0.01uF
Change Component Parameter Comment in C64 Old= New=0.1uF
Change Component Parameter Comment in C65 Old= New=0.1uF
Change Component Parameter Comment in C66 Old= New=0.01uF
Change Component Parameter Comment in C67 Old= New=0.1uF
Change Component Parameter Comment in C68 Old= New=0.01uF
Change Component Parameter Comment in C69 Old= New=0.1uF
Change Component Parameter Comment in C70 Old= New=0.1uF
Change Component Parameter Comment in R2 Old= New=820
Change Component Parameter Comment in R4 Old= New=3.3K
Change Component Parameter Comment in R5 Old= New=3.3K
Change Component Parameter Comment in R6 Old= New=3.3K
Change Component Parameter Comment in R7 Old= New=3.3K
Change Component Parameter Comment in R8 Old= New=10K
Change Component Parameter Comment in R9 Old= New=10K
Change Component Parameter Comment in R10 Old= New=10K
