Change Component Designator: Old Designator=C? New Designator=C54
Change Component Designator: Old Designator=C? New Designator=C55
Change Component Designator: Old Designator=C? New Designator=C56
Change Component Designator: Old Designator=C? New Designator=C57
Change Component Designator: Old Designator=C? New Designator=C58
Change Component Designator: Old Designator=C? New Designator=C59
Change Component Designator: Old Designator=C? New Designator=C60
Change Component Designator: Old Designator=C? New Designator=C61
Change Component Designator: Old Designator=C? New Designator=C62
Change Component Designator: Old Designator=C? New Designator=C63
Change Component Designator: Old Designator=C? New Designator=C64
Change Component Designator: Old Designator=C? New Designator=C65
Change Component Designator: Old Designator=C? New Designator=C66
Change Component Designator: Old Designator=C? New Designator=C67
Change Component Designator: Old Designator=C? New Designator=C68
Change Component Designator: Old Designator=C? New Designator=C69
Change Component Designator: Old Designator=C? New Designator=C70
Change Component Designator: Old Designator=C? New Designator=C71
Change Component Designator: Old Designator=C? New Designator=C72
Change Component Designator: Old Designator=FB? New Designator=FB4
Change Component Designator: Old Designator=J? New Designator=J1
Change Component Designator: Old Designator=J? New Designator=J2
Change Component Designator: Old Designator=J? New Designator=J3
Change Component Designator: Old Designator=J? New Designator=J4
Change Component Designator: Old Designator=P? New Designator=P5
Change Component Designator: Old Designator=R? New Designator=R2
Change Component Designator: Old Designator=R? New Designator=R3
Change Component Designator: Old Designator=R? New Designator=R4
Change Component Designator: Old Designator=R? New Designator=R5
Change Component Designator: Old Designator=R? New Designator=R6
Change Component Designator: Old Designator=R? New Designator=R7
Change Component Designator: Old Designator=R? New Designator=R8
Change Component Designator: Old Designator=R? New Designator=R9
Change Component Designator: Old Designator=U? New Designator=U4
Change Component Designator: Old Designator=U? New Designator=U5
