Change Component Parameter Comment in C75 Old= New=100pF
Change Component Parameter Comment in C76 Old= New=0.1uF
Change Component Parameter Comment in C77 Old= New=100pF
Change Component Parameter Comment in C78 Old= New=0.1uF
Change Component Parameter Comment in C79 Old= New=0.1uF
Change Component Parameter Comment in C80 Old= New=0.1uF
Change Component Parameter Comment in C81 Old= New=0.01uF
Change Component Parameter Comment in C82 Old= New=0.01uF
Change Component Parameter Comment in C83 Old= New=0.01uF
Change Component Parameter Comment in C84 Old= New=0.01uF
Change Component Parameter Comment in C85 Old= New=0.1uF
Change Component Parameter Comment in C86 Old= New=0.1uF
Change Component Parameter Comment in C87 Old= New=0.1uF
Change Component Parameter Comment in C88 Old= New=0.1uF
Change Component Parameter Comment in C89 Old= New=0.1uF
Change Component Parameter Comment in R11 Old= New=270
Change Component Parameter Comment in R12 Old= New=1.2K
Change Component Parameter Comment in R13 Old= New=3.3K
Change Component Parameter Comment in R14 Old= New=3.3K
Change Component Parameter Comment in R15 Old= New=3.3K
Change Component Parameter Comment in R16 Old= New=3.3K
Change Component Parameter Comment in R17 Old= New=10K
Change Component Parameter Comment in R18 Old= New=10K
