Change Component Parameter Comment in C90 Old= New=100pF
Change Component Parameter Comment in C91 Old= New=0.1uF
Change Component Parameter Comment in C92 Old= New=10uF
Change Component Parameter Comment in C93 Old= New=0.1uF
Change Component Parameter Comment in C94 Old= New=0.1uF
Change Component Parameter Comment in C95 Old= New=0.1uF
Change Component Parameter Comment in C96 Old= New=0.1uF
Change Component Parameter Comment in C97 Old= New=22uF
Change Component Parameter Comment in C98 Old= New=100pF
Change Component Parameter Comment in C99 Old= New=0.1uF
Change Component Parameter Comment in C100 Old= New=0.1uF
Change Component Parameter Comment in C101 Old= New=22uF
Change Component Parameter Comment in C102 Old= New=100pF
Change Component Parameter Comment in C103 Old= New=0.1uF
Change Component Parameter Comment in C104 Old= New=0.1uF
Change Component Parameter Comment in C105 Old= New=0.1uF
Change Component Parameter Comment in C106 Old= New=0.1uF
Change Component Parameter Comment in C107 Old= New=1nF
Change Component Parameter Comment in C108 Old= New=0.1uF
Change Component Parameter Comment in C109 Old= New=0.1uF
Change Component Parameter Comment in C110 Old= New=0.1uF
Change Component Parameter Comment in C111 Old= New=470uF
Change Component Parameter Comment in R19 Old= New=33
Change Component Parameter Comment in R20 Old= New=49.9
Change Component Parameter Comment in R21 Old= New=10K
Change Component Parameter Comment in R22 Old= New=33
Change Component Parameter Comment in R23 Old= New=10K
Change Component Parameter Comment in R24 Old= New=10K
Change Component Parameter Comment in R25 Old= New=49.9
Change Component Parameter Comment in R26 Old= New=4.7K
Change Component Parameter Comment in R27 Old= New=33
Change Component Parameter Comment in R28 Old= New=49.9
Change Component Parameter Comment in R29 Old= New=33
Change Component Parameter Comment in R30 Old= New=33
Change Component Parameter Comment in R32 Old= New=49.9
Change Component Parameter Comment in R33 Old= New=6.49K
Change Component Parameter Comment in R34 Old= New=10K
Change Component Parameter Comment in R35 Old= New=10K
Change Component Parameter Comment in R36 Old= New=4.7K
Change Component Parameter Comment in R37 Old= New=10K
Change Component Parameter Comment in R38 Old= New=4.7K
Change Component Parameter Comment in R39 Old= New=10K
Change Component Parameter Comment in R40 Old= New=10K
Change Component Parameter Comment in R41 Old= New=10K
Change Component Parameter Comment in R42 Old= New=270
Change Component Parameter Comment in R43 Old= New=10K
Change Component Parameter Comment in R44 Old= New=10K
Change Component Parameter Comment in R45 Old= New=270
Change Component Parameter Comment in R46 Old= New=5M
Change Component Parameter Comment in R49 Old= New=10K
Change Component Parameter Comment in R50 Old= New=698
Change Component Parameter Comment in R51 Old= New=33
Change Component Parameter Comment in R52 Old= New=33
Change Component Parameter Comment in R53 Old= New=33
Change Component Parameter Comment in R54 Old= New=33
