Replace Part FB8 Ferrite Bead in C:\Users\samkuo\Documents\My Dropbox\SDR\Board Design\SDR V2\PWR_Gen.SchDoc with Ferrite Bead from SDR.SchLib
Replace Part J1 PJ-102AH in C:\Users\samkuo\Documents\My Dropbox\SDR\Board Design\SDR V2\PWR_Gen.SchDoc with PJ-102AH from SDR.SchLib
Replace Part J? TestPoint in C:\Users\samkuo\Documents\My Dropbox\SDR\Board Design\SDR V2\PWR_Gen.SchDoc with TestPoint from SDR.SchLib
Replace Part J? TestPoint in C:\Users\samkuo\Documents\My Dropbox\SDR\Board Design\SDR V2\PWR_Gen.SchDoc with TestPoint from SDR.SchLib
Replace Part J? TestPoint in C:\Users\samkuo\Documents\My Dropbox\SDR\Board Design\SDR V2\PWR_Gen.SchDoc with TestPoint from SDR.SchLib
Replace Part J? TestPoint in C:\Users\samkuo\Documents\My Dropbox\SDR\Board Design\SDR V2\PWR_Gen.SchDoc with TestPoint from SDR.SchLib
Replace Part J? TestPoint in C:\Users\samkuo\Documents\My Dropbox\SDR\Board Design\SDR V2\PWR_Gen.SchDoc with TestPoint from SDR.SchLib
Replace Part J? TestPoint in C:\Users\samkuo\Documents\My Dropbox\SDR\Board Design\SDR V2\PWR_Gen.SchDoc with TestPoint from SDR.SchLib
Replace Part J? TestPoint in C:\Users\samkuo\Documents\My Dropbox\SDR\Board Design\SDR V2\PWR_Gen.SchDoc with TestPoint from SDR.SchLib
Replace Part J? TestPoint in C:\Users\samkuo\Documents\My Dropbox\SDR\Board Design\SDR V2\PWR_Gen.SchDoc with TestPoint from SDR.SchLib
Replace Part J? TestPoint in C:\Users\samkuo\Documents\My Dropbox\SDR\Board Design\SDR V2\PWR_Gen.SchDoc with TestPoint from SDR.SchLib
Replace Part J? TestPoint in C:\Users\samkuo\Documents\My Dropbox\SDR\Board Design\SDR V2\PWR_Gen.SchDoc with TestPoint from SDR.SchLib
Replace Part J? TestPoint in C:\Users\samkuo\Documents\My Dropbox\SDR\Board Design\SDR V2\PWR_Gen.SchDoc with TestPoint from SDR.SchLib
Replace Part J? TestPoint in C:\Users\samkuo\Documents\My Dropbox\SDR\Board Design\SDR V2\PWR_Gen.SchDoc with TestPoint from SDR.SchLib
Replace Part Q? MMBT2222A in C:\Users\samkuo\Documents\My Dropbox\SDR\Board Design\SDR V2\PWR_Gen.SchDoc with MMBT2222A from SDR.SchLib
Replace Part Q? MMBT2222A in C:\Users\samkuo\Documents\My Dropbox\SDR\Board Design\SDR V2\PWR_Gen.SchDoc with MMBT2222A from SDR.SchLib
Replace Part SW? STS1400PC04 in C:\Users\samkuo\Documents\My Dropbox\SDR\Board Design\SDR V2\PWR_Gen.SchDoc with STS1400PC04 from SDR.SchLib
Replace Part U5 TPS789 LDO in C:\Users\samkuo\Documents\My Dropbox\SDR\Board Design\SDR V2\PWR_Gen.SchDoc with TPS789 LDO from SDR.SchLib
Replace Part U6 TPS731 in C:\Users\samkuo\Documents\My Dropbox\SDR\Board Design\SDR V2\PWR_Gen.SchDoc with TPS731 from SDR.SchLib
Replace Part U7 REG102/103/104 in C:\Users\samkuo\Documents\My Dropbox\SDR\Board Design\SDR V2\PWR_Gen.SchDoc with REG102/103/104 from SDR.SchLib
Replace Part U? TL7702AIDR in C:\Users\samkuo\Documents\My Dropbox\SDR\Board Design\SDR V2\PWR_Gen.SchDoc with TL7702AIDR from SDR.SchLib
Replace Part U? LT1117-3.3 in C:\Users\samkuo\Documents\My Dropbox\SDR\Board Design\SDR V2\PWR_Gen.SchDoc with LT1117-3.3 from SDR.SchLib
