Change Component Designator: Old Designator=C? New Designator=C63
Change Component Designator: Old Designator=C? New Designator=C64
Change Component Designator: Old Designator=C? New Designator=C65
Change Component Designator: Old Designator=C? New Designator=C66
Change Component Designator: Old Designator=C? New Designator=C67
Change Component Designator: Old Designator=C? New Designator=C68
Change Component Designator: Old Designator=C? New Designator=C69
Change Component Designator: Old Designator=C? New Designator=C70
Change Component Designator: Old Designator=C? New Designator=C71
Change Component Designator: Old Designator=C? New Designator=C72
Change Component Designator: Old Designator=C? New Designator=C96
Change Component Designator: Old Designator=C? New Designator=C97
Change Component Designator: Old Designator=C? New Designator=C131
Change Component Designator: Old Designator=C? New Designator=C132
Change Component Designator: Old Designator=C? New Designator=C134
Change Component Designator: Old Designator=C? New Designator=C135
Change Component Designator: Old Designator=C? New Designator=C138
Change Component Designator: Old Designator=C? New Designator=C157
Change Component Designator: Old Designator=C? New Designator=C158
Change Component Designator: Old Designator=C? New Designator=C167
Change Component Designator: Old Designator=C? New Designator=C168
Change Component Designator: Old Designator=C? New Designator=C169
Change Component Designator: Old Designator=C? New Designator=C170
Change Component Designator: Old Designator=C? New Designator=C171
Change Component Designator: Old Designator=C? New Designator=C172
Change Component Designator: Old Designator=C? New Designator=C173
Change Component Designator: Old Designator=C? New Designator=C174
Change Component Designator: Old Designator=C? New Designator=C175
Change Component Designator: Old Designator=C? New Designator=C176
Change Component Designator: Old Designator=C? New Designator=C177
Change Component Designator: Old Designator=C? New Designator=C178
Change Component Designator: Old Designator=C? New Designator=C179
Change Component Designator: Old Designator=C? New Designator=C180
Change Component Designator: Old Designator=C? New Designator=C181
Change Component Designator: Old Designator=D? New Designator=D1
Change Component Designator: Old Designator=FB? New Designator=FB10
Change Component Designator: Old Designator=J? New Designator=J18
Change Component Designator: Old Designator=J? New Designator=J19
Change Component Designator: Old Designator=J? New Designator=J20
Change Component Designator: Old Designator=J? New Designator=J21
Change Component Designator: Old Designator=J? New Designator=J22
Change Component Designator: Old Designator=J? New Designator=J23
Change Component Designator: Old Designator=J? New Designator=J24
Change Component Designator: Old Designator=J? New Designator=J25
Change Component Designator: Old Designator=J? New Designator=J26
Change Component Designator: Old Designator=J? New Designator=J27
Change Component Designator: Old Designator=J? New Designator=J28
Change Component Designator: Old Designator=J? New Designator=J29
Change Component Designator: Old Designator=J? New Designator=J30
Change Component Designator: Old Designator=L? New Designator=L2
Change Component Designator: Old Designator=P? New Designator=P13
Change Component Designator: Old Designator=P? New Designator=P14
Change Component Designator: Old Designator=P? New Designator=P15
Change Component Designator: Old Designator=P? New Designator=P16
Change Component Designator: Old Designator=P? New Designator=P17
Change Component Designator: Old Designator=P? New Designator=P18
Change Component Designator: Old Designator=P? New Designator=P19
Change Component Designator: Old Designator=Q? New Designator=Q1
Change Component Designator: Old Designator=Q? New Designator=Q2
Change Component Designator: Old Designator=R? New Designator=R85
Change Component Designator: Old Designator=R? New Designator=R86
Change Component Designator: Old Designator=R? New Designator=R87
Change Component Designator: Old Designator=R? New Designator=R88
Change Component Designator: Old Designator=R? New Designator=R89
Change Component Designator: Old Designator=R? New Designator=R90
Change Component Designator: Old Designator=SW? New Designator=SW6
Change Component Designator: Old Designator=U? New Designator=U6
Change Component Designator: Old Designator=U? New Designator=U7
Change Component Designator: Old Designator=U? New Designator=U10
Change Component Designator: Old Designator=U? New Designator=U15
Change Component Designator: Old Designator=U? New Designator=U17
