Change Component Designator: Old Designator=C? New Designator=C138
Change Component Designator: Old Designator=C? New Designator=C170
Change Component Designator: Old Designator=C? New Designator=C171
Change Component Designator: Old Designator=C? New Designator=C172
Change Component Designator: Old Designator=C? New Designator=C173
Change Component Designator: Old Designator=C? New Designator=C174
Change Component Designator: Old Designator=C? New Designator=C175
Change Component Designator: Old Designator=C? New Designator=C176
Change Component Designator: Old Designator=FB? New Designator=FB10
Change Component Designator: Old Designator=J? New Designator=J2
Change Component Designator: Old Designator=J? New Designator=J7
Change Component Designator: Old Designator=J? New Designator=J8
Change Component Designator: Old Designator=J? New Designator=J9
Change Component Designator: Old Designator=J? New Designator=J10
Change Component Designator: Old Designator=J? New Designator=J11
Change Component Designator: Old Designator=J? New Designator=J12
Change Component Designator: Old Designator=J? New Designator=J13
Change Component Designator: Old Designator=J? New Designator=J14
Change Component Designator: Old Designator=J? New Designator=J15
Change Component Designator: Old Designator=J? New Designator=J16
Change Component Designator: Old Designator=J? New Designator=J17
Change Component Designator: Old Designator=P? New Designator=P8
Change Component Designator: Old Designator=P? New Designator=P9
Change Component Designator: Old Designator=P? New Designator=P10
Change Component Designator: Old Designator=P? New Designator=P11
Change Component Designator: Old Designator=P? New Designator=P12
Change Component Designator: Old Designator=Q? New Designator=Q1
Change Component Designator: Old Designator=Q? New Designator=Q2
Change Component Designator: Old Designator=R? New Designator=R79
Change Component Designator: Old Designator=R? New Designator=R80
Change Component Designator: Old Designator=R? New Designator=R81
Change Component Designator: Old Designator=R? New Designator=R82
Change Component Designator: Old Designator=R? New Designator=R83
Change Component Designator: Old Designator=SW? New Designator=SW6
Change Component Designator: Old Designator=U? New Designator=U4
Change Component Designator: Old Designator=U? New Designator=U10
