Change Component Parameter Comment in C150 Old= New=100pF
Change Component Parameter Comment in C151 Old= New=0.1uF
Change Component Parameter Comment in C154 Old= New=47uF
Change Component Parameter Comment in C155 Old= New=100pF
Change Component Parameter Comment in C156 Old= New=0.1uF
Change Component Parameter Comment in C157 Old= New=100pF
Change Component Parameter Comment in C158 Old= New=0.1uF
Change Component Parameter Comment in C161 Old= New=10uF
Change Component Parameter Comment in C162 Old= New=0.01uF
Change Component Parameter Comment in C163 Old= New=100pF
Change Component Parameter Comment in C164 Old= New=0.1uF
Change Component Parameter Comment in C167 Old= New=0.01uF
Change Component Parameter Comment in C168 Old= New=100pF
Change Component Parameter Comment in C169 Old= New=0.1uF
Change Component Parameter Comment in C170 Old= New=0.1uF
Change Component Parameter Comment in C171 Old= New=0.1uF
Change Component Parameter Comment in C172 Old= New=0.1uF
Change Component Parameter Comment in C173 Old= New=10uF
Change Component Parameter Comment in C174 Old= New=100pF
Change Component Parameter Comment in C175 Old= New=0.1uF
Change Component Parameter Comment in C176 Old= New=10uF
Change Component Parameter Comment in C177 Old= New=0.1uF
Change Component Parameter Comment in C178 Old= New=100pF
Change Component Parameter Comment in C179 Old= New=10uF
Change Component Parameter Comment in C180 Old= New=0.01uF
Change Component Parameter Comment in R87 Old= New=10K
Change Component Parameter Comment in R88 Old= New=1K
Change Component Parameter Comment in R89 Old= New=10K
Change Component Parameter Comment in R90 Old= New=6.49K
Change Component Parameter Comment in R91 Old= New=10K
Change Component Parameter Comment in R92 Old= New=10K
