Change Component Parameter Comment in C116 Old= New=100pF
Change Component Parameter Comment in C117 Old= New=0.01uF
Change Component Parameter Comment in C118 Old= New=0.01uF
Change Component Parameter Comment in C119 Old= New=100pF
Change Component Parameter Comment in C120 Old= New=0.1uF
Change Component Parameter Comment in C121 Old= New=100pF
Change Component Parameter Comment in C122 Old= New=0.1uF
Change Component Parameter Comment in C123 Old= New=10uF
Change Component Parameter Comment in C124 Old= New=100pF
Change Component Parameter Comment in C125 Old= New=0.1uF
Change Component Parameter Comment in C126 Old= New=68pF
Change Component Parameter Comment in C127 Old= New=100pF
Change Component Parameter Comment in C128 Old= New=0.1uF
Change Component Parameter Comment in C129 Old= New=10uF
Change Component Parameter Comment in C130 Old= New=100pF
Change Component Parameter Comment in C131 Old= New=10uF
Change Component Parameter Comment in C133 Old= New=0.01uF
Change Component Parameter Comment in C134 Old= New=0.01uF
Change Component Parameter Comment in C135 Old= New=33pF
Change Component Parameter Comment in C136 Old= New=1nF
Change Component Parameter Comment in C137 Old= New=18pF
Change Component Parameter Comment in C138 Old= New=100pF
Change Component Parameter Comment in C139 Old= New=100pF
Change Component Parameter Comment in C140 Old= New=0.01uF
Change Component Parameter Comment in C141 Old= New=100pF
Change Component Parameter Comment in R76 Old= New=1.2K
Change Component Parameter Comment in R77 Old= New=1.2K
Change Component Parameter Comment in R78 Old= New=750
Change Component Parameter Comment in R79 Old= New=1.2K
Change Component Parameter Comment in R80 Old= New=1.2K
Change Component Parameter Comment in R81 Old= New=1.2K
Change Component Parameter Comment in R82 Old= New=1.2K
Change Component Parameter Comment in R83 Old= New=1.2K
