Change Component Designator: Old Designator=C23 New Designator=C?
Change Component Designator: Old Designator=C24 New Designator=C?
Change Component Designator: Old Designator=C25 New Designator=C?
Change Component Designator: Old Designator=C132 New Designator=C?
Change Component Designator: Old Designator=C134 New Designator=C?
Change Component Designator: Old Designator=C135 New Designator=C?
Change Component Designator: Old Designator=C157 New Designator=C?
Change Component Designator: Old Designator=C158 New Designator=C?
Change Component Designator: Old Designator=C177 New Designator=C?
Change Component Designator: Old Designator=C178 New Designator=C?
Change Component Designator: Old Designator=C179 New Designator=C?
Change Component Designator: Old Designator=C180 New Designator=C?
Change Component Designator: Old Designator=C181 New Designator=C?
Change Component Designator: Old Designator=FB2 New Designator=FB?
Change Component Designator: Old Designator=FB11 New Designator=FB?
Change Component Designator: Old Designator=J3 New Designator=J?
Change Component Designator: Old Designator=J4 New Designator=J?
Change Component Designator: Old Designator=J5 New Designator=J?
Change Component Designator: Old Designator=P13 New Designator=P?
Change Component Designator: Old Designator=P14 New Designator=P?
Change Component Designator: Old Designator=R69 New Designator=R?
Change Component Designator: Old Designator=R70 New Designator=R?
Change Component Designator: Old Designator=U15 New Designator=U?
Change Component Designator: Old Designator=U17 New Designator=U?
Change Component Designator: Old Designator=U18 New Designator=U?
Change Component Designator: Old Designator=U20 New Designator=U?
