Removed Pin From Net: NetName=VCC3.3 Pin=C1-2
Removed Pin From Net: NetName=VCC3.3 Pin=C2-2
Removed Pin From Net: NetName=VCC3.3 Pin=C3-2
Removed Pin From Net: NetName=VCC1.8 Pin=C4-2
Removed Pin From Net: NetName=VCC5 Pin=C5-1
Removed Pin From Net: NetName=DGND Pin=C5-2
Removed Pin From Net: NetName=DGND Pin=C6-1
Removed Pin From Net: NetName=VCC3.3 Pin=C6-2
Removed Pin From Net: NetName=DGND Pin=C7-1
Removed Pin From Net: NetName=VCC3.3 Pin=C7-2
Removed Pin From Net: NetName=VCC3.3 Pin=C8-1
Removed Pin From Net: NetName=DGND Pin=C8-2
Removed Pin From Net: NetName=DGND Pin=C9-1
Removed Pin From Net: NetName=VCC1.8 Pin=C9-2
Removed Pin From Net: NetName=DGND Pin=C10-1
Removed Pin From Net: NetName=VCC1.8 Pin=C10-2
Removed Pin From Net: NetName=VCC5 Pin=C11-1
Removed Pin From Net: NetName=DGND Pin=C11-2
Removed Pin From Net: NetName=VCC1.8 Pin=C12-1
Removed Pin From Net: NetName=DGND Pin=C12-2
Removed Pin From Net: NetName=DGND Pin=C13-1
Removed Pin From Net: NetName=VCC5 Pin=C13-2
Removed Pin From Net: NetName=DGND Pin=C14-1
Removed Pin From Net: NetName=VCC5 Pin=C14-2
Removed Pin From Net: NetName=DGND Pin=C15-1
Removed Pin From Net: NetName=VCC5 Pin=C15-2
Removed Pin From Net: NetName=DGND Pin=C16-1
Removed Pin From Net: NetName=VCC5 Pin=C16-2
Removed Pin From Net: NetName=DGND Pin=C17-1
Removed Pin From Net: NetName=VCC5 Pin=C17-2
Removed Pin From Net: NetName=VCC5 Pin=C18-1
Removed Pin From Net: NetName=DGND Pin=C18-2
Removed Pin From Net: NetName=DGND Pin=C19-1
Removed Pin From Net: NetName=VCC1.5 Pin=C19-2
Removed Pin From Net: NetName=DGND Pin=C20-1
Removed Pin From Net: NetName=VCC1.5 Pin=C20-2
Removed Pin From Net: NetName=VCC1.5 Pin=C21-1
Removed Pin From Net: NetName=DGND Pin=C21-2
Removed Pin From Net: NetName=VCC5 Pin=C22-1
Removed Pin From Net: NetName=DGND Pin=C22-2
Removed Pin From Net: NetName=AGND Pin=C23-1
Removed Pin From Net: NetName=VCC2.85A Pin=C23-2
Removed Pin From Net: NetName=AGND Pin=C24-1
Removed Pin From Net: NetName=VCC2.85A Pin=C24-2
Removed Pin From Net: NetName=VCC2.85A Pin=C25-1
Removed Pin From Net: NetName=AGND Pin=C25-2
Removed Pin From Net: NetName=DGND Pin=C29-1
Removed Pin From Net: NetName=VCC2.85 Pin=C29-2
Removed Pin From Net: NetName=DGND Pin=C30-1
Removed Pin From Net: NetName=VCC2.85 Pin=C30-2
Removed Pin From Net: NetName=VCC5 Pin=C31-1
Removed Pin From Net: NetName=DGND Pin=C31-2
Removed Pin From Net: NetName=VCC2.85 Pin=C32-1
Removed Pin From Net: NetName=DGND Pin=C32-2
Removed Pin From Net: NetName=VCC3.3 Pin=C36-2
Removed Pin From Net: NetName=VCC3.3 Pin=C37-2
Removed Pin From Net: NetName=VCC3.3 Pin=C38-2
Removed Pin From Net: NetName=VCC3.3 Pin=C39-2
Removed Pin From Net: NetName=VCC3.3 Pin=C40-2
Removed Pin From Net: NetName=VCC3.3 Pin=C41-2
Removed Pin From Net: NetName=VCC3.3 Pin=C42-2
Removed Pin From Net: NetName=VCC3.3 Pin=C43-2
Removed Pin From Net: NetName=VCC3.3 Pin=C44-2
Removed Pin From Net: NetName=VCC3.3 Pin=C45-2
Removed Pin From Net: NetName=VCC3.3 Pin=C46-2
Removed Pin From Net: NetName=VCC3.3 Pin=C47-2
Removed Pin From Net: NetName=VCC3.3 Pin=C48-2
Removed Pin From Net: NetName=VCC3.3 Pin=C49-2
Removed Pin From Net: NetName=VCC3.3 Pin=C50-2
Removed Pin From Net: NetName=VCC3.3 Pin=C51-2
Removed Pin From Net: NetName=VCC3.3 Pin=C52-2
Removed Pin From Net: NetName=VCC3.3 Pin=C53-2
Removed Pin From Net: NetName=DGND Pin=C54-1
Removed Pin From Net: NetName=VCC3.3 Pin=C81-1
Removed Pin From Net: NetName=VCC3.3 Pin=C86-2
Removed Pin From Net: NetName=VCC3.3 Pin=C89-2
Removed Pin From Net: NetName=VCC3.3 Pin=C92-2
Removed Pin From Net: NetName=AGND Pin=C96-1
Removed Pin From Net: NetName=AGND Pin=C97-1
Removed Pin From Net: NetName=VCC3.3 Pin=C108-1
Removed Pin From Net: NetName=VCC3.3 Pin=C121-2
Removed Pin From Net: NetName=VCC3.3 Pin=C122-2
Removed Pin From Net: NetName=VCC3.3 Pin=C125-2
Removed Pin From Net: NetName=VCC3.3 Pin=C126-2
Removed Pin From Net: NetName=VCC3.3 Pin=C127-2
Removed Pin From Net: NetName=VCC3.3 Pin=C128-2
Removed Pin From Net: NetName=VCC3.3 Pin=C130-2
Removed Pin From Net: NetName=VCC2.85A Pin=C131-1
Removed Pin From Net: NetName=AGND Pin=C131-2
Removed Pin From Net: NetName=RF_TX_UB Pin=C132-2
Removed Pin From Net: NetName=RF_SW_UB Pin=C134-1
Removed Pin From Net: NetName=RF_RX_UB Pin=C135-2
Removed Pin From Net: NetName=AGND Pin=C138-1
Removed Pin From Net: NetName=R\X\/TX Pin=C138-2
Removed Pin From Net: NetName=TXRF_P Pin=C157-1
Removed Pin From Net: NetName=TXRF_C_P Pin=C157-2
Removed Pin From Net: NetName=TXRF_N Pin=C158-1
Removed Pin From Net: NetName=TXRF_C_N Pin=C158-2
Removed Pin From Net: NetName=VCC2.85 Pin=FB2-1
Removed Pin From Net: NetName=VCC2.85A Pin=FB2-2
Removed Pin From Net: NetName=VCC3.3 Pin=FB4-1
Removed Pin From Net: NetName=VCC3.3 Pin=FB7-2
Removed Pin From Net: NetName=DGND Pin=J1-2
Removed Pin From Net: NetName=DGND Pin=J1-3
Removed Pin From Net: NetName=TD_P Pin=J2-1
Removed Pin From Net: NetName=TD_N Pin=J2-2
Removed Pin From Net: NetName=RD_P Pin=J2-3
Removed Pin From Net: NetName=VCC2.5 Pin=J2-4
Removed Pin From Net: NetName=VCC2.5 Pin=J2-5
Removed Pin From Net: NetName=RD_N Pin=J2-6
Removed Pin From Net: NetName=J_GND Pin=J2-8
Removed Pin From Net: NetName=VCC3.3 Pin=J2-9
Removed Pin From Net: NetName=VCC3.3 Pin=J2-11
Removed Pin From Net: NetName=J_GND Pin=J2-13
Removed Pin From Net: NetName=J_GND Pin=J2-14
Removed Pin From Net: NetName=RF_RX_ALT Pin=J3-1
Removed Pin From Net: NetName=AGND Pin=J3-2
Removed Pin From Net: NetName=AGND Pin=J3-2
Removed Pin From Net: NetName=AGND Pin=J3-2
Removed Pin From Net: NetName=AGND Pin=J3-2
Removed Pin From Net: NetName=RF_TX_ALT Pin=J4-1
Removed Pin From Net: NetName=AGND Pin=J4-2
Removed Pin From Net: NetName=AGND Pin=J4-2
Removed Pin From Net: NetName=AGND Pin=J4-2
Removed Pin From Net: NetName=AGND Pin=J4-2
Removed Pin From Net: NetName=RF_SW_UB Pin=J5-1
Removed Pin From Net: NetName=AGND Pin=J5-2
Removed Pin From Net: NetName=AGND Pin=J5-2
Removed Pin From Net: NetName=AGND Pin=J5-2
Removed Pin From Net: NetName=AGND Pin=J5-2
Removed Pin From Net: NetName=VCC5 Pin=L2-2
Removed Pin From Net: NetName=VCC3.3 Pin=L4-1
Removed Pin From Net: NetName=DGND Pin=P1-1
Removed Pin From Net: NetName=DGND Pin=P1-2
Removed Pin From Net: NetName=RF_C\S\ Pin=P6-2
Removed Pin From Net: NetName=RF_DIN Pin=P7-2
Removed Pin From Net: NetName=RF_SCLK Pin=P8-2
Removed Pin From Net: NetName=VCC5 Pin=R2-1
Removed Pin From Net: NetName=NetD1_1 Pin=R2-2
Removed Pin From Net: NetName=VCC3.3 Pin=R17-2
Removed Pin From Net: NetName=VCC3.3 Pin=R22-2
Removed Pin From Net: NetName=VCC3.3 Pin=R29-1
Removed Pin From Net: NetName=VCC3.3 Pin=R31-2
Removed Pin From Net: NetName=VCC3.3 Pin=R33-2
Removed Pin From Net: NetName=VCC3.3 Pin=R34-2
Removed Pin From Net: NetName=VCC3.3 Pin=R35-2
Removed Pin From Net: NetName=VCC3.3 Pin=R36-2
Removed Pin From Net: NetName=VCC3.3 Pin=R38-2
Removed Pin From Net: NetName=VCC3.3 Pin=R58-1
Removed Pin From Net: NetName=VCC3.3 Pin=R59-1
Removed Pin From Net: NetName=RF_R\X\/TX Pin=R68-1
Removed Pin From Net: NetName=R\X\/TX Pin=R68-2
Removed Pin From Net: NetName=RF_RX_ALT Pin=R69-1
Removed Pin From Net: NetName=RF_RX_UB Pin=R69-2
Removed Pin From Net: NetName=RF_TX_ALT Pin=R70-1
Removed Pin From Net: NetName=RF_TX_UB Pin=R70-2
Removed Pin From Net: NetName=RF_S\H\D\N\ Pin=U1-AA1
Removed Pin From Net: NetName=AGND Pin=U1-AB19
Removed Pin From Net: NetName=VCC3.3 Pin=U1-B5
Removed Pin From Net: NetName=VCC3.3 Pin=U1-B8
Removed Pin From Net: NetName=VCC3.3 Pin=U1-B15
Removed Pin From Net: NetName=VCC3.3 Pin=U1-B18
Removed Pin From Net: NetName=VCC3.3 Pin=U1-C12
Removed Pin From Net: NetName=VCC3.3 Pin=U1-E2
Removed Pin From Net: NetName=DAC_D0 Pin=U1-E3
Removed Pin From Net: NetName=VCC3.3 Pin=U1-E7
Removed Pin From Net: NetName=VCC3.3 Pin=U1-E10
Removed Pin From Net: NetName=VCC3.3 Pin=U1-E13
Removed Pin From Net: NetName=VCC3.3 Pin=U1-E16
Removed Pin From Net: NetName=VCC3.3 Pin=U1-E21
Removed Pin From Net: NetName=VCC3.3 Pin=U1-F5
Removed Pin From Net: NetName=VCCPLLA Pin=U1-F6
Removed Pin From Net: NetName=DGND Pin=U1-F7
Removed Pin From Net: NetName=VCC3.3 Pin=U1-F18
Removed Pin From Net: NetName=VCC3.3 Pin=U1-G9
Removed Pin From Net: NetName=VCC3.3 Pin=U1-G11
Removed Pin From Net: NetName=VCC3.3 Pin=U1-G13
Removed Pin From Net: NetName=VCC3.3 Pin=U1-G15
Removed Pin From Net: NetName=VCC3.3 Pin=U1-H2
Removed Pin From Net: NetName=VCC1.5 Pin=U1-H8
Removed Pin From Net: NetName=VCC1.5 Pin=U1-H10
Removed Pin From Net: NetName=VCC1.5 Pin=U1-H12
Removed Pin From Net: NetName=VCC1.5 Pin=U1-H14
Removed Pin From Net: NetName=VCC3.3 Pin=U1-H16
Removed Pin From Net: NetName=VCC3.3 Pin=U1-H21
Removed Pin From Net: NetName=CLK_50MHZ Pin=U1-H22
Removed Pin From Net: NetName=VCC3.3 Pin=U1-J5
Removed Pin From Net: NetName=VCC3.3 Pin=U1-J7
Removed Pin From Net: NetName=VCC1.5 Pin=U1-J9
Removed Pin From Net: NetName=VCC1.5 Pin=U1-J11
Removed Pin From Net: NetName=VCC1.5 Pin=U1-J13
Removed Pin From Net: NetName=VCC1.5 Pin=U1-J15
Removed Pin From Net: NetName=VCC3.3 Pin=U1-J18
Removed Pin From Net: NetName=VCC1.5 Pin=U1-K8
Removed Pin From Net: NetName=VCC1.5 Pin=U1-K10
Removed Pin From Net: NetName=VCC1.5 Pin=U1-K12
Removed Pin From Net: NetName=VCC1.5 Pin=U1-K14
Removed Pin From Net: NetName=VCC3.3 Pin=U1-K16
Removed Pin From Net: NetName=VCC3.3 Pin=U1-L7
Removed Pin From Net: NetName=VCC1.5 Pin=U1-L9
Removed Pin From Net: NetName=VCC1.5 Pin=U1-L11
Removed Pin From Net: NetName=VCC1.5 Pin=U1-L13
Removed Pin From Net: NetName=VCC1.5 Pin=U1-L15
Removed Pin From Net: NetName=VCC3.3 Pin=U1-L19
Removed Pin From Net: NetName=VCC3.3 Pin=U1-M3
Removed Pin From Net: NetName=VCC1.5 Pin=U1-M8
Removed Pin From Net: NetName=VCC1.5 Pin=U1-M10
Removed Pin From Net: NetName=VCC1.5 Pin=U1-M12
Removed Pin From Net: NetName=VCC1.5 Pin=U1-M14
Removed Pin From Net: NetName=VCC3.3 Pin=U1-M16
Removed Pin From Net: NetName=VCC3.3 Pin=U1-M19
Removed Pin From Net: NetName=VCC3.3 Pin=U1-M21
Removed Pin From Net: NetName=VCC3.3 Pin=U1-N5
Removed Pin From Net: NetName=VCC3.3 Pin=U1-N7
Removed Pin From Net: NetName=VCC1.5 Pin=U1-N9
Removed Pin From Net: NetName=VCC1.5 Pin=U1-N11
Removed Pin From Net: NetName=VCC1.5 Pin=U1-N13
Removed Pin From Net: NetName=VCC1.5 Pin=U1-N15
Removed Pin From Net: NetName=DGND Pin=U1-N16
Removed Pin From Net: NetName=VCC3.3 Pin=U1-N18
Removed Pin From Net: NetName=VCC1.5 Pin=U1-P8
Removed Pin From Net: NetName=VCC1.5 Pin=U1-P10
Removed Pin From Net: NetName=VCC1.5 Pin=U1-P12
Removed Pin From Net: NetName=VCC1.5 Pin=U1-P14
Removed Pin From Net: NetName=VCC3.3 Pin=U1-P16
Removed Pin From Net: NetName=VCC3.3 Pin=U1-R2
Removed Pin From Net: NetName=DAC_PD Pin=U1-R3
Removed Pin From Net: NetName=VCC1.5 Pin=U1-R9
Removed Pin From Net: NetName=VCC1.5 Pin=U1-R11
Removed Pin From Net: NetName=VCC1.5 Pin=U1-R13
Removed Pin From Net: NetName=VCC1.5 Pin=U1-R15
Removed Pin From Net: NetName=VCC3.3 Pin=U1-R21
Removed Pin From Net: NetName=VCC3.3 Pin=U1-T2
Removed Pin From Net: NetName=VCC3.3 Pin=U1-T7
Removed Pin From Net: NetName=VCC3.3 Pin=U1-T16
Removed Pin From Net: NetName=VCC3.3 Pin=U1-T21
Removed Pin From Net: NetName=RF_LD Pin=U1-U2
Removed Pin From Net: NetName=VCC3.3 Pin=U1-U4
Removed Pin From Net: NetName=VCC3.3 Pin=U1-U19
Removed Pin From Net: NetName=DAC_DACEN Pin=U1-V1
Removed Pin From Net: NetName=RF_RXHP Pin=U1-V2
Removed Pin From Net: NetName=RF_R\X\/TX Pin=U1-W1
Removed Pin From Net: NetName=ADC_DFS Pin=U1-Y1
Removed Pin From Net: NetName=VCC3.3 Pin=U1-Y2
Removed Pin From Net: NetName=VCC3.3 Pin=U1-Y5
Removed Pin From Net: NetName=VCC3.3 Pin=U1-Y21
Removed Pin From Net: NetName=VCC1.8 Pin=U2-D6
Removed Pin From Net: NetName=VCC3.3 Pin=U2-E1
Removed Pin From Net: NetName=VCC3.3 Pin=U3-29
Removed Pin From Net: NetName=VCC3.3 Pin=U3-43
Removed Pin From Net: NetName=VCC5 Pin=U4-1
Removed Pin From Net: NetName=VCC3.3 Pin=U4-2
Removed Pin From Net: NetName=DGND Pin=U4-3
Removed Pin From Net: NetName=VCC3.3 Pin=U4-4
Removed Pin From Net: NetName=VCC5 Pin=U5-1
Removed Pin From Net: NetName=DGND Pin=U5-2
Removed Pin From Net: NetName=DGND Pin=U5-3
Removed Pin From Net: NetName=VCC1.8 Pin=U5-5
Removed Pin From Net: NetName=VCC5 Pin=U6-1
Removed Pin From Net: NetName=DGND Pin=U6-2
Removed Pin From Net: NetName=VCC1.5_EN Pin=U6-3
Removed Pin From Net: NetName=VCC1.5 Pin=U6-5
Removed Pin From Net: NetName=VCC5 Pin=U7-3
Removed Pin From Net: NetName=VCC2.85 Pin=U7-5
Removed Pin From Net: NetName=VCC3.3 Pin=U9-8
Removed Pin From Net: NetName=VCC3.3 Pin=U9-15
Removed Pin From Net: NetName=VCC3.3 Pin=U9-28
Removed Pin From Net: NetName=VCC3.3 Pin=U9-33
Removed Pin From Net: NetName=VCC3.3 Pin=U9-46
Removed Pin From Net: NetName=DGND Pin=U10-1
Removed Pin From Net: NetName=ADC_CLK Pin=U10-2
Removed Pin From Net: NetName=DGND Pin=U10-3
Removed Pin From Net: NetName=VCC3.3 Pin=U10-5
Removed Pin From Net: NetName=DAC_DACEN Pin=U12-6
Removed Pin From Net: NetName=DAC_PD Pin=U12-7
Removed Pin From Net: NetName=VCC3.3 Pin=U12-22
Removed Pin From Net: NetName=VCC3.3 Pin=U13-7
Removed Pin From Net: NetName=VCC3.3 Pin=U13-24
Removed Pin From Net: NetName=AGND Pin=U15-2
Removed Pin From Net: NetName=R\X\/TX Pin=U15-4
Removed Pin From Net: NetName=VCC2.85A Pin=U15-6
Removed Pin From Net: NetName=AGND Pin=U16-3
Removed Pin From Net: NetName=AGND Pin=U16-6
Removed Pin From Net: NetName=AGND Pin=U16-8
Removed Pin From Net: NetName=AGND Pin=U16-11
Removed Pin From Net: NetName=RF_S\H\D\N\ Pin=U16-12
Removed Pin From Net: NetName=AGND Pin=U16-14
Removed Pin From Net: NetName=AGND Pin=U16-23
Removed Pin From Net: NetName=AGND Pin=U16-34
Removed Pin From Net: NetName=R\X\/TX Pin=U16-48
Removed Pin From Net: NetName=RF_RX_UB Pin=U17-1
Removed Pin From Net: NetName=AGND Pin=U17-2
Removed Pin From Net: NetName=RXRF_N Pin=U17-3
Removed Pin From Net: NetName=RXRF_P Pin=U17-4
Removed Pin From Net: NetName=AGND Pin=U17-5
Removed Pin From Net: NetName=RF_TX_UB Pin=U18-1
Removed Pin From Net: NetName=TXRF_C_N Pin=U18-3
Removed Pin From Net: NetName=TXRF_C_P Pin=U18-4
Removed Pin From Net: NetName=AGND Pin=U18-5
Removed Pin From Net: NetName=DGND Pin=U20-1
Removed Pin From Net: NetName=VCC1.5_EN Pin=U20-2
Removed Pin From Net: NetName=VCC5 Pin=U20-3
Removed Pin From Net: NetName=VCC3.3 Pin=Y3-4
Removed Pin From Net: NetName=NetC151_1 Pin=Y4-1
Removed Pin From Net: NetName=AGND Pin=Y4-2
Removed Pin From Net: NetName=AGND Pin=Y4-3
Removed Pin From Net: NetName=AGND Pin=Y4-4
Removed Member From Class: ClassName=U_Digital_PWR Member=C47
Removed Member From Class: ClassName=U_Digital_PWR Member=C48
Removed Member From Class: ClassName=U_Digital_PWR Member=C49
Removed Member From Class: ClassName=U_Digital_PWR Member=C50
Removed Member From Class: ClassName=U_Digital_PWR Member=C51
Removed Member From Class: ClassName=U_Digital_PWR Member=C52
Removed Member From Class: ClassName=U_Digital_PWR Member=C53
Removed Member From Class: ClassName=U_Digital_PWR Member=C54
Removed Member From Class: ClassName=U_Digital_PWR Member=C55
Removed Member From Class: ClassName=U_Digital_PWR Member=C56
Removed Member From Class: ClassName=U_Digital_PWR Member=C57
Removed Member From Class: ClassName=U_Digital_PWR Member=C58
Removed Member From Class: ClassName=U_Digital_PWR Member=C59
Removed Member From Class: ClassName=U_Digital_PWR Member=C60
Removed Member From Class: ClassName=U_Digital_PWR Member=C61
Removed Member From Class: ClassName=U_Digital_PWR Member=C62
Removed Member From Class: ClassName=U_Digital_PWR Member=C63
Removed Member From Class: ClassName=U_Digital_PWR Member=C64
Removed Member From Class: ClassName=U_Digital_PWR Member=C65
Removed Member From Class: ClassName=U_Digital_PWR Member=C66
Removed Member From Class: ClassName=U_Digital_PWR Member=C67
Removed Member From Class: ClassName=U_Digital_PWR Member=C68
Removed Member From Class: ClassName=U_Digital_PWR Member=C69
Removed Member From Class: ClassName=U_Digital_PWR Member=C70
Removed Member From Class: ClassName=U_Digital_PWR Member=C71
Removed Member From Class: ClassName=U_Digital_PWR Member=C72
Removed Member From Class: ClassName=U_Analog Member=C96
Removed Member From Class: ClassName=U_Analog Member=C97
Removed Member From Class: ClassName=U_MSS_IO Member=C128
Removed Member From Class: ClassName=U_MSS_IO Member=C129
Removed Member From Class: ClassName=U_MSS_IO Member=C130
Removed Member From Class: ClassName=U_RF Member=C131
Removed Member From Class: ClassName=U_RF Member=C132
Removed Member From Class: ClassName=U_RF Member=C134
Removed Member From Class: ClassName=U_RF Member=C135
Removed Member From Class: ClassName=U_RF Member=C138
Removed Member From Class: ClassName=U_RF Member=C157
Removed Member From Class: ClassName=U_RF Member=C158
Removed Member From Class: ClassName=U_Digital_PWR Member=C167
Removed Member From Class: ClassName=U_Digital_PWR Member=C168
Removed Member From Class: ClassName=U_Digital_PWR Member=C169
Removed Member From Class: ClassName=U_Digital_PWR Member=D1
Removed Member From Class: ClassName=U_Digital_PWR Member=FB4
Removed Member From Class: ClassName=U_MSS_IO Member=FB7
Removed Member From Class: ClassName=U_Digital_PWR Member=J1
Removed Member From Class: ClassName=U_Ethernet Member=J2
Removed Member From Class: ClassName=U_RF Member=J3
Removed Member From Class: ClassName=U_RF Member=J4
Removed Member From Class: ClassName=U_RF Member=J5
Removed Member From Class: ClassName=U_Digital_PWR Member=L2
Removed Member From Class: ClassName=U_Digital_PWR Member=P1
Removed Member From Class: ClassName=U_Digital_PWR Member=P2
Removed Member From Class: ClassName=U_RF Member=P6
Removed Member From Class: ClassName=U_RF Member=P7
Removed Member From Class: ClassName=U_RF Member=P8
Removed Member From Class: ClassName=U_Digital_PWR Member=R2
Removed Member From Class: ClassName=U_MSS_IO Member=R59
Removed Member From Class: ClassName=U_MSS_IO Member=R60
Removed Member From Class: ClassName=U_MSS_IO Member=R61
Removed Member From Class: ClassName=U_MSS_IO Member=R64
Removed Member From Class: ClassName=U_MSS_IO Member=R66
Removed Member From Class: ClassName=U_RF Member=R69
Removed Member From Class: ClassName=U_RF Member=R70
Removed Member From Class: ClassName=U_Digital_PWR Member=U1
Removed Member From Class: ClassName=U_Digital_PWR Member=U5
Removed Member From Class: ClassName=U_Digital_PWR Member=U6
Removed Member From Class: ClassName=U_Digital_PWR Member=U7
Removed Member From Class: ClassName=U_ADC Member=U10
Removed Member From Class: ClassName=U_MSS_IO Member=U14
Removed Member From Class: ClassName=U_RF Member=U15
Removed Member From Class: ClassName=U_RF Member=U17
Removed Member From Class: ClassName=U_RF Member=U18
Removed Member From Class: ClassName=U_Digital_PWR Member=U20
Removed Member From Class: ClassName=U_Analog Member=Y2
Removed Member From Class: ClassName=U_MSS_IO Member=Y3
Removed Member From Class: ClassName=U_RF Member=Y4
Change Component DesignItemId : Designator=C54 Old DesignItemId=Cap Semi New DesignItemId=Cap Pol3
Change Component DesignItemId : Designator=C96 Old DesignItemId=Cap Semi New DesignItemId=Cap Pol3
Change Component DesignItemId : Designator=C97 Old DesignItemId=Cap Semi New DesignItemId=Cap Pol3
Change Component DesignItemId : Designator=C135 Old DesignItemId=Cap Semi New DesignItemId=Cap Pol3
Change Component DesignItemId : Designator=C138 Old DesignItemId=Cap Semi New DesignItemId=Cap Pol3
Change Component DesignItemId : Designator=Y2 Old DesignItemId=CM519 New DesignItemId=CX-2520SB
Change Component DesignItemId : Designator=J2 Old DesignItemId=J00-0065 New DesignItemId=TestPoint
Change Component DesignItemId : Designator=U4 Old DesignItemId=LT1117-3.3 New DesignItemId=F2-200_500-FGG484_1
Change Component DesignItemId : Designator=J1 Old DesignItemId=PJ-102AH New DesignItemId=TestPoint
Change Component DesignItemId : Designator=U7 Old DesignItemId=REG102/103/104 New DesignItemId=TPS789 LDO
Change Component DesignItemId : Designator=U15 Old DesignItemId=RF Switch New DesignItemId=TL7702AIDR
Change Component DesignItemId : Designator=J3 Old DesignItemId=SMA_connector New DesignItemId=TestPoint
Change Component DesignItemId : Designator=J4 Old DesignItemId=SMA_connector New DesignItemId=TestPoint
Change Component DesignItemId : Designator=J5 Old DesignItemId=SMA_connector New DesignItemId=TestPoint
Change Component DesignItemId : Designator=U10 Old DesignItemId=SN74LVC1G125 New DesignItemId=TPS731
Change Component DesignItemId : Designator=U20 Old DesignItemId=TCM809 New DesignItemId=TDK chip Balun
Change Component DesignItemId : Designator=U18 Old DesignItemId=TDK chip Balun New DesignItemId=AS213-92LF
Change Component DesignItemId : Designator=U17 Old DesignItemId=TDK chip Balun New DesignItemId=REG102/103/104
Change Component DesignItemId : Designator=U6 Old DesignItemId=TPS731 New DesignItemId=LT1117-3.3
Change Component DesignItemId : Designator=U5 Old DesignItemId=TPS789 LDO New DesignItemId=ADC081S101
Change Component Footprint: Designator=C96 Old Footprint=0402 New Footprint=C0805
Change Component Footprint: Designator=C97 Old Footprint=0402 New Footprint=C0805
Change Component Footprint: Designator=C135 Old Footprint=0402 New Footprint=C0805
Change Component Footprint: Designator=C138 Old Footprint=0402 New Footprint=C0805
Change Component Footprint: Designator=C54 Old Footprint=C1210 New Footprint=C0805
Change Component Footprint: Designator=Y2 Old Footprint=CM519 New Footprint=CX-2520SB
Change Component Footprint: Designator=U17 Old Footprint=HHM1520A2 New Footprint=SOT23-5
Change Component Footprint: Designator=U18 Old Footprint=HHM1520A2 New Footprint=SOT363-6N
Change Component Footprint: Designator=R3 Old Footprint=J1-0603 New Footprint=0402
Change Component Footprint: Designator=R4 Old Footprint=J1-0603 New Footprint=0402
Change Component Footprint: Designator=J1 Old Footprint=PJ-102AH New Footprint=TestPoint
Change Component Footprint: Designator=J2 Old Footprint=RJ45 New Footprint=TestPoint
Change Component Footprint: Designator=U15 Old Footprint=S06 New Footprint=SOIC127P600X175-8N
Change Component Footprint: Designator=J3 Old Footprint=SMA_SMD New Footprint=TestPoint
Change Component Footprint: Designator=J4 Old Footprint=SMA_SMD New Footprint=TestPoint
Change Component Footprint: Designator=J5 Old Footprint=SMA_SMD New Footprint=TestPoint
Change Component Footprint: Designator=U20 Old Footprint=SOT23-3N New Footprint=HHM1520A2
Change Component Footprint: Designator=U5 Old Footprint=SOT23-5 New Footprint=SOT23-6
Change Component Footprint: Designator=U6 Old Footprint=SOT23-5 New Footprint=SOT223-4L
Change Component Footprint: Designator=U4 Old Footprint=SOT223-4L New Footprint=BGA100P22X22-484N
Change Component Comment : Designator=J3 Old Comment=142-0701-851 New Comment=5004
Change Component Comment : Designator=J4 Old Comment=142-0701-851 New Comment=5004
Change Component Comment : Designator=J5 Old Comment=142-0701-851 New Comment=5004
Change Component Comment : Designator=C54 Old Comment=Cap Semi New Comment=Cap Pol3
Change Component Comment : Designator=C96 Old Comment=Cap Semi New Comment=Cap Pol3
Change Component Comment : Designator=C97 Old Comment=Cap Semi New Comment=Cap Pol3
Change Component Comment : Designator=C135 Old Comment=Cap Semi New Comment=Cap Pol3
Change Component Comment : Designator=C138 Old Comment=Cap Semi New Comment=Cap Pol3
Change Component Comment : Designator=Y2 Old Comment=CM519-32.768KDZF-UT New Comment=CX2520SB40000H0DZF08
Change Component Comment : Designator=U18 Old Comment=HHM1520A2 New Comment=AS213-92LF
Change Component Comment : Designator=U17 Old Comment=HHM1520A2 New Comment=REG102NA-2.85/250
Change Component Comment : Designator=J2 Old Comment=J00-0065 New Comment=5004
Change Component Comment : Designator=U4 Old Comment=LT1117CST-3.3#PBF New Comment=A2F500M3G-FGG484
Change Component Comment : Designator=J1 Old Comment=PJ-102AH New Comment=5004
Change Component Comment : Designator=U7 Old Comment=REG102NA-2.85/250 New Comment=TPS78918DBVR
Change Component Comment : Designator=U10 Old Comment=SN74LVC1G125DBVR New Comment=TPS73115DBVT
Change Component Comment : Designator=U20 Old Comment=TCM809SVNB713 New Comment=HHM1520A2
Change Component Comment : Designator=U6 Old Comment=TPS73115DBVT New Comment=LT1117CST-3.3#PBF
Change Component Comment : Designator=U5 Old Comment=TPS78918DBVR New Comment=ADC081S101
Change Component Comment : Designator=U15 Old Comment=UPG2015TB-A New Comment=TL7702AIDR
Change Component Designator: OldDesignator=C26 NewDesignator=C11
Change Component Designator: OldDesignator=C27 NewDesignator=C12
Change Component Designator: OldDesignator=C28 NewDesignator=C13
Change Component Designator: OldDesignator=C33 NewDesignator=C5
Change Component Designator: OldDesignator=C34 NewDesignator=C6
Change Component Designator: OldDesignator=C35 NewDesignator=C7
Change Component Designator: OldDesignator=C36 NewDesignator=C14
Change Component Designator: OldDesignator=C37 NewDesignator=C15
Change Component Designator: OldDesignator=C38 NewDesignator=C16
Change Component Designator: OldDesignator=C39 NewDesignator=C17
Change Component Designator: OldDesignator=C40 NewDesignator=C18
Change Component Designator: OldDesignator=C41 NewDesignator=C19
Change Component Designator: OldDesignator=C42 NewDesignator=C20
Change Component Designator: OldDesignator=C43 NewDesignator=C21
Change Component Designator: OldDesignator=C44 NewDesignator=C22
Change Component Designator: OldDesignator=C45 NewDesignator=C23
Change Component Designator: OldDesignator=C46 NewDesignator=C24
Change Component Designator: OldDesignator=C47 NewDesignator=C25
Change Component Designator: OldDesignator=C48 NewDesignator=C26
Change Component Designator: OldDesignator=C49 NewDesignator=C27
Change Component Designator: OldDesignator=C50 NewDesignator=C28
Change Component Designator: OldDesignator=C51 NewDesignator=C29
Change Component Designator: OldDesignator=C52 NewDesignator=C30
Change Component Designator: OldDesignator=C53 NewDesignator=C31
Change Component Designator: OldDesignator=C55 NewDesignator=C8
Change Component Designator: OldDesignator=C56 NewDesignator=C9
Change Component Designator: OldDesignator=C57 NewDesignator=C10
Change Component Designator: OldDesignator=C58 NewDesignator=C32
Change Component Designator: OldDesignator=C59 NewDesignator=C33
Change Component Designator: OldDesignator=C60 NewDesignator=C34
Change Component Designator: OldDesignator=C61 NewDesignator=C35
Change Component Designator: OldDesignator=C62 NewDesignator=C36
Change Component Designator: OldDesignator=C63 NewDesignator=C37
Change Component Designator: OldDesignator=C64 NewDesignator=C38
Change Component Designator: OldDesignator=C65 NewDesignator=C39
Change Component Designator: OldDesignator=C66 NewDesignator=C40
Change Component Designator: OldDesignator=C67 NewDesignator=C41
Change Component Designator: OldDesignator=C68 NewDesignator=C42
Change Component Designator: OldDesignator=C69 NewDesignator=C43
Change Component Designator: OldDesignator=C70 NewDesignator=C44
Change Component Designator: OldDesignator=C71 NewDesignator=C45
Change Component Designator: OldDesignator=C72 NewDesignator=C46
Change Component Designator: OldDesignator=FB3 NewDesignator=FB2
Change Component Designator: OldDesignator=FB4 NewDesignator=FB3
Change Component Description : Designator=U10 Old Description=IC BUS BUFF TRI-ST N-INV SOT235 New Description=IC LDO REG 150MA 1.5V SOT23-5
Change Component Description : Designator=U7 Old Description=IC REG LDO 2.85V 250MA SOT23-5 New Description=IC 1.8V 100MA LDO REG SOT-23-5
Added Component: Designator=C47(0402)
Added Component: Designator=C48(0402)
Added Component: Designator=C49(C0805)
Added Component: Designator=C50(0402)
Added Component: Designator=C51(0402)
Added Component: Designator=C52(0402)
Added Component: Designator=C53(0402)
Added Component: Designator=C55(0402)
Added Component: Designator=C56(0402)
Added Component: Designator=C57(C0805)
Added Component: Designator=C58(C0805)
Added Component: Designator=C59(0402)
Added Component: Designator=C60(0402)
Added Component: Designator=C61(C0805)
Added Component: Designator=C62(SMT Al Cap.)
Added Component: Designator=C63(0402)
Added Component: Designator=C64(0402)
Added Component: Designator=C65(C0805)
Added Component: Designator=C66(C0805)
Added Component: Designator=C67(C1210)
Added Component: Designator=C68(0402)
Added Component: Designator=C69(0402)
Added Component: Designator=C70(0402)
Added Component: Designator=C71(0402)
Added Component: Designator=C72(C0805)
Added Component: Designator=C170(0402)
Added Component: Designator=C171(C0805)
Added Component: Designator=C172(0402)
Added Component: Designator=C173(0402)
Added Component: Designator=C174(C0805)
Added Component: Designator=C175(0402)
Added Component: Designator=C176(0402)
Added Component: Designator=C177(0402)
Added Component: Designator=C178(0402)
Added Component: Designator=C179(C0805)
Added Component: Designator=C180(C0805)
Added Component: Designator=C181(0402)
Added Component: Designator=C182(0402)
Added Component: Designator=C183(0402)
Added Component: Designator=C184(C0805)
Added Component: Designator=C185(0402)
Added Component: Designator=C186(0402)
Added Component: Designator=C187(0402)
Added Component: Designator=C188(0402)
Added Component: Designator=C189(C0805)
Added Component: Designator=C190(0402)
Added Component: Designator=C191(0402)
Added Component: Designator=C192(0402)
Added Component: Designator=C193(0402)
Added Component: Designator=C194(0402)
Added Component: Designator=C195(0402)
Added Component: Designator=C196(0402)
Added Component: Designator=FB4(1608[0603])
Added Component: Designator=FB9(1608[0603])
Added Component: Designator=J7(TestPoint)
Added Component: Designator=J8(TestPoint)
Added Component: Designator=J9(TestPoint)
Added Component: Designator=J10(TestPoint)
Added Component: Designator=J11(7499211121A)
Added Component: Designator=J12(TestPoint)
Added Component: Designator=J13(TestPoint)
Added Component: Designator=J14(3002TR)
Added Component: Designator=J15(TestPoint)
Added Component: Designator=J16(TestPoint)
Added Component: Designator=J17(TestPoint)
Added Component: Designator=J18(TestPoint)
Added Component: Designator=J19(PJ-102AH)
Added Component: Designator=J20(TestPoint)
Added Component: Designator=J21(TestPoint)
Added Component: Designator=J22(TestPoint)
Added Component: Designator=J23(TestPoint)
Added Component: Designator=J24(TestPoint)
Added Component: Designator=J25(TestPoint)
Added Component: Designator=J26(TestPoint)
Added Component: Designator=J27(TestPoint)
Added Component: Designator=J28(TestPoint)
Added Component: Designator=J29(TestPoint)
Added Component: Designator=J30(TestPoint)
Added Component: Designator=J31(SMA_SMD)
Added Component: Designator=J32(SMA_SMD)
Added Component: Designator=J33(SMA_SMD)
Added Component: Designator=J34(TestPoint)
Added Component: Designator=M1(AG9205S)
Added Component: Designator=P9(HDR1X2)
Added Component: Designator=P10(HDR1X2)
Added Component: Designator=P11(HDR1X3)
Added Component: Designator=P12(HDR1X3)
Added Component: Designator=P13(HDR1X2)
Added Component: Designator=P14(HDR1X2)
Added Component: Designator=P15(HDR1X3)
Added Component: Designator=P16(HDR1X2)
Added Component: Designator=P17(HDR1X2)
Added Component: Designator=P18(HDR1X2)
Added Component: Designator=P19(HDR1X2)
Added Component: Designator=P20(HDR1X2)
Added Component: Designator=P21(HDR1X2)
Added Component: Designator=Q1(SOT23-3N)
Added Component: Designator=Q2(SOT23-3N)
Added Component: Designator=R79(0402)
Added Component: Designator=R80(0402)
Added Component: Designator=R81(0402)
Added Component: Designator=R82(0402)
Added Component: Designator=R83(0402)
Added Component: Designator=R84(0402)
Added Component: Designator=R85(0402)
Added Component: Designator=R86(0402)
Added Component: Designator=R87(0402)
Added Component: Designator=R88(0402)
Added Component: Designator=R89(0402)
Added Component: Designator=R90(0402)
Added Component: Designator=R91(0402)
Added Component: Designator=R92(0402)
Added Component: Designator=SW6(STS1400PC04)
Added Component: Designator=U21(SOT353-5N)
Added Component: Designator=U22(HHM1520A2)
Added Component: Designator=U23(SOIC127P1030X265-20N)
Added Pin To Net: NetName=AGND Pin=C47-1
Added Pin To Net: NetName=AGND Pin=C48-1
Added Pin To Net: NetName=AGND Pin=C49-2
Added Pin To Net: NetName=DGND Pin=C50-1
Added Pin To Net: NetName=DGND Pin=C51-1
Added Pin To Net: NetName=AGND Pin=C52-1
Added Pin To Net: NetName=AGND Pin=C53-1
Added Pin To Net: NetName=DGND Pin=C54-2
Added Pin To Net: NetName=DGND Pin=C55-1
Added Pin To Net: NetName=DGND Pin=C56-1
Added Pin To Net: NetName=DGND Pin=C57-2
Added Pin To Net: NetName=AGND Pin=C58-2
Added Pin To Net: NetName=DGND Pin=C59-1
Added Pin To Net: NetName=DGND Pin=C60-1
Added Pin To Net: NetName=DGND Pin=C61-2
Added Pin To Net: NetName=DGND Pin=C62--
Added Pin To Net: NetName=DGND Pin=C63-1
Added Pin To Net: NetName=VCC3.3 Pin=C63-2
Added Pin To Net: NetName=DGND Pin=C64-1
Added Pin To Net: NetName=VCC3.3 Pin=C64-2
Added Pin To Net: NetName=VCC3.3 Pin=C65-1
Added Pin To Net: NetName=DGND Pin=C65-2
Added Pin To Net: NetName=VCC5 Pin=C66-1
Added Pin To Net: NetName=DGND Pin=C66-2
Added Pin To Net: NetName=DGND Pin=C67-1
Added Pin To Net: NetName=DGND Pin=C68-1
Added Pin To Net: NetName=VCC1.8 Pin=C68-2
Added Pin To Net: NetName=DGND Pin=C69-1
Added Pin To Net: NetName=VCC1.8 Pin=C69-2
Added Pin To Net: NetName=DGND Pin=C70-1
Added Pin To Net: NetName=DGND Pin=C71-1
Added Pin To Net: NetName=VCC5 Pin=C72-1
Added Pin To Net: NetName=DGND Pin=C72-2
Added Pin To Net: NetName=VCC1.8 Pin=C96-1
Added Pin To Net: NetName=DGND Pin=C96-2
Added Pin To Net: NetName=DGND Pin=C97-2
Added Pin To Net: NetName=DGND Pin=C131-1
Added Pin To Net: NetName=DGND Pin=C132-1
Added Pin To Net: NetName=DGND Pin=C134-1
Added Pin To Net: NetName=VCC5 Pin=C135-1
Added Pin To Net: NetName=DGND Pin=C135-2
Added Pin To Net: NetName=DGND Pin=C138-2
Added Pin To Net: NetName=DGND Pin=C157-1
Added Pin To Net: NetName=DGND Pin=C158-1
Added Pin To Net: NetName=VCC5 Pin=C158-2
Added Pin To Net: NetName=VCC5 Pin=C167-2
Added Pin To Net: NetName=VCC5 Pin=C168-2
Added Pin To Net: NetName=VCC5 Pin=C169-2
Added Pin To Net: NetName=DGND Pin=C170-1
Added Pin To Net: NetName=VCC5 Pin=C170-2
Added Pin To Net: NetName=VCC5 Pin=C171-1
Added Pin To Net: NetName=DGND Pin=C171-2
Added Pin To Net: NetName=DGND Pin=C172-1
Added Pin To Net: NetName=DGND Pin=C173-1
Added Pin To Net: NetName=DGND Pin=C174-2
Added Pin To Net: NetName=DGND Pin=C175-1
Added Pin To Net: NetName=DGND Pin=C176-1
Added Pin To Net: NetName=DGND Pin=C177-1
Added Pin To Net: NetName=VCC2.85 Pin=C177-2
Added Pin To Net: NetName=DGND Pin=C178-1
Added Pin To Net: NetName=VCC2.85 Pin=C178-2
Added Pin To Net: NetName=VCC5 Pin=C179-1
Added Pin To Net: NetName=DGND Pin=C179-2
Added Pin To Net: NetName=VCC2.85 Pin=C180-1
Added Pin To Net: NetName=DGND Pin=C180-2
Added Pin To Net: NetName=DGND Pin=C181-1
Added Pin To Net: NetName=AGND Pin=C182-1
Added Pin To Net: NetName=VCC2.85A Pin=C182-2
Added Pin To Net: NetName=AGND Pin=C183-1
Added Pin To Net: NetName=VCC2.85A Pin=C183-2
Added Pin To Net: NetName=VCC2.85A Pin=C184-1
Added Pin To Net: NetName=AGND Pin=C184-2
Added Pin To Net: NetName=DGND Pin=C185-1
Added Pin To Net: NetName=DGND Pin=C186-1
Added Pin To Net: NetName=AGND Pin=C187-1
Added Pin To Net: NetName=AGND Pin=C188-1
Added Pin To Net: NetName=AGND Pin=C189-2
Added Pin To Net: NetName=RF_TX_UB Pin=C190-2
Added Pin To Net: NetName=RF_SW_UB Pin=C191-1
Added Pin To Net: NetName=RF_RX_UB Pin=C192-2
Added Pin To Net: NetName=TXRF_P Pin=C193-1
Added Pin To Net: NetName=TXRF_C_P Pin=C193-2
Added Pin To Net: NetName=TXRF_N Pin=C194-1
Added Pin To Net: NetName=TXRF_C_N Pin=C194-2
Added Pin To Net: NetName=DGND Pin=C195-1
Added Pin To Net: NetName=DGND Pin=C196-1
Added Pin To Net: NetName=ADC_RX_I_P Pin=J1-1
Added Pin To Net: NetName=ADC_RX_I_N Pin=J2-1
Added Pin To Net: NetName=ADC_RX_Q_N Pin=J3-1
Added Pin To Net: NetName=ADC_RX_Q_P Pin=J4-1
Added Pin To Net: NetName=NRESET Pin=J5-1
Added Pin To Net: NetName=RF_TX_I_P Pin=J7-1
Added Pin To Net: NetName=RF_TX_I_N Pin=J8-1
Added Pin To Net: NetName=RF_TX_Q_P Pin=J9-1
Added Pin To Net: NetName=RF_TX_Q_N Pin=J10-1
Added Pin To Net: NetName=RD_P Pin=J11-1
Added Pin To Net: NetName=RD_N Pin=J11-2
Added Pin To Net: NetName=VCC2.5 Pin=J11-3
Added Pin To Net: NetName=VCC2.5 Pin=J11-4
Added Pin To Net: NetName=TD_P Pin=J11-5
Added Pin To Net: NetName=TD_N Pin=J11-6
Added Pin To Net: NetName=J_GND Pin=J11-15
Added Pin To Net: NetName=J_GND Pin=J11-16
Added Pin To Net: NetName=VCC2.5 Pin=J12-1
Added Pin To Net: NetName=AGND Pin=J14-neg
Added Pin To Net: NetName=RSSI Pin=J15-1
Added Pin To Net: NetName=CLKOUT Pin=J16-1
Added Pin To Net: NetName=RF_LD Pin=J17-1
Added Pin To Net: NetName=VCC3.3 Pin=J18-1
Added Pin To Net: NetName=DGND Pin=J19-2
Added Pin To Net: NetName=DGND Pin=J19-3
Added Pin To Net: NetName=VCC1.8 Pin=J20-1
Added Pin To Net: NetName=VCC5 Pin=J21-1
Added Pin To Net: NetName=VCC1.5_EN Pin=J22-1
Added Pin To Net: NetName=VCC1.5 Pin=J23-1
Added Pin To Net: NetName=DGND Pin=J24-1
Added Pin To Net: NetName=DGND Pin=J25-1
Added Pin To Net: NetName=DGND Pin=J26-1
Added Pin To Net: NetName=DGND Pin=J27-1
Added Pin To Net: NetName=DGND Pin=J28-1
Added Pin To Net: NetName=DGND Pin=J29-1
Added Pin To Net: NetName=VCC2.85 Pin=J30-1
Added Pin To Net: NetName=RF_RX_ALT Pin=J31-1
Added Pin To Net: NetName=AGND Pin=J31-2
Added Pin To Net: NetName=AGND Pin=J31-2
Added Pin To Net: NetName=AGND Pin=J31-2
Added Pin To Net: NetName=AGND Pin=J31-2
Added Pin To Net: NetName=RF_TX_ALT Pin=J32-1
Added Pin To Net: NetName=AGND Pin=J32-2
Added Pin To Net: NetName=AGND Pin=J32-2
Added Pin To Net: NetName=AGND Pin=J32-2
Added Pin To Net: NetName=AGND Pin=J32-2
Added Pin To Net: NetName=RF_SW_UB Pin=J33-1
Added Pin To Net: NetName=AGND Pin=J33-2
Added Pin To Net: NetName=AGND Pin=J33-2
Added Pin To Net: NetName=AGND Pin=J33-2
Added Pin To Net: NetName=AGND Pin=J33-2
Added Pin To Net: NetName=DGND Pin=M1-7
Added Pin To Net: NetName=VCC1.8 Pin=P1-2
Added Pin To Net: NetName=VCC3.3 Pin=P2-2
Added Pin To Net: NetName=VCC3.3 Pin=P6-2
Added Pin To Net: NetName=VCC3.3 Pin=P7-1
Added Pin To Net: NetName=VCC3.3 Pin=P8-1
Added Pin To Net: NetName=VCC3.3 Pin=P9-1
Added Pin To Net: NetName=VCC3.3 Pin=P10-1
Added Pin To Net: NetName=RF_DIN Pin=P12-1
Added Pin To Net: NetName=RF_SCLK Pin=P12-2
Added Pin To Net: NetName=RF_C\S\ Pin=P12-3
Added Pin To Net: NetName=VCC1.5 Pin=P15-2
Added Pin To Net: NetName=DGND Pin=P16-1
Added Pin To Net: NetName=DGND Pin=P16-2
Added Pin To Net: NetName=DGND Pin=P17-1
Added Pin To Net: NetName=DGND Pin=P17-2
Added Pin To Net: NetName=DGND Pin=P18-1
Added Pin To Net: NetName=DGND Pin=P18-2
Added Pin To Net: NetName=DGND Pin=P19-1
Added Pin To Net: NetName=DGND Pin=P19-2
Added Pin To Net: NetName=VCC2.85 Pin=P20-1
Added Pin To Net: NetName=VCC3.3 Pin=P21-1
Added Pin To Net: NetName=DGND Pin=Q1-2
Added Pin To Net: NetName=RF_RXHP Pin=R68-2
Added Pin To Net: NetName=ADC_DFS Pin=R69-2
Added Pin To Net: NetName=DAC_DACEN Pin=R70-1
Added Pin To Net: NetName=RF_C\S\ Pin=R73-2
Added Pin To Net: NetName=RF_SCLK Pin=R74-2
Added Pin To Net: NetName=RF_DIN Pin=R75-2
Added Pin To Net: NetName=DAC_PD Pin=R79-1
Added Pin To Net: NetName=DGND Pin=R81-2
Added Pin To Net: NetName=RF_R\X\/TX Pin=R83-1
Added Pin To Net: NetName=RF_S\H\D\N\ Pin=R84-1
Added Pin To Net: NetName=VCC3.3 Pin=R85-2
Added Pin To Net: NetName=VCC5 Pin=R86-1
Added Pin To Net: NetName=NetD1_1 Pin=R86-2
Added Pin To Net: NetName=VCC1.5_EN Pin=R87-2
Added Pin To Net: NetName=DGND Pin=R88-2
Added Pin To Net: NetName=DGND Pin=R89-1
Added Pin To Net: NetName=VCC5 Pin=R90-1
Added Pin To Net: NetName=VCC1.5_EN Pin=R90-2
Added Pin To Net: NetName=RF_RX_ALT Pin=R91-1
Added Pin To Net: NetName=RF_RX_UB Pin=R91-2
Added Pin To Net: NetName=RF_TX_ALT Pin=R92-1
Added Pin To Net: NetName=RF_TX_UB Pin=R92-2
Added Pin To Net: NetName=VCC5 Pin=SW6-3
Added Pin To Net: NetName=DAC_D0 Pin=U1-E1
Added Pin To Net: NetName=CLK_50MHZ Pin=U1-E3
Added Pin To Net: NetName=DAC_DACEN Pin=U1-F1
Added Pin To Net: NetName=DAC_PD Pin=U1-G2
Added Pin To Net: NetName=RF_R\X\/TX Pin=U1-L18
Added Pin To Net: NetName=RF_S\H\D\N\ Pin=U1-M18
Added Pin To Net: NetName=VCCPLLA Pin=U4-F6
Added Pin To Net: NetName=DGND Pin=U4-F7
Added Pin To Net: NetName=VCC1.5 Pin=U4-H8
Added Pin To Net: NetName=VCC1.5 Pin=U4-H10
Added Pin To Net: NetName=VCC1.5 Pin=U4-H12
Added Pin To Net: NetName=VCC1.5 Pin=U4-H14
Added Pin To Net: NetName=VCC1.5 Pin=U4-J9
Added Pin To Net: NetName=VCC1.5 Pin=U4-J11
Added Pin To Net: NetName=VCC1.5 Pin=U4-J13
Added Pin To Net: NetName=VCC1.5 Pin=U4-J15
Added Pin To Net: NetName=VCC1.5 Pin=U4-K8
Added Pin To Net: NetName=VCC1.5 Pin=U4-K10
Added Pin To Net: NetName=VCC1.5 Pin=U4-K12
Added Pin To Net: NetName=VCC1.5 Pin=U4-K14
Added Pin To Net: NetName=VCC1.5 Pin=U4-L9
Added Pin To Net: NetName=VCC1.5 Pin=U4-L11
Added Pin To Net: NetName=VCC1.5 Pin=U4-L13
Added Pin To Net: NetName=VCC1.5 Pin=U4-L15
Added Pin To Net: NetName=VCC1.5 Pin=U4-M8
Added Pin To Net: NetName=VCC1.5 Pin=U4-M10
Added Pin To Net: NetName=VCC1.5 Pin=U4-M12
Added Pin To Net: NetName=VCC1.5 Pin=U4-M14
Added Pin To Net: NetName=VCC1.5 Pin=U4-N9
Added Pin To Net: NetName=VCC1.5 Pin=U4-N11
Added Pin To Net: NetName=VCC1.5 Pin=U4-N13
Added Pin To Net: NetName=VCC1.5 Pin=U4-N15
Added Pin To Net: NetName=VCC1.5 Pin=U4-P8
Added Pin To Net: NetName=VCC1.5 Pin=U4-P10
Added Pin To Net: NetName=VCC1.5 Pin=U4-P12
Added Pin To Net: NetName=VCC1.5 Pin=U4-P14
Added Pin To Net: NetName=VCC1.5 Pin=U4-R9
Added Pin To Net: NetName=VCC1.5 Pin=U4-R11
Added Pin To Net: NetName=VCC1.5 Pin=U4-R13
Added Pin To Net: NetName=VCC1.5 Pin=U4-R15
Added Pin To Net: NetName=AGND Pin=U5-2
Added Pin To Net: NetName=RSSI Pin=U5-3
Added Pin To Net: NetName=DGND Pin=U6-1
Added Pin To Net: NetName=VCC3.3 Pin=U6-2
Added Pin To Net: NetName=VCC5 Pin=U6-3
Added Pin To Net: NetName=VCC3.3 Pin=U6-4
Added Pin To Net: NetName=DGND Pin=U7-3
Added Pin To Net: NetName=VCC1.8 Pin=U7-5
Added Pin To Net: NetName=ADC_CLK Pin=U9-14
Added Pin To Net: NetName=ADC_CLK Pin=U9-47
Added Pin To Net: NetName=VCC5 Pin=U10-1
Added Pin To Net: NetName=DGND Pin=U10-2
Added Pin To Net: NetName=VCC1.5_EN Pin=U10-3
Added Pin To Net: NetName=VCC5 Pin=U15-2
Added Pin To Net: NetName=DGND Pin=U15-4
Added Pin To Net: NetName=VCC1.5_EN Pin=U15-5
Added Pin To Net: NetName=VCC5 Pin=U15-7
Added Pin To Net: NetName=VCC5 Pin=U15-8
Added Pin To Net: NetName=VCC5 Pin=U17-1
Added Pin To Net: NetName=DGND Pin=U17-2
Added Pin To Net: NetName=VCC5 Pin=U17-3
Added Pin To Net: NetName=VCC2.85 Pin=U17-5
Added Pin To Net: NetName=R\X\/TX Pin=U18-4
Added Pin To Net: NetName=RF_R\X\/TX Pin=U18-6
Added Pin To Net: NetName=RF_RX_UB Pin=U20-1
Added Pin To Net: NetName=AGND Pin=U20-2
Added Pin To Net: NetName=RXRF_N Pin=U20-3
Added Pin To Net: NetName=RXRF_P Pin=U20-4
Added Pin To Net: NetName=AGND Pin=U20-5
Added Pin To Net: NetName=RF_R\X\/TX Pin=U21-2
Added Pin To Net: NetName=DGND Pin=U21-3
Added Pin To Net: NetName=R\X\/TX Pin=U21-4
Added Pin To Net: NetName=RF_TX_UB Pin=U22-1
Added Pin To Net: NetName=AGND Pin=U22-2
Added Pin To Net: NetName=TXRF_C_N Pin=U22-3
Added Pin To Net: NetName=TXRF_C_P Pin=U22-4
Added Pin To Net: NetName=AGND Pin=U22-5
Added Pin To Net: NetName=DGND Pin=U23-5
Added Pin To Net: NetName=DGND Pin=U23-8
Added Pin To Net: NetName=DGND Pin=U23-15
Added Pin To Net: NetName=NRESET Pin=U23-16
Added Pin To Net: NetName=VCC3.3 Pin=U23-20
Added Pin To Net: NetName=NetC151_1 Pin=Y2-1
Added Pin To Net: NetName=AGND Pin=Y2-2
Added Pin To Net: NetName=AGND Pin=Y2-3
Added Pin To Net: NetName=AGND Pin=Y2-4
Change Net Name : Old Net Name=R\X\/TX New Net Name=RF_RX/T\X\
Change Net Name : Old Net Name=VCC1.5 New Net Name=VCC1.5_SF
Change Net Name : Old Net Name=VCC1.5A New Net Name=VCC1.5A_SF
Change Net Name : Old Net Name=VCC2.85A New Net Name=VCC2.85A_RF
Added Pin To Net: NetName=ADC_S1 Pin=R2-1
Added Pin To Net: NetName=ADC_S1 Pin=U1-D18
Added Net: Name=ADC_S1
Added Pin To Net: NetName=B1 Pin=U1-D7
Added Pin To Net: NetName=B1 Pin=U16-23
Added Net: Name=B1
Added Pin To Net: NetName=B2 Pin=U1-E8
Added Pin To Net: NetName=B2 Pin=U16-11
Added Net: Name=B2
Added Pin To Net: NetName=B3 Pin=U1-C4
Added Pin To Net: NetName=B3 Pin=U16-8
Added Net: Name=B3
Added Pin To Net: NetName=B4 Pin=U1-C5
Added Pin To Net: NetName=B4 Pin=U16-34
Added Net: Name=B4
Added Pin To Net: NetName=B5 Pin=U1-D8
Added Pin To Net: NetName=B5 Pin=U16-14
Added Net: Name=B5
Added Pin To Net: NetName=B6 Pin=U1-C7
Added Pin To Net: NetName=B6 Pin=U16-3
Added Net: Name=B6
Added Pin To Net: NetName=B7 Pin=U1-C8
Added Pin To Net: NetName=B7 Pin=U16-6
Added Net: Name=B7
Added Pin To Net: NetName=BBS Pin=C196-2
Added Pin To Net: NetName=BBS Pin=U23-18
Added Net: Name=BBS
Added Pin To Net: NetName=ETH_POE Pin=C62-+
Added Pin To Net: NetName=ETH_POE Pin=J13-1
Added Pin To Net: NetName=ETH_POE Pin=M1-8
Added Pin To Net: NetName=ETH_POE Pin=R80-2
Added Pin To Net: NetName=ETH_POE Pin=SW6-5
Added Net: Name=ETH_POE
Added Pin To Net: NetName=NetC67_2 Pin=C67-2
Added Pin To Net: NetName=NetC67_2 Pin=J19-1
Added Pin To Net: NetName=NetC67_2 Pin=L2-1
Added Net: Name=NetC67_2
Added Pin To Net: NetName=NetC131_2 Pin=C131-2
Added Pin To Net: NetName=NetC131_2 Pin=U7-4
Added Net: Name=NetC131_2
Added Pin To Net: NetName=NetC157_2 Pin=C157-2
Added Pin To Net: NetName=NetC157_2 Pin=U10-4
Added Net: Name=NetC157_2
Added Pin To Net: NetName=NetC175_2 Pin=C175-2
Added Pin To Net: NetName=NetC175_2 Pin=U15-1
Added Net: Name=NetC175_2
Added Pin To Net: NetName=NetC176_2 Pin=C176-2
Added Pin To Net: NetName=NetC176_2 Pin=U15-3
Added Net: Name=NetC176_2
Added Pin To Net: NetName=NetC181_2 Pin=C181-2
Added Pin To Net: NetName=NetC181_2 Pin=U17-4
Added Net: Name=NetC181_2
Added Pin To Net: NetName=NetC190_1 Pin=C190-1
Added Pin To Net: NetName=NetC190_1 Pin=U18-1
Added Net: Name=NetC190_1
Added Pin To Net: NetName=NetC191_2 Pin=C191-2
Added Pin To Net: NetName=NetC191_2 Pin=U18-5
Added Net: Name=NetC191_2
Added Pin To Net: NetName=NetC192_1 Pin=C192-1
Added Pin To Net: NetName=NetC192_1 Pin=U18-3
Added Net: Name=NetC192_1
Added Pin To Net: NetName=NetFB11_1 Pin=P20-2
Added Net: Name=NetFB11_1
Added Pin To Net: NetName=NetJ11_12 Pin=J11-12
Added Pin To Net: NetName=NetJ11_12 Pin=R37-2
Added Net: Name=NetJ11_12
Added Pin To Net: NetName=NetJ11_14 Pin=J11-14
Added Pin To Net: NetName=NetJ11_14 Pin=R40-2
Added Net: Name=NetJ11_14
Added Pin To Net: NetName=NetM1_5 Pin=M1-5
Added Pin To Net: NetName=NetM1_5 Pin=R82-1
Added Net: Name=NetM1_5
Added Pin To Net: NetName=NetM1_6 Pin=M1-6
Added Pin To Net: NetName=NetM1_6 Pin=R82-2
Added Net: Name=NetM1_6
Added Pin To Net: NetName=NetM1_9 Pin=M1-9
Added Pin To Net: NetName=NetM1_9 Pin=R80-1
Added Pin To Net: NetName=NetM1_9 Pin=R81-1
Added Net: Name=NetM1_9
Added Pin To Net: NetName=NetP13_1 Pin=P13-1
Added Pin To Net: NetName=NetP13_1 Pin=P13-2
Added Pin To Net: NetName=NetP13_1 Pin=SW6-4
Added Net: Name=NetP13_1
Added Pin To Net: NetName=NetP14_2 Pin=P14-2
Added Pin To Net: NetName=NetP14_2 Pin=Q1-3
Added Pin To Net: NetName=NetP14_2 Pin=R85-1
Added Net: Name=NetP14_2
Added Pin To Net: NetName=NetQ1_1 Pin=Q1-1
Added Pin To Net: NetName=NetQ1_1 Pin=R87-1
Added Pin To Net: NetName=NetQ1_1 Pin=R88-1
Added Net: Name=NetQ1_1
Added Pin To Net: NetName=NetQ2_1 Pin=Q2-1
Added Pin To Net: NetName=NetQ2_1 Pin=U1-AB20
Added Net: Name=NetQ2_1
Added Pin To Net: NetName=NetR2_2 Pin=R2-2
Added Pin To Net: NetName=NetR2_2 Pin=U9-8
Added Net: Name=NetR2_2
Added Pin To Net: NetName=NetR70_2 Pin=R70-2
Added Pin To Net: NetName=NetR70_2 Pin=U12-6
Added Net: Name=NetR70_2
Added Pin To Net: NetName=NetR79_2 Pin=R79-2
Added Pin To Net: NetName=NetR79_2 Pin=U12-7
Added Net: Name=NetR79_2
Added Pin To Net: NetName=NetR83_2 Pin=R83-2
Added Pin To Net: NetName=NetR83_2 Pin=U16-48
Added Net: Name=NetR83_2
Added Pin To Net: NetName=NetR84_2 Pin=R84-2
Added Pin To Net: NetName=NetR84_2 Pin=U16-12
Added Net: Name=NetR84_2
Added Pin To Net: NetName=NetR89_2 Pin=R89-2
Added Pin To Net: NetName=NetR89_2 Pin=U15-6
Added Net: Name=NetR89_2
Added Pin To Net: NetName=PU_N Pin=P14-1
Added Pin To Net: NetName=PU_N Pin=U1-W17
Added Net: Name=PU_N
Added Pin To Net: NetName=RSSI_C\S\ Pin=P11-1
Added Pin To Net: NetName=RSSI_C\S\ Pin=U1-H17
Added Pin To Net: NetName=RSSI_C\S\ Pin=U5-6
Added Net: Name=RSSI_C\S\
Added Pin To Net: NetName=RSSI_SCLK Pin=P11-3
Added Pin To Net: NetName=RSSI_SCLK Pin=U1-H18
Added Pin To Net: NetName=RSSI_SCLK Pin=U5-4
Added Net: Name=RSSI_SCLK
Added Pin To Net: NetName=RSSI_SDATA Pin=P11-2
Added Pin To Net: NetName=RSSI_SDATA Pin=U1-H22
Added Pin To Net: NetName=RSSI_SDATA Pin=U5-5
Added Net: Name=RSSI_SDATA
Added Pin To Net: NetName=RTC_CLKOUT Pin=J34-1
Added Pin To Net: NetName=RTC_CLKOUT Pin=U1-AA18
Added Pin To Net: NetName=RTC_CLKOUT Pin=U23-7
Added Net: Name=RTC_CLKOUT
Added Pin To Net: NetName=RTC_INT Pin=U1-B7
Added Pin To Net: NetName=RTC_INT Pin=U23-17
Added Net: Name=RTC_INT
Added Pin To Net: NetName=RTC_SCL Pin=U1-AA22
Added Pin To Net: NetName=RTC_SCL Pin=U23-1
Added Net: Name=RTC_SCL
Added Pin To Net: NetName=RTC_SDA Pin=U1-W21
Added Pin To Net: NetName=RTC_SDA Pin=U23-4
Added Net: Name=RTC_SDA
Added Pin To Net: NetName=RTC_SDI Pin=U1-T17
Added Pin To Net: NetName=RTC_SDI Pin=U23-2
Added Net: Name=RTC_SDI
Added Pin To Net: NetName=RTC_SDO Pin=U1-V19
Added Pin To Net: NetName=RTC_SDO Pin=U23-3
Added Net: Name=RTC_SDO
Added Pin To Net: NetName=VBAT Pin=C195-2
Added Pin To Net: NetName=VBAT Pin=J14-pos
Added Pin To Net: NetName=VBAT Pin=J14-pos
Added Pin To Net: NetName=VBAT Pin=U1-AB19
Added Pin To Net: NetName=VBAT Pin=U23-19
Added Net: Name=VBAT
Added Pin To Net: NetName=VCC1.5_EXT Pin=C132-2
Added Pin To Net: NetName=VCC1.5_EXT Pin=C134-2
Added Pin To Net: NetName=VCC1.5_EXT Pin=C138-1
Added Pin To Net: NetName=VCC1.5_EXT Pin=P15-3
Added Pin To Net: NetName=VCC1.5_EXT Pin=U10-5
Added Net: Name=VCC1.5_EXT
Added Pin To Net: NetName=VCC1.5_INT Pin=C172-2
Added Pin To Net: NetName=VCC1.5_INT Pin=C173-2
Added Pin To Net: NetName=VCC1.5_INT Pin=C174-1
Added Pin To Net: NetName=VCC1.5_INT Pin=P15-1
Added Pin To Net: NetName=VCC1.5_INT Pin=Q2-2
Added Pin To Net: NetName=VCC1.5_INT Pin=U1-Y18
Added Net: Name=VCC1.5_INT
Added Pin To Net: NetName=VCC1.8_SRAM Pin=C4-2
Added Pin To Net: NetName=VCC1.8_SRAM Pin=P1-1
Added Pin To Net: NetName=VCC1.8_SRAM Pin=U2-D6
Added Net: Name=VCC1.8_SRAM
Added Pin To Net: NetName=VCC3.3_ADC Pin=C55-2
Added Pin To Net: NetName=VCC3.3_ADC Pin=C56-2
Added Pin To Net: NetName=VCC3.3_ADC Pin=C57-1
Added Pin To Net: NetName=VCC3.3_ADC Pin=C81-1
Added Pin To Net: NetName=VCC3.3_ADC Pin=C86-2
Added Pin To Net: NetName=VCC3.3_ADC Pin=C89-2
Added Pin To Net: NetName=VCC3.3_ADC Pin=C92-2
Added Pin To Net: NetName=VCC3.3_ADC Pin=FB4-1
Added Pin To Net: NetName=VCC3.3_ADC Pin=P8-2
Added Pin To Net: NetName=VCC3.3_ADC Pin=R69-1
Added Pin To Net: NetName=VCC3.3_ADC Pin=U9-15
Added Pin To Net: NetName=VCC3.3_ADC Pin=U9-28
Added Pin To Net: NetName=VCC3.3_ADC Pin=U9-33
Added Pin To Net: NetName=VCC3.3_ADC Pin=U9-46
Added Net: Name=VCC3.3_ADC
Added Pin To Net: NetName=VCC3.3_DAC Pin=C50-2
Added Pin To Net: NetName=VCC3.3_DAC Pin=C51-2
Added Pin To Net: NetName=VCC3.3_DAC Pin=C54-1
Added Pin To Net: NetName=VCC3.3_DAC Pin=C108-1
Added Pin To Net: NetName=VCC3.3_DAC Pin=FB9-1
Added Pin To Net: NetName=VCC3.3_DAC Pin=P9-2
Added Pin To Net: NetName=VCC3.3_DAC Pin=U12-22
Added Net: Name=VCC3.3_DAC
Added Pin To Net: NetName=VCC3.3_ETH Pin=C59-2
Added Pin To Net: NetName=VCC3.3_ETH Pin=C60-2
Added Pin To Net: NetName=VCC3.3_ETH Pin=C61-1
Added Pin To Net: NetName=VCC3.3_ETH Pin=C121-2
Added Pin To Net: NetName=VCC3.3_ETH Pin=C122-2
Added Pin To Net: NetName=VCC3.3_ETH Pin=C128-2
Added Pin To Net: NetName=VCC3.3_ETH Pin=C130-2
Added Pin To Net: NetName=VCC3.3_ETH Pin=FB7-2
Added Pin To Net: NetName=VCC3.3_ETH Pin=J11-11
Added Pin To Net: NetName=VCC3.3_ETH Pin=J11-13
Added Pin To Net: NetName=VCC3.3_ETH Pin=P10-2
Added Pin To Net: NetName=VCC3.3_ETH Pin=R17-2
Added Pin To Net: NetName=VCC3.3_ETH Pin=R22-2
Added Pin To Net: NetName=VCC3.3_ETH Pin=R29-1
Added Pin To Net: NetName=VCC3.3_ETH Pin=R31-2
Added Pin To Net: NetName=VCC3.3_ETH Pin=R33-2
Added Pin To Net: NetName=VCC3.3_ETH Pin=R34-2
Added Pin To Net: NetName=VCC3.3_ETH Pin=R35-2
Added Pin To Net: NetName=VCC3.3_ETH Pin=R36-2
Added Pin To Net: NetName=VCC3.3_ETH Pin=R38-2
Added Pin To Net: NetName=VCC3.3_ETH Pin=R59-1
Added Pin To Net: NetName=VCC3.3_ETH Pin=U13-7
Added Pin To Net: NetName=VCC3.3_ETH Pin=U13-24
Added Pin To Net: NetName=VCC3.3_ETH Pin=Y3-4
Added Net: Name=VCC3.3_ETH
Added Pin To Net: NetName=VCC3.3_FLASH Pin=C1-2
Added Pin To Net: NetName=VCC3.3_FLASH Pin=C2-2
Added Pin To Net: NetName=VCC3.3_FLASH Pin=P2-1
Added Pin To Net: NetName=VCC3.3_FLASH Pin=U3-29
Added Pin To Net: NetName=VCC3.3_FLASH Pin=U3-43
Added Net: Name=VCC3.3_FLASH
Added Pin To Net: NetName=VCC3.3_RF Pin=C185-2
Added Pin To Net: NetName=VCC3.3_RF Pin=C186-2
Added Pin To Net: NetName=VCC3.3_RF Pin=P21-2
Added Pin To Net: NetName=VCC3.3_RF Pin=R68-1
Added Pin To Net: NetName=VCC3.3_RF Pin=U21-5
Added Net: Name=VCC3.3_RF
Added Pin To Net: NetName=VCC3.3_SF Pin=C14-2
Added Pin To Net: NetName=VCC3.3_SF Pin=C15-2
Added Pin To Net: NetName=VCC3.3_SF Pin=C16-2
Added Pin To Net: NetName=VCC3.3_SF Pin=C17-2
Added Pin To Net: NetName=VCC3.3_SF Pin=C18-2
Added Pin To Net: NetName=VCC3.3_SF Pin=C19-2
Added Pin To Net: NetName=VCC3.3_SF Pin=C20-2
Added Pin To Net: NetName=VCC3.3_SF Pin=C21-2
Added Pin To Net: NetName=VCC3.3_SF Pin=C22-2
Added Pin To Net: NetName=VCC3.3_SF Pin=C23-2
Added Pin To Net: NetName=VCC3.3_SF Pin=C24-2
Added Pin To Net: NetName=VCC3.3_SF Pin=C25-2
Added Pin To Net: NetName=VCC3.3_SF Pin=C26-2
Added Pin To Net: NetName=VCC3.3_SF Pin=C27-2
Added Pin To Net: NetName=VCC3.3_SF Pin=C28-2
Added Pin To Net: NetName=VCC3.3_SF Pin=C29-2
Added Pin To Net: NetName=VCC3.3_SF Pin=C30-2
Added Pin To Net: NetName=VCC3.3_SF Pin=C31-2
Added Pin To Net: NetName=VCC3.3_SF Pin=C125-2
Added Pin To Net: NetName=VCC3.3_SF Pin=C126-2
Added Pin To Net: NetName=VCC3.3_SF Pin=C127-2
Added Pin To Net: NetName=VCC3.3_SF Pin=FB3-1
Added Pin To Net: NetName=VCC3.3_SF Pin=L4-1
Added Pin To Net: NetName=VCC3.3_SF Pin=P7-2
Added Pin To Net: NetName=VCC3.3_SF Pin=Q2-3
Added Pin To Net: NetName=VCC3.3_SF Pin=R58-1
Added Pin To Net: NetName=VCC3.3_SF Pin=U1-M19
Added Pin To Net: NetName=VCC3.3_SF Pin=U1-M21
Added Pin To Net: NetName=VCC3.3_SF Pin=U1-T2
Added Pin To Net: NetName=VCC3.3_SF Pin=U1-T7
Added Pin To Net: NetName=VCC3.3_SF Pin=U1-T16
Added Pin To Net: NetName=VCC3.3_SF Pin=U1-T21
Added Pin To Net: NetName=VCC3.3_SF Pin=U1-U4
Added Pin To Net: NetName=VCC3.3_SF Pin=U1-U19
Added Pin To Net: NetName=VCC3.3_SF Pin=U1-Y2
Added Pin To Net: NetName=VCC3.3_SF Pin=U1-Y5
Added Pin To Net: NetName=VCC3.3_SF Pin=U1-Y21
Added Pin To Net: NetName=VCC3.3_SF Pin=U4-B5
Added Pin To Net: NetName=VCC3.3_SF Pin=U4-B8
Added Pin To Net: NetName=VCC3.3_SF Pin=U4-B15
Added Pin To Net: NetName=VCC3.3_SF Pin=U4-B18
Added Pin To Net: NetName=VCC3.3_SF Pin=U4-C12
Added Pin To Net: NetName=VCC3.3_SF Pin=U4-E2
Added Pin To Net: NetName=VCC3.3_SF Pin=U4-E7
Added Pin To Net: NetName=VCC3.3_SF Pin=U4-E10
Added Pin To Net: NetName=VCC3.3_SF Pin=U4-E13
Added Pin To Net: NetName=VCC3.3_SF Pin=U4-E16
Added Pin To Net: NetName=VCC3.3_SF Pin=U4-E21
Added Pin To Net: NetName=VCC3.3_SF Pin=U4-F5
Added Pin To Net: NetName=VCC3.3_SF Pin=U4-F18
Added Pin To Net: NetName=VCC3.3_SF Pin=U4-G9
Added Pin To Net: NetName=VCC3.3_SF Pin=U4-G11
Added Pin To Net: NetName=VCC3.3_SF Pin=U4-G13
Added Pin To Net: NetName=VCC3.3_SF Pin=U4-G15
Added Pin To Net: NetName=VCC3.3_SF Pin=U4-H2
Added Pin To Net: NetName=VCC3.3_SF Pin=U4-H16
Added Pin To Net: NetName=VCC3.3_SF Pin=U4-H21
Added Pin To Net: NetName=VCC3.3_SF Pin=U4-J5
Added Pin To Net: NetName=VCC3.3_SF Pin=U4-J7
Added Pin To Net: NetName=VCC3.3_SF Pin=U4-J18
Added Pin To Net: NetName=VCC3.3_SF Pin=U4-K16
Added Pin To Net: NetName=VCC3.3_SF Pin=U4-L7
Added Pin To Net: NetName=VCC3.3_SF Pin=U4-L19
Added Pin To Net: NetName=VCC3.3_SF Pin=U4-M3
Added Pin To Net: NetName=VCC3.3_SF Pin=U4-M16
Added Pin To Net: NetName=VCC3.3_SF Pin=U4-N5
Added Pin To Net: NetName=VCC3.3_SF Pin=U4-N7
Added Pin To Net: NetName=VCC3.3_SF Pin=U4-N18
Added Pin To Net: NetName=VCC3.3_SF Pin=U4-P16
Added Pin To Net: NetName=VCC3.3_SF Pin=U4-R2
Added Pin To Net: NetName=VCC3.3_SF Pin=U4-R21
Added Net: Name=VCC3.3_SF
Added Pin To Net: NetName=VCC3.3_SRAM Pin=C3-2
Added Pin To Net: NetName=VCC3.3_SRAM Pin=P6-1
Added Pin To Net: NetName=VCC3.3_SRAM Pin=U2-E1
Added Net: Name=VCC3.3_SRAM
Added Pin To Net: NetName=VCC3.3A_ADC Pin=C47-2
Added Pin To Net: NetName=VCC3.3A_ADC Pin=C48-2
Added Pin To Net: NetName=VCC3.3A_ADC Pin=C49-1
Added Pin To Net: NetName=VCC3.3A_ADC Pin=C80-2
Added Pin To Net: NetName=VCC3.3A_ADC Pin=C82-2
Added Pin To Net: NetName=VCC3.3A_ADC Pin=C87-2
Added Pin To Net: NetName=VCC3.3A_ADC Pin=C91-2
Added Pin To Net: NetName=VCC3.3A_ADC Pin=FB4-2
Added Pin To Net: NetName=VCC3.3A_ADC Pin=U8-1
Added Pin To Net: NetName=VCC3.3A_ADC Pin=U9-13
Added Pin To Net: NetName=VCC3.3A_ADC Pin=U9-30
Added Pin To Net: NetName=VCC3.3A_ADC Pin=U9-31
Added Pin To Net: NetName=VCC3.3A_ADC Pin=U9-48
Added Net: Name=VCC3.3A_ADC
Added Pin To Net: NetName=VCC3.3A_DAC Pin=C52-2
Added Pin To Net: NetName=VCC3.3A_DAC Pin=C53-2
Added Pin To Net: NetName=VCC3.3A_DAC Pin=C58-1
Added Pin To Net: NetName=VCC3.3A_DAC Pin=C98-2
Added Pin To Net: NetName=VCC3.3A_DAC Pin=C104-1
Added Pin To Net: NetName=VCC3.3A_DAC Pin=C105-1
Added Pin To Net: NetName=VCC3.3A_DAC Pin=C107-1
Added Pin To Net: NetName=VCC3.3A_DAC Pin=FB9-2
Added Pin To Net: NetName=VCC3.3A_DAC Pin=U11-1
Added Pin To Net: NetName=VCC3.3A_DAC Pin=U12-5
Added Net: Name=VCC3.3A_DAC
Added Pin To Net: NetName=VCC3.3A_RF Pin=C142-1
Added Pin To Net: NetName=VCC3.3A_RF Pin=C144-2
Added Pin To Net: NetName=VCC3.3A_RF Pin=C153-2
Added Pin To Net: NetName=VCC3.3A_RF Pin=C187-2
Added Pin To Net: NetName=VCC3.3A_RF Pin=C188-2
Added Pin To Net: NetName=VCC3.3A_RF Pin=C189-1
Added Pin To Net: NetName=VCC3.3A_RF Pin=U5-1
Added Pin To Net: NetName=VCC3.3A_RF Pin=U16-7
Added Pin To Net: NetName=VCC3.3A_RF Pin=U16-13
Added Net: Name=VCC3.3A_RF
Added Pin To Net: NetName=VCC3.3A_SF Pin=C8-2
Added Pin To Net: NetName=VCC3.3A_SF Pin=C9-2
Added Pin To Net: NetName=VCC3.3A_SF Pin=C10-1
Added Pin To Net: NetName=VCC3.3A_SF Pin=C43-2
Added Pin To Net: NetName=VCC3.3A_SF Pin=C44-2
Added Pin To Net: NetName=VCC3.3A_SF Pin=C45-2
Added Pin To Net: NetName=VCC3.3A_SF Pin=C46-2
Added Pin To Net: NetName=VCC3.3A_SF Pin=FB3-2
Added Pin To Net: NetName=VCC3.3A_SF Pin=U1-AB10
Added Pin To Net: NetName=VCC3.3A_SF Pin=U1-T8
Added Pin To Net: NetName=VCC3.3A_SF Pin=U1-U7
Added Pin To Net: NetName=VCC3.3A_SF Pin=U1-U16
Added Pin To Net: NetName=VCC3.3A_SF Pin=U1-V10
Added Pin To Net: NetName=VCC3.3A_SF Pin=U1-W15
Added Pin To Net: NetName=VCC3.3A_SF Pin=U1-Y19
Added Net: Name=VCC3.3A_SF
Added Pin To Net: NetName=VCC5_LDO Pin=L2-2
Added Pin To Net: NetName=VCC5_LDO Pin=SW6-1
Added Net: Name=VCC5_LDO
Added Pin To Net: NetName=VCC5_USB Pin=C70-2
Added Pin To Net: NetName=VCC5_USB Pin=C71-2
Added Pin To Net: NetName=VCC5_USB Pin=C97-1
Added Pin To Net: NetName=VCC5_USB Pin=SW6-2
Added Net: Name=VCC5_USB
Added Pin To Net: NetName=VIN+_JACK Pin=J11-9
Added Pin To Net: NetName=VIN+_JACK Pin=M1-1
Added Pin To Net: NetName=VIN+_JACK Pin=M1-3
Added Net: Name=VIN+_JACK
Added Pin To Net: NetName=VIN-_JACK Pin=J11-10
Added Pin To Net: NetName=VIN-_JACK Pin=M1-2
Added Pin To Net: NetName=VIN-_JACK Pin=M1-4
Added Net: Name=VIN-_JACK
Added Class: Name=U_PWR_Gen
Added Class: Name=U_RF_2
Added Class: Name=U_RTC
Added Class: Name=B[1..7]
Added Member To Class: ClassName=U_ADC Member=Component C47 Cap Semi
Added Member To Class: ClassName=U_ADC Member=Component C48 Cap Semi
Added Member To Class: ClassName=U_ADC Member=Component C49 Cap Pol3
Added Member To Class: ClassName=U_DAC Member=Component C50 Cap Semi
Added Member To Class: ClassName=U_DAC Member=Component C51 Cap Semi
Added Member To Class: ClassName=U_DAC Member=Component C52 Cap Semi
Added Member To Class: ClassName=U_DAC Member=Component C53 Cap Semi
Added Member To Class: ClassName=U_DAC Member=Component C54 Cap Pol3
Added Member To Class: ClassName=U_ADC Member=Component C55 Cap Semi
Added Member To Class: ClassName=U_ADC Member=Component C56 Cap Semi
Added Member To Class: ClassName=U_ADC Member=Component C57 Cap Pol3
Added Member To Class: ClassName=U_DAC Member=Component C58 Cap Pol3
Added Member To Class: ClassName=U_Ethernet Member=Component C59 Cap Semi
Added Member To Class: ClassName=U_Ethernet Member=Component C60 Cap Semi
Added Member To Class: ClassName=U_Ethernet Member=Component C61 Cap Pol3
Added Member To Class: ClassName=U_Ethernet Member=Component C62 Cap
Added Member To Class: ClassName=U_Ethernet Member=Component C128 Cap Semi
Added Member To Class: ClassName=U_Ethernet Member=Component C129 Cap Semi
Added Member To Class: ClassName=U_Ethernet Member=Component C130 Cap Semi
Added Member To Class: ClassName=U_RF Member=Component C185 Cap Semi
Added Member To Class: ClassName=U_RF Member=Component C186 Cap Semi
Added Member To Class: ClassName=U_RF Member=Component C187 Cap Semi
Added Member To Class: ClassName=U_RF Member=Component C188 Cap Semi
Added Member To Class: ClassName=U_RF Member=Component C189 Cap Pol3
Added Member To Class: ClassName=U_ADC Member=Component FB4 BLM18PG300SN1D
Added Member To Class: ClassName=U_Ethernet Member=Component FB7 BLM18PG300SN1D
Added Member To Class: ClassName=U_DAC Member=Component FB9 BLM18PG300SN1D
Added Member To Class: ClassName=U_ADC Member=Component J1 5004
Added Member To Class: ClassName=U_ADC Member=Component J2 5004
Added Member To Class: ClassName=U_ADC Member=Component J3 5004
Added Member To Class: ClassName=U_ADC Member=Component J4 5004
Added Member To Class: ClassName=U_MSS_IO Member=Component J5 5004
Added Member To Class: ClassName=U_DAC Member=Component J7 5004
Added Member To Class: ClassName=U_DAC Member=Component J8 5004
Added Member To Class: ClassName=U_DAC Member=Component J9 5004
Added Member To Class: ClassName=U_DAC Member=Component J10 5004
Added Member To Class: ClassName=U_Ethernet Member=Component J11 7499211121A
Added Member To Class: ClassName=U_Ethernet Member=Component J12 5004
Added Member To Class: ClassName=U_Ethernet Member=Component J13 5004
Added Member To Class: ClassName=U_Analog Member=Component J14 3002TR
Added Member To Class: ClassName=U_RF Member=Component J15 5004
Added Member To Class: ClassName=U_RF Member=Component J16 5004
Added Member To Class: ClassName=U_RF Member=Component J17 5004
Added Member To Class: ClassName=U_Ethernet Member=Component M1 AG9205S
Added Member To Class: ClassName=U_MEM Member=Component P1 Header 2
Added Member To Class: ClassName=U_MEM Member=Component P2 Header 2
Added Member To Class: ClassName=U_MEM Member=Component P6 Header 2
Added Member To Class: ClassName=U_Digital_PWR Member=Component P7 Header 2
Added Member To Class: ClassName=U_ADC Member=Component P8 Header 2
Added Member To Class: ClassName=U_DAC Member=Component P9 Header 2
Added Member To Class: ClassName=U_Ethernet Member=Component P10 Header 2
Added Member To Class: ClassName=U_RF Member=Component P11 Header 3
Added Member To Class: ClassName=U_RF Member=Component P12 Header 3
Added Member To Class: ClassName=U_RF Member=Component P21 Header 2
Added Member To Class: ClassName=U_ADC Member=Component R2 Res3
Added Member To Class: ClassName=U_Ethernet Member=Component R59 Res3
Added Member To Class: ClassName=U_Ethernet Member=Component R60 Res3
Added Member To Class: ClassName=U_Ethernet Member=Component R61 Res3
Added Member To Class: ClassName=U_Ethernet Member=Component R64 Res3
Added Member To Class: ClassName=U_Ethernet Member=Component R66 Res3
Added Member To Class: ClassName=U_ADC Member=Component R69 Res3
Added Member To Class: ClassName=U_DAC Member=Component R70 Res3
Added Member To Class: ClassName=U_DAC Member=Component R79 Res3
Added Member To Class: ClassName=U_Ethernet Member=Component R80 Res3
Added Member To Class: ClassName=U_Ethernet Member=Component R81 Res3
Added Member To Class: ClassName=U_Ethernet Member=Component R82 Res3
Added Member To Class: ClassName=U_RF Member=Component R83 Res3
Added Member To Class: ClassName=U_RF Member=Component R84 Res3
Added Member To Class: ClassName=U_Analog Member=Component U1 A2F500M3G-FGG484
Added Member To Class: ClassName=U_RF Member=Component U5 ADC081S101
Added Member To Class: ClassName=U_Ethernet Member=Component U14 SN74LVC1G04DBVR
Added Member To Class: ClassName=U_RF Member=Component Y2 CX2520SB40000H0DZF08
Added Member To Class: ClassName=U_Ethernet Member=Component Y3 CB3LV-3C-50M0000
Added Room: Name=U_PWR_Gen
Added Room: Name=U_RF_2
Added Room: Name=U_RTC
