Removed Pin From Net: NetName=DGND Pin=J24-1
Removed Pin From Net: NetName=AGND Pin=J27-1
Removed Member From Class: ClassName=U_Ethernet Member=R93
Removed Member From Class: ClassName=U_ADC Member=R95
Change Component Designator: OldDesignator=C8 NewDesignator=C11
Change Component Designator: OldDesignator=C9 NewDesignator=C12
Change Component Designator: OldDesignator=C10 NewDesignator=C13
Change Component Designator: OldDesignator=C11 NewDesignator=C8
Change Component Designator: OldDesignator=C12 NewDesignator=C9
Change Component Designator: OldDesignator=C13 NewDesignator=C10
Change Component Designator: OldDesignator=C58 NewDesignator=C74
Change Component Designator: OldDesignator=C59 NewDesignator=C189
Change Component Designator: OldDesignator=C60 NewDesignator=C58
Change Component Designator: OldDesignator=C61 NewDesignator=C59
Change Component Designator: OldDesignator=C62 NewDesignator=C60
Change Component Designator: OldDesignator=C63 NewDesignator=C61
Change Component Designator: OldDesignator=C64 NewDesignator=C62
Change Component Designator: OldDesignator=C65 NewDesignator=C63
Change Component Designator: OldDesignator=C66 NewDesignator=C64
Change Component Designator: OldDesignator=C67 NewDesignator=C65
Change Component Designator: OldDesignator=C68 NewDesignator=C66
Change Component Designator: OldDesignator=C69 NewDesignator=C67
Change Component Designator: OldDesignator=C70 NewDesignator=C68
Change Component Designator: OldDesignator=C71 NewDesignator=C69
Change Component Designator: OldDesignator=C72 NewDesignator=C70
Change Component Designator: OldDesignator=C73 NewDesignator=C71
Change Component Designator: OldDesignator=C74 NewDesignator=C72
Change Component Designator: OldDesignator=C75 NewDesignator=C73
Change Component Designator: OldDesignator=C76 NewDesignator=C75
Change Component Designator: OldDesignator=C77 NewDesignator=C76
Change Component Designator: OldDesignator=C78 NewDesignator=C77
Change Component Designator: OldDesignator=C79 NewDesignator=C78
Change Component Designator: OldDesignator=C82 NewDesignator=C79
Change Component Designator: OldDesignator=C83 NewDesignator=C80
Change Component Designator: OldDesignator=C84 NewDesignator=C81
Change Component Designator: OldDesignator=C85 NewDesignator=C82
Change Component Designator: OldDesignator=C86 NewDesignator=C83
Change Component Designator: OldDesignator=C87 NewDesignator=C84
Change Component Designator: OldDesignator=C88 NewDesignator=C85
Change Component Designator: OldDesignator=C89 NewDesignator=C86
Change Component Designator: OldDesignator=C90 NewDesignator=C87
Change Component Designator: OldDesignator=C91 NewDesignator=C88
Change Component Designator: OldDesignator=C92 NewDesignator=C89
Change Component Designator: OldDesignator=C93 NewDesignator=C90
Change Component Designator: OldDesignator=C94 NewDesignator=C91
Change Component Designator: OldDesignator=C95 NewDesignator=C92
Change Component Designator: OldDesignator=C96 NewDesignator=C93
Change Component Designator: OldDesignator=C97 NewDesignator=C94
Change Component Designator: OldDesignator=C98 NewDesignator=C95
Change Component Designator: OldDesignator=C99 NewDesignator=C96
Change Component Designator: OldDesignator=C100 NewDesignator=C97
Change Component Designator: OldDesignator=C101 NewDesignator=C98
Change Component Designator: OldDesignator=C102 NewDesignator=C99
Change Component Designator: OldDesignator=C103 NewDesignator=C100
Change Component Designator: OldDesignator=C104 NewDesignator=C101
Change Component Designator: OldDesignator=C105 NewDesignator=C102
Change Component Designator: OldDesignator=C106 NewDesignator=C103
Change Component Designator: OldDesignator=C107 NewDesignator=C104
Change Component Designator: OldDesignator=C108 NewDesignator=C105
Change Component Designator: OldDesignator=C109 NewDesignator=C106
Change Component Designator: OldDesignator=C110 NewDesignator=C107
Change Component Designator: OldDesignator=C111 NewDesignator=C108
Change Component Designator: OldDesignator=C112 NewDesignator=C109
Change Component Designator: OldDesignator=C113 NewDesignator=C110
Change Component Designator: OldDesignator=C114 NewDesignator=C111
Change Component Designator: OldDesignator=C115 NewDesignator=C112
Change Component Designator: OldDesignator=C116 NewDesignator=C113
Change Component Designator: OldDesignator=C117 NewDesignator=C114
Change Component Designator: OldDesignator=C118 NewDesignator=C115
Change Component Designator: OldDesignator=C119 NewDesignator=C116
Change Component Designator: OldDesignator=C120 NewDesignator=C117
Change Component Designator: OldDesignator=C121 NewDesignator=C118
Change Component Designator: OldDesignator=C122 NewDesignator=C119
Change Component Designator: OldDesignator=C123 NewDesignator=C120
Change Component Designator: OldDesignator=C124 NewDesignator=C121
Change Component Designator: OldDesignator=C125 NewDesignator=C122
Change Component Designator: OldDesignator=C126 NewDesignator=C123
Change Component Designator: OldDesignator=C127 NewDesignator=C124
Change Component Designator: OldDesignator=C128 NewDesignator=C125
Change Component Designator: OldDesignator=C129 NewDesignator=C126
Change Component Designator: OldDesignator=C130 NewDesignator=C127
Change Component Designator: OldDesignator=C131 NewDesignator=C128
Change Component Designator: OldDesignator=C132 NewDesignator=C129
Change Component Designator: OldDesignator=C133 NewDesignator=C130
Change Component Designator: OldDesignator=C134 NewDesignator=C131
Change Component Designator: OldDesignator=C135 NewDesignator=C132
Change Component Designator: OldDesignator=C136 NewDesignator=C133
Change Component Designator: OldDesignator=C137 NewDesignator=C134
Change Component Designator: OldDesignator=C138 NewDesignator=C135
Change Component Designator: OldDesignator=C139 NewDesignator=C136
Change Component Designator: OldDesignator=C140 NewDesignator=C137
Change Component Designator: OldDesignator=C141 NewDesignator=C138
Change Component Designator: OldDesignator=C142 NewDesignator=C139
Change Component Designator: OldDesignator=C143 NewDesignator=C140
Change Component Designator: OldDesignator=C144 NewDesignator=C141
Change Component Designator: OldDesignator=C145 NewDesignator=C142
Change Component Designator: OldDesignator=C146 NewDesignator=C143
Change Component Designator: OldDesignator=C147 NewDesignator=C144
Change Component Designator: OldDesignator=C148 NewDesignator=C145
Change Component Designator: OldDesignator=C149 NewDesignator=C146
Change Component Designator: OldDesignator=C150 NewDesignator=C147
Change Component Designator: OldDesignator=C151 NewDesignator=C148
Change Component Designator: OldDesignator=C152 NewDesignator=C149
Change Component Designator: OldDesignator=C153 NewDesignator=C150
Change Component Designator: OldDesignator=C154 NewDesignator=C151
Change Component Designator: OldDesignator=C155 NewDesignator=C152
Change Component Designator: OldDesignator=C156 NewDesignator=C153
Change Component Designator: OldDesignator=C157 NewDesignator=C154
Change Component Designator: OldDesignator=C158 NewDesignator=C155
Change Component Designator: OldDesignator=C159 NewDesignator=C156
Change Component Designator: OldDesignator=C160 NewDesignator=C157
Change Component Designator: OldDesignator=C161 NewDesignator=C158
Change Component Designator: OldDesignator=C162 NewDesignator=C159
Change Component Designator: OldDesignator=C163 NewDesignator=C160
Change Component Designator: OldDesignator=C164 NewDesignator=C161
Change Component Designator: OldDesignator=C165 NewDesignator=C162
Change Component Designator: OldDesignator=C166 NewDesignator=C163
Change Component Designator: OldDesignator=C167 NewDesignator=C164
Change Component Designator: OldDesignator=C168 NewDesignator=C165
Change Component Designator: OldDesignator=C169 NewDesignator=C166
Change Component Designator: OldDesignator=C170 NewDesignator=C167
Change Component Designator: OldDesignator=C171 NewDesignator=C168
Change Component Designator: OldDesignator=C172 NewDesignator=C169
Change Component Designator: OldDesignator=C173 NewDesignator=C170
Change Component Designator: OldDesignator=C174 NewDesignator=C171
Change Component Designator: OldDesignator=C175 NewDesignator=C172
Change Component Designator: OldDesignator=C176 NewDesignator=C173
Change Component Designator: OldDesignator=C177 NewDesignator=C174
Change Component Designator: OldDesignator=C178 NewDesignator=C175
Change Component Designator: OldDesignator=C179 NewDesignator=C176
Change Component Designator: OldDesignator=C180 NewDesignator=C177
Change Component Designator: OldDesignator=C181 NewDesignator=C178
Change Component Designator: OldDesignator=C184 NewDesignator=C179
Change Component Designator: OldDesignator=C186 NewDesignator=C180
Change Component Designator: OldDesignator=C187 NewDesignator=C181
Change Component Designator: OldDesignator=C188 NewDesignator=C182
Change Component Designator: OldDesignator=C189 NewDesignator=C183
Change Component Designator: OldDesignator=C190 NewDesignator=C184
Change Component Designator: OldDesignator=C191 NewDesignator=C185
Change Component Designator: OldDesignator=C192 NewDesignator=C186
Change Component Designator: OldDesignator=C193 NewDesignator=C187
Change Component Designator: OldDesignator=C194 NewDesignator=C188
Change Component Designator: OldDesignator=C195 NewDesignator=C190
Change Component Designator: OldDesignator=C196 NewDesignator=C191
Change Component Designator: OldDesignator=FB9 NewDesignator=FB11
Change Component Designator: OldDesignator=FB11 NewDesignator=FB9
Change Component Designator: OldDesignator=R9 NewDesignator=R10
Change Component Designator: OldDesignator=R10 NewDesignator=R11
Change Component Designator: OldDesignator=R11 NewDesignator=R12
Change Component Designator: OldDesignator=R12 NewDesignator=R13
Change Component Designator: OldDesignator=R13 NewDesignator=R14
Change Component Designator: OldDesignator=R14 NewDesignator=R15
Change Component Designator: OldDesignator=R15 NewDesignator=R16
Change Component Designator: OldDesignator=R16 NewDesignator=R17
Change Component Designator: OldDesignator=R17 NewDesignator=R18
Change Component Designator: OldDesignator=R18 NewDesignator=R19
Change Component Designator: OldDesignator=R19 NewDesignator=R20
Change Component Designator: OldDesignator=R20 NewDesignator=R21
Change Component Designator: OldDesignator=R21 NewDesignator=R22
Change Component Designator: OldDesignator=R22 NewDesignator=R23
Change Component Designator: OldDesignator=R23 NewDesignator=R24
Change Component Designator: OldDesignator=R24 NewDesignator=R25
Change Component Designator: OldDesignator=R25 NewDesignator=R26
Change Component Designator: OldDesignator=R26 NewDesignator=R27
Change Component Designator: OldDesignator=R27 NewDesignator=R28
Change Component Designator: OldDesignator=R28 NewDesignator=R29
Change Component Designator: OldDesignator=R29 NewDesignator=R30
Change Component Designator: OldDesignator=R30 NewDesignator=R32
Change Component Designator: OldDesignator=R31 NewDesignator=R33
Change Component Designator: OldDesignator=R32 NewDesignator=R34
Change Component Designator: OldDesignator=R33 NewDesignator=R35
Change Component Designator: OldDesignator=R34 NewDesignator=R36
Change Component Designator: OldDesignator=R35 NewDesignator=R37
Change Component Designator: OldDesignator=R36 NewDesignator=R38
Change Component Designator: OldDesignator=R37 NewDesignator=R39
Change Component Designator: OldDesignator=R38 NewDesignator=R40
Change Component Designator: OldDesignator=R39 NewDesignator=R41
Change Component Designator: OldDesignator=R40 NewDesignator=R42
Change Component Designator: OldDesignator=R41 NewDesignator=R43
Change Component Designator: OldDesignator=R42 NewDesignator=R44
Change Component Designator: OldDesignator=R43 NewDesignator=R45
Change Component Designator: OldDesignator=R44 NewDesignator=R46
Change Component Designator: OldDesignator=R45 NewDesignator=R47
Change Component Designator: OldDesignator=R46 NewDesignator=R48
Change Component Designator: OldDesignator=R47 NewDesignator=R49
Change Component Designator: OldDesignator=R48 NewDesignator=R50
Change Component Designator: OldDesignator=R49 NewDesignator=R51
Change Component Designator: OldDesignator=R50 NewDesignator=R52
Change Component Designator: OldDesignator=R51 NewDesignator=R53
Change Component Designator: OldDesignator=R52 NewDesignator=R54
Change Component Designator: OldDesignator=R53 NewDesignator=R55
Change Component Designator: OldDesignator=R54 NewDesignator=R56
Change Component Designator: OldDesignator=R55 NewDesignator=R57
Change Component Designator: OldDesignator=R56 NewDesignator=R58
Change Component Designator: OldDesignator=R57 NewDesignator=R59
Change Component Designator: OldDesignator=R58 NewDesignator=R60
Change Component Designator: OldDesignator=R59 NewDesignator=R61
Change Component Designator: OldDesignator=R60 NewDesignator=R62
Change Component Designator: OldDesignator=R61 NewDesignator=R63
Change Component Designator: OldDesignator=R62 NewDesignator=R64
Change Component Designator: OldDesignator=R63 NewDesignator=R65
Change Component Designator: OldDesignator=R64 NewDesignator=R66
Change Component Designator: OldDesignator=R65 NewDesignator=R67
Change Component Designator: OldDesignator=R66 NewDesignator=R68
Change Component Designator: OldDesignator=R67 NewDesignator=R69
Change Component Designator: OldDesignator=R68 NewDesignator=R70
Change Component Designator: OldDesignator=R69 NewDesignator=R71
Change Component Designator: OldDesignator=R70 NewDesignator=R72
Change Component Designator: OldDesignator=R71 NewDesignator=R73
Change Component Designator: OldDesignator=R72 NewDesignator=R74
Change Component Designator: OldDesignator=R73 NewDesignator=R75
Change Component Designator: OldDesignator=R74 NewDesignator=R76
Change Component Designator: OldDesignator=R75 NewDesignator=R77
Change Component Designator: OldDesignator=R76 NewDesignator=R78
Change Component Designator: OldDesignator=R77 NewDesignator=R79
Change Component Designator: OldDesignator=R78 NewDesignator=R80
Change Component Designator: OldDesignator=R79 NewDesignator=R81
Change Component Designator: OldDesignator=R80 NewDesignator=R82
Change Component Designator: OldDesignator=R81 NewDesignator=R83
Change Component Designator: OldDesignator=R82 NewDesignator=R84
Change Component Designator: OldDesignator=R83 NewDesignator=R85
Change Component Designator: OldDesignator=R84 NewDesignator=R86
Change Component Designator: OldDesignator=R85 NewDesignator=R87
Change Component Designator: OldDesignator=R86 NewDesignator=R88
Change Component Designator: OldDesignator=R87 NewDesignator=R89
Change Component Designator: OldDesignator=R88 NewDesignator=R90
Change Component Designator: OldDesignator=R89 NewDesignator=R91
Change Component Designator: OldDesignator=R90 NewDesignator=R92
Change Component Designator: OldDesignator=R91 NewDesignator=R94
Change Component Designator: OldDesignator=R92 NewDesignator=R95
Change Component Designator: OldDesignator=R93 NewDesignator=R31
Change Component Designator: OldDesignator=R94 NewDesignator=R93
Change Component Designator: OldDesignator=R95 NewDesignator=R9
Change Component Designator: OldDesignator=U19 NewDesignator=U20
Change Component Designator: OldDesignator=U20 NewDesignator=U19
Added Component: Designator=J27(TestPoint)
Added Pin To Net: NetName=AGND Pin=J24-1
Added Pin To Net: NetName=DGND Pin=J27-1
Change Net Name : Old Net Name=NetC63_2 New Net Name=NetC61_2
Change Net Name : Old Net Name=NetC74_2 New Net Name=NetC72_2
Change Net Name : Old Net Name=NetC75_2 New Net Name=NetC73_2
Change Net Name : Old Net Name=NetC83_2 New Net Name=NetC80_2
Change Net Name : Old Net Name=NetC98_2 New Net Name=NetC95_2
Change Net Name : Old Net Name=NetC100_1 New Net Name=NetC97_1
Change Net Name : Old Net Name=NetC112_2 New Net Name=NetC109_2
Change Net Name : Old Net Name=NetC129_1 New Net Name=NetC126_1
Change Net Name : Old Net Name=NetC135_1 New Net Name=NetC132_1
Change Net Name : Old Net Name=NetC138_1 New Net Name=NetC135_1
Change Net Name : Old Net Name=NetC138_2 New Net Name=NetC135_2
Change Net Name : Old Net Name=NetC139_1 New Net Name=NetC136_1
Change Net Name : Old Net Name=NetC152_2 New Net Name=NetC149_2
Change Net Name : Old Net Name=NetC157_2 New Net Name=NetC154_2
Change Net Name : Old Net Name=NetC165_2 New Net Name=NetC162_2
Change Net Name : Old Net Name=NetC170_2 New Net Name=NetC167_2
Change Net Name : Old Net Name=NetC180_2 New Net Name=NetC177_2
Change Net Name : Old Net Name=NetC181_2 New Net Name=NetC178_2
Change Net Name : Old Net Name=NetC186_2 New Net Name=NetC180_2
Change Net Name : Old Net Name=NetC190_1 New Net Name=NetC184_1
Change Net Name : Old Net Name=NetC191_2 New Net Name=NetC185_2
Change Net Name : Old Net Name=NetC192_1 New Net Name=NetC186_1
Change Net Name : Old Net Name=NetR10_1 New Net Name=NetR11_1
Change Net Name : Old Net Name=NetR16_2 New Net Name=NetR17_2
Change Net Name : Old Net Name=NetR17_2 New Net Name=NetR18_2
Change Net Name : Old Net Name=NetR18_2 New Net Name=NetR19_2
Change Net Name : Old Net Name=NetR20_1 New Net Name=NetR21_1
Change Net Name : Old Net Name=NetR21_2 New Net Name=NetR22_2
Change Net Name : Old Net Name=NetR22_2 New Net Name=NetR23_2
Change Net Name : Old Net Name=NetR23_2 New Net Name=NetR24_2
Change Net Name : Old Net Name=NetR26_2 New Net Name=NetR27_2
Change Net Name : Old Net Name=NetR28_2 New Net Name=NetR29_2
Change Net Name : Old Net Name=NetR29_2 New Net Name=NetR30_2
Change Net Name : Old Net Name=NetR31_1 New Net Name=NetR33_1
Change Net Name : Old Net Name=NetR32_2 New Net Name=NetR34_2
Change Net Name : Old Net Name=NetR33_2 New Net Name=NetR35_2
Change Net Name : Old Net Name=NetR35_2 New Net Name=NetR37_2
Change Net Name : Old Net Name=NetR36_1 New Net Name=NetR38_1
Change Net Name : Old Net Name=NetR42_2 New Net Name=NetR44_2
Change Net Name : Old Net Name=NetR47_2 New Net Name=NetR49_2
Change Net Name : Old Net Name=NetR49_1 New Net Name=NetR51_1
Change Net Name : Old Net Name=NetR50_2 New Net Name=NetR52_2
Change Net Name : Old Net Name=NetR51_1 New Net Name=NetR53_1
Change Net Name : Old Net Name=NetR53_1 New Net Name=NetR55_1
Change Net Name : Old Net Name=NetR54_1 New Net Name=NetR56_1
Change Net Name : Old Net Name=NetR55_1 New Net Name=NetR57_1
Change Net Name : Old Net Name=NetR56_1 New Net Name=NetR58_1
Change Net Name : Old Net Name=NetR66_2 New Net Name=NetR68_2
Change Net Name : Old Net Name=NetR69_2 New Net Name=NetR71_2
Change Net Name : Old Net Name=NetR75_2 New Net Name=NetR77_2
Change Net Name : Old Net Name=NetR78_2 New Net Name=NetR80_2
Change Net Name : Old Net Name=NetR82_1 New Net Name=NetR84_1
Change Net Name : Old Net Name=NetR89_2 New Net Name=NetR91_2
Added Member To Class: ClassName=U_ADC Member=Component R10 Res3
Added Member To Class: ClassName=U_Ethernet Member=Component R53 Res3
