Added Component: Designator=C1(0402)
Added Component: Designator=C2(0402)
Added Component: Designator=C3(0402)
Added Component: Designator=C4(0402)
Added Component: Designator=C5(0402)
Added Component: Designator=C6(0402)
Added Component: Designator=C7(C0805)
Added Component: Designator=C8(0402)
Added Component: Designator=C9(0402)
Added Component: Designator=C10(C0805)
Added Component: Designator=C11(C0805)
Added Component: Designator=C12(0402)
Added Component: Designator=C13(0402)
Added Component: Designator=C14(0402)
Added Component: Designator=C15(0402)
Added Component: Designator=C16(0402)
Added Component: Designator=C17(0402)
Added Component: Designator=C18(0402)
Added Component: Designator=C19(0402)
Added Component: Designator=C20(0402)
Added Component: Designator=C21(0402)
Added Component: Designator=C22(0402)
Added Component: Designator=C23(0402)
Added Component: Designator=C24(0402)
Added Component: Designator=C25(0402)
Added Component: Designator=C26(0402)
Added Component: Designator=C27(0402)
Added Component: Designator=C28(0402)
Added Component: Designator=C29(0402)
Added Component: Designator=C30(0402)
Added Component: Designator=C31(0402)
Added Component: Designator=C32(0402)
Added Component: Designator=C33(0402)
Added Component: Designator=C34(0402)
Added Component: Designator=C35(0402)
Added Component: Designator=C36(0402)
Added Component: Designator=C37(0402)
Added Component: Designator=C38(0402)
Added Component: Designator=C39(0402)
Added Component: Designator=C40(0402)
Added Component: Designator=C41(0402)
Added Component: Designator=C42(0402)
Added Component: Designator=C43(0402)
Added Component: Designator=C44(0402)
Added Component: Designator=C45(0402)
Added Component: Designator=C46(0402)
Added Component: Designator=C47(0402)
Added Component: Designator=C48(0402)
Added Component: Designator=C49(C0805)
Added Component: Designator=C50(0402)
Added Component: Designator=C51(0402)
Added Component: Designator=C52(0402)
Added Component: Designator=C53(0402)
Added Component: Designator=C54(C0805)
Added Component: Designator=C55(0402)
Added Component: Designator=C56(0402)
Added Component: Designator=C57(C0805)
Added Component: Designator=C58(C0805)
Added Component: Designator=C59(0402)
Added Component: Designator=C60(0402)
Added Component: Designator=C61(C0805)
Added Component: Designator=C62(SMT Al Cap.)
Added Component: Designator=C63(0402)
Added Component: Designator=C64(0402)
Added Component: Designator=C65(C0805)
Added Component: Designator=C66(C0805)
Added Component: Designator=C67(C1210)
Added Component: Designator=C68(0402)
Added Component: Designator=C69(0402)
Added Component: Designator=C70(0402)
Added Component: Designator=C71(0402)
Added Component: Designator=C72(C0805)
Added Component: Designator=C73(C0805)
Added Component: Designator=C74(C0805)
Added Component: Designator=C75(C0805)
Added Component: Designator=C76(0402)
Added Component: Designator=C77(0402)
Added Component: Designator=C78(C0805)
Added Component: Designator=C79(C0805)
Added Component: Designator=C80(0402)
Added Component: Designator=C81(0402)
Added Component: Designator=C82(0402)
Added Component: Designator=C83(0402)
Added Component: Designator=C84(0402)
Added Component: Designator=C85(0402)
Added Component: Designator=C86(0402)
Added Component: Designator=C87(0402)
Added Component: Designator=C88(0402)
Added Component: Designator=C89(0402)
Added Component: Designator=C90(0402)
Added Component: Designator=C91(0402)
Added Component: Designator=C92(0402)
Added Component: Designator=C93(0402)
Added Component: Designator=C94(0402)
Added Component: Designator=C95(0402)
Added Component: Designator=C96(C0805)
Added Component: Designator=C97(C0805)
Added Component: Designator=C98(0402)
Added Component: Designator=C99(0402)
Added Component: Designator=C100(0402)
Added Component: Designator=C101(0402)
Added Component: Designator=C102(0402)
Added Component: Designator=C103(0402)
Added Component: Designator=C104(0402)
Added Component: Designator=C105(0402)
Added Component: Designator=C106(0402)
Added Component: Designator=C107(0402)
Added Component: Designator=C108(0402)
Added Component: Designator=C109(0402)
Added Component: Designator=C110(0402)
Added Component: Designator=C111(0402)
Added Component: Designator=C112(0402)
Added Component: Designator=C113(C0805)
Added Component: Designator=C114(0402)
Added Component: Designator=C115(0402)
Added Component: Designator=C116(0402)
Added Component: Designator=C117(C0805)
Added Component: Designator=C118(0402)
Added Component: Designator=C119(0402)
Added Component: Designator=C120(0402)
Added Component: Designator=C121(0402)
Added Component: Designator=C122(0402)
Added Component: Designator=C123(0402)
Added Component: Designator=C124(0402)
Added Component: Designator=C125(0402)
Added Component: Designator=C126(0402)
Added Component: Designator=C127(0402)
Added Component: Designator=C128(0402)
Added Component: Designator=C129(0402)
Added Component: Designator=C130(0402)
Added Component: Designator=C131(0402)
Added Component: Designator=C132(0402)
Added Component: Designator=C133(0402)
Added Component: Designator=C134(0402)
Added Component: Designator=C135(C0805)
Added Component: Designator=C136(0402)
Added Component: Designator=C137(0402)
Added Component: Designator=C138(C0805)
Added Component: Designator=C139(0402)
Added Component: Designator=C140(0402)
Added Component: Designator=C141(0402)
Added Component: Designator=C142(C0805)
Added Component: Designator=C143(C0805)
Added Component: Designator=C144(0402)
Added Component: Designator=C145(0402)
Added Component: Designator=C146(0402)
Added Component: Designator=C147(0402)
Added Component: Designator=C148(0402)
Added Component: Designator=C149(0402)
Added Component: Designator=C150(0402)
Added Component: Designator=C151(0402)
Added Component: Designator=C152(0402)
Added Component: Designator=C153(0402)
Added Component: Designator=C154(0402)
Added Component: Designator=C155(0402)
Added Component: Designator=C156(0402)
Added Component: Designator=C157(0402)
Added Component: Designator=C158(0402)
Added Component: Designator=C159(0402)
Added Component: Designator=C160(0402)
Added Component: Designator=C161(0402)
Added Component: Designator=C162(C0805)
Added Component: Designator=C163(0402)
Added Component: Designator=C164(0402)
Added Component: Designator=C165(0402)
Added Component: Designator=C166(0402)
Added Component: Designator=C167(0402)
Added Component: Designator=C168(0402)
Added Component: Designator=C169(0402)
Added Component: Designator=C170(0402)
Added Component: Designator=C171(C0805)
Added Component: Designator=C172(0402)
Added Component: Designator=C173(0402)
Added Component: Designator=C174(C0805)
Added Component: Designator=C175(0402)
Added Component: Designator=C176(0402)
Added Component: Designator=C177(0402)
Added Component: Designator=C178(0402)
Added Component: Designator=C179(C0805)
Added Component: Designator=C180(C0805)
Added Component: Designator=C181(0402)
Added Component: Designator=C182(0402)
Added Component: Designator=C183(0402)
Added Component: Designator=C184(C0805)
Added Component: Designator=C185(0402)
Added Component: Designator=C186(0402)
Added Component: Designator=C187(0402)
Added Component: Designator=C188(0402)
Added Component: Designator=C189(C0805)
Added Component: Designator=C190(0402)
Added Component: Designator=C191(0402)
Added Component: Designator=C192(0402)
Added Component: Designator=C193(0402)
Added Component: Designator=C194(0402)
Added Component: Designator=C195(0402)
Added Component: Designator=C196(0402)
Added Component: Designator=D1(1608[0603])
Added Component: Designator=D2(1608[0603])
Added Component: Designator=D3(1608[0603])
Added Component: Designator=D4(1608[0603])
Added Component: Designator=D5(1608[0603])
Added Component: Designator=D6(1608[0603])
Added Component: Designator=D7(1608[0603])
Added Component: Designator=D8(1608[0603])
Added Component: Designator=D9(1608[0603])
Added Component: Designator=D10(1608[0603])
Added Component: Designator=FB1(1608[0603])
Added Component: Designator=FB2(1608[0603])
Added Component: Designator=FB3(1608[0603])
Added Component: Designator=FB4(1608[0603])
Added Component: Designator=FB5(1608[0603])
Added Component: Designator=FB6(1608[0603])
Added Component: Designator=FB7(1608[0603])
Added Component: Designator=FB8(1608[0603])
Added Component: Designator=FB9(1608[0603])
Added Component: Designator=J1(TestPoint)
Added Component: Designator=J2(TestPoint)
Added Component: Designator=J3(TestPoint)
Added Component: Designator=J4(TestPoint)
Added Component: Designator=J5(TestPoint)
Added Component: Designator=J6(Mini USB)
Added Component: Designator=J7(TestPoint)
Added Component: Designator=J8(TestPoint)
Added Component: Designator=J9(TestPoint)
Added Component: Designator=J10(TestPoint)
Added Component: Designator=J11(7499211121A)
Added Component: Designator=J12(TestPoint)
Added Component: Designator=J13(TestPoint)
Added Component: Designator=J14(3002TR)
Added Component: Designator=J15(TestPoint)
Added Component: Designator=J16(TestPoint)
Added Component: Designator=J17(TestPoint)
Added Component: Designator=J18(TestPoint)
Added Component: Designator=J19(PJ-102AH)
Added Component: Designator=J20(TestPoint)
Added Component: Designator=J21(TestPoint)
Added Component: Designator=J22(TestPoint)
Added Component: Designator=J23(TestPoint)
Added Component: Designator=J24(TestPoint)
Added Component: Designator=J25(TestPoint)
Added Component: Designator=J26(TestPoint)
Added Component: Designator=J27(TestPoint)
Added Component: Designator=J28(TestPoint)
Added Component: Designator=J29(TestPoint)
Added Component: Designator=J30(TestPoint)
Added Component: Designator=J31(SMA_SMD)
Added Component: Designator=J32(SMA_SMD)
Added Component: Designator=J33(SMA_SMD)
Added Component: Designator=J34(TestPoint)
Added Component: Designator=L1(0402)
Added Component: Designator=L2(FLAT-PAC)
Added Component: Designator=L3(0402)
Added Component: Designator=L4(0402)
Added Component: Designator=M1(AG9205S)
Added Component: Designator=P1(HDR1X2)
Added Component: Designator=P2(HDR1X2)
Added Component: Designator=P3(HDR2X8)
Added Component: Designator=P4(HDR2X4)
Added Component: Designator=P5(HDR2X6)
Added Component: Designator=P6(HDR1X2)
Added Component: Designator=P7(HDR1X2)
Added Component: Designator=P8(HDR1X2)
Added Component: Designator=P9(HDR1X2)
Added Component: Designator=P10(HDR1X2)
Added Component: Designator=P11(HDR1X3)
Added Component: Designator=P12(HDR1X3)
Added Component: Designator=P13(HDR1X2)
Added Component: Designator=P14(HDR1X2)
Added Component: Designator=P15(HDR1X3)
Added Component: Designator=P16(HDR1X2)
Added Component: Designator=P17(HDR1X2)
Added Component: Designator=P18(HDR1X2)
Added Component: Designator=P19(HDR1X2)
Added Component: Designator=P20(HDR1X2)
Added Component: Designator=P21(HDR1X2)
Added Component: Designator=Q1(SOT23-3N)
Added Component: Designator=Q2(SOT23-3N)
Added Component: Designator=R1(0402)
Added Component: Designator=R2(0402)
Added Component: Designator=R3(0402)
Added Component: Designator=R4(0402)
Added Component: Designator=R5(0402)
Added Component: Designator=R6(0402)
Added Component: Designator=R7(0402)
Added Component: Designator=R8(0402)
Added Component: Designator=R9(0402)
Added Component: Designator=R10(0402)
Added Component: Designator=R11(0402)
Added Component: Designator=R12(0402)
Added Component: Designator=R13(0402)
Added Component: Designator=R14(0402)
Added Component: Designator=R15(0402)
Added Component: Designator=R16(0402)
Added Component: Designator=R17(0402)
Added Component: Designator=R18(0402)
Added Component: Designator=R19(0402)
Added Component: Designator=R20(0402)
Added Component: Designator=R21(0402)
Added Component: Designator=R22(0402)
Added Component: Designator=R23(0402)
Added Component: Designator=R24(0402)
Added Component: Designator=R25(0402)
Added Component: Designator=R26(0402)
Added Component: Designator=R27(0402)
Added Component: Designator=R28(0402)
Added Component: Designator=R29(0402)
Added Component: Designator=R30(0402)
Added Component: Designator=R31(0402)
Added Component: Designator=R32(0402)
Added Component: Designator=R33(0402)
Added Component: Designator=R34(0402)
Added Component: Designator=R35(0402)
Added Component: Designator=R36(0402)
Added Component: Designator=R37(0402)
Added Component: Designator=R38(0402)
Added Component: Designator=R39(0402)
Added Component: Designator=R40(0402)
Added Component: Designator=R41(J1-0603)
Added Component: Designator=R42(0402)
Added Component: Designator=R43(0402)
Added Component: Designator=R44(0402)
Added Component: Designator=R45(0402)
Added Component: Designator=R46(0402)
Added Component: Designator=R47(0402)
Added Component: Designator=R48(0402)
Added Component: Designator=R49(0402)
Added Component: Designator=R50(0402)
Added Component: Designator=R51(0402)
Added Component: Designator=R52(0402)
Added Component: Designator=R53(0402)
Added Component: Designator=R54(0402)
Added Component: Designator=R55(0402)
Added Component: Designator=R56(0402)
Added Component: Designator=R57(0402)
Added Component: Designator=R58(0402)
Added Component: Designator=R59(0402)
Added Component: Designator=R60(0402)
Added Component: Designator=R61(0402)
Added Component: Designator=R62(0402)
Added Component: Designator=R63(0402)
Added Component: Designator=R64(0402)
Added Component: Designator=R65(0402)
Added Component: Designator=R66(0402)
Added Component: Designator=R67(0402)
Added Component: Designator=R68(0402)
Added Component: Designator=R69(0402)
Added Component: Designator=R70(0402)
Added Component: Designator=R71(0402)
Added Component: Designator=R72(0402)
Added Component: Designator=R73(0402)
Added Component: Designator=R74(0402)
Added Component: Designator=R75(0402)
Added Component: Designator=R76(0402)
Added Component: Designator=R77(0402)
Added Component: Designator=R78(0402)
Added Component: Designator=R79(0402)
Added Component: Designator=R80(0402)
Added Component: Designator=R81(0402)
Added Component: Designator=R82(0402)
Added Component: Designator=R83(0402)
Added Component: Designator=R84(0402)
Added Component: Designator=R85(0402)
Added Component: Designator=R86(0402)
Added Component: Designator=R87(0402)
Added Component: Designator=R88(0402)
Added Component: Designator=R89(0402)
Added Component: Designator=R90(0402)
Added Component: Designator=R91(0402)
Added Component: Designator=R92(0402)
Added Component: Designator=SW1(KSC403)
Added Component: Designator=SW2(KSC403)
Added Component: Designator=SW3(KSC403)
Added Component: Designator=SW4(KSC403)
Added Component: Designator=SW5(EVQPA PB)
Added Component: Designator=SW6(STS1400PC04)
Added Component: Designator=U1(BGA100P22X22-484N)
Added Component: Designator=U2(BGA54C75P9X6_1000X800X70)
Added Component: Designator=U3(TSSOP50P2000X120-56N)
Added Component: Designator=U4(BGA100P22X22-484N)
Added Component: Designator=U5(SOT23-6)
Added Component: Designator=U6(SOT223-4L)
Added Component: Designator=U7(SOT23-5)
Added Component: Designator=U8(SOT23-3N)
Added Component: Designator=U9(TSQFP50P900X900X160-48N)
Added Component: Designator=U10(SOT23-5)
Added Component: Designator=U11(SOT23-3N)
Added Component: Designator=U12(SOP63P600X173-28N)
Added Component: Designator=U13(TSQFP50P900X900X160-48N)
Added Component: Designator=U14(SOT23-5)
Added Component: Designator=U15(SOIC127P600X175-8N)
Added Component: Designator=U16(TQFN-48)
Added Component: Designator=U17(SOT23-5)
Added Component: Designator=U18(SOT363-6N)
Added Component: Designator=U19(SSOP65P780X200-28N)
Added Component: Designator=U20(HHM1520A2)
Added Component: Designator=U21(SOT353-5N)
Added Component: Designator=U22(HHM1520A2)
Added Component: Designator=U23(SOIC127P1030X265-20N)
Added Component: Designator=Y1(ABM3)
Added Component: Designator=Y2(CX-2520SB)
Added Component: Designator=Y3(CB3_CB3LV)
Added Pin To Net: NetName=ADC_A0 Pin=U1-C21
Added Pin To Net: NetName=ADC_A0 Pin=U9-37
Added Net: Name=ADC_A0
Added Pin To Net: NetName=ADC_A1 Pin=U1-D21
Added Pin To Net: NetName=ADC_A1 Pin=U9-38
Added Net: Name=ADC_A1
Added Pin To Net: NetName=ADC_A2 Pin=U1-B20
Added Pin To Net: NetName=ADC_A2 Pin=U9-39
Added Net: Name=ADC_A2
Added Pin To Net: NetName=ADC_A3 Pin=U1-C19
Added Pin To Net: NetName=ADC_A3 Pin=U9-40
Added Net: Name=ADC_A3
Added Pin To Net: NetName=ADC_A4 Pin=U1-G19
Added Pin To Net: NetName=ADC_A4 Pin=U9-41
Added Net: Name=ADC_A4
Added Pin To Net: NetName=ADC_A5 Pin=U1-F19
Added Pin To Net: NetName=ADC_A5 Pin=U9-42
Added Net: Name=ADC_A5
Added Pin To Net: NetName=ADC_A6 Pin=U1-G21
Added Pin To Net: NetName=ADC_A6 Pin=U9-43
Added Net: Name=ADC_A6
Added Pin To Net: NetName=ADC_A7 Pin=U1-G20
Added Pin To Net: NetName=ADC_A7 Pin=U9-44
Added Net: Name=ADC_A7
Added Pin To Net: NetName=ADC_B0 Pin=U1-K17
Added Pin To Net: NetName=ADC_B0 Pin=U9-24
Added Net: Name=ADC_B0
Added Pin To Net: NetName=ADC_B1 Pin=U1-J17
Added Pin To Net: NetName=ADC_B1 Pin=U9-23
Added Net: Name=ADC_B1
Added Pin To Net: NetName=ADC_B2 Pin=U1-F21
Added Pin To Net: NetName=ADC_B2 Pin=U9-22
Added Net: Name=ADC_B2
Added Pin To Net: NetName=ADC_B3 Pin=U1-F20
Added Pin To Net: NetName=ADC_B3 Pin=U9-21
Added Net: Name=ADC_B3
Added Pin To Net: NetName=ADC_B4 Pin=U1-G18
Added Pin To Net: NetName=ADC_B4 Pin=U9-20
Added Net: Name=ADC_B4
Added Pin To Net: NetName=ADC_B5 Pin=U1-G17
Added Pin To Net: NetName=ADC_B5 Pin=U9-19
Added Net: Name=ADC_B5
Added Pin To Net: NetName=ADC_B6 Pin=U1-E18
Added Pin To Net: NetName=ADC_B6 Pin=U9-18
Added Net: Name=ADC_B6
Added Pin To Net: NetName=ADC_B7 Pin=U1-F17
Added Pin To Net: NetName=ADC_B7 Pin=U9-17
Added Net: Name=ADC_B7
Added Pin To Net: NetName=ADC_CLK Pin=U1-A17
Added Pin To Net: NetName=ADC_CLK Pin=U9-14
Added Pin To Net: NetName=ADC_CLK Pin=U9-47
Added Net: Name=ADC_CLK
Added Pin To Net: NetName=ADC_DFS Pin=R69-2
Added Pin To Net: NetName=ADC_DFS Pin=U9-4
Added Net: Name=ADC_DFS
Added Pin To Net: NetName=ADC_REF Pin=U9-5
Added Pin To Net: NetName=ADC_REF Pin=U9-6
Added Pin To Net: NetName=ADC_REF Pin=U9-7
Added Net: Name=ADC_REF
Added Pin To Net: NetName=ADC_RX_I_BIAS_N Pin=C85-2
Added Pin To Net: NetName=ADC_RX_I_BIAS_N Pin=R6-1
Added Pin To Net: NetName=ADC_RX_I_BIAS_N Pin=U9-3
Added Net: Name=ADC_RX_I_BIAS_N
Added Pin To Net: NetName=ADC_RX_I_BIAS_P Pin=C84-2
Added Pin To Net: NetName=ADC_RX_I_BIAS_P Pin=R5-1
Added Pin To Net: NetName=ADC_RX_I_BIAS_P Pin=U9-2
Added Net: Name=ADC_RX_I_BIAS_P
Added Pin To Net: NetName=ADC_RX_I_N Pin=C85-1
Added Pin To Net: NetName=ADC_RX_I_N Pin=J2-1
Added Pin To Net: NetName=ADC_RX_I_N Pin=U16-37
Added Net: Name=ADC_RX_I_N
Added Pin To Net: NetName=ADC_RX_I_P Pin=C84-1
Added Pin To Net: NetName=ADC_RX_I_P Pin=J1-1
Added Pin To Net: NetName=ADC_RX_I_P Pin=U16-38
Added Net: Name=ADC_RX_I_P
Added Pin To Net: NetName=ADC_RX_Q_BIAS_N Pin=C88-2
Added Pin To Net: NetName=ADC_RX_Q_BIAS_N Pin=R7-1
Added Pin To Net: NetName=ADC_RX_Q_BIAS_N Pin=U9-10
Added Net: Name=ADC_RX_Q_BIAS_N
Added Pin To Net: NetName=ADC_RX_Q_BIAS_P Pin=C90-2
Added Pin To Net: NetName=ADC_RX_Q_BIAS_P Pin=R8-1
Added Pin To Net: NetName=ADC_RX_Q_BIAS_P Pin=U9-11
Added Net: Name=ADC_RX_Q_BIAS_P
Added Pin To Net: NetName=ADC_RX_Q_N Pin=C88-1
Added Pin To Net: NetName=ADC_RX_Q_N Pin=J3-1
Added Pin To Net: NetName=ADC_RX_Q_N Pin=U16-35
Added Net: Name=ADC_RX_Q_N
Added Pin To Net: NetName=ADC_RX_Q_P Pin=C90-1
Added Pin To Net: NetName=ADC_RX_Q_P Pin=J4-1
Added Pin To Net: NetName=ADC_RX_Q_P Pin=U16-36
Added Net: Name=ADC_RX_Q_P
Added Pin To Net: NetName=ADC_S1 Pin=R2-1
Added Pin To Net: NetName=ADC_S1 Pin=U1-D18
Added Net: Name=ADC_S1
Added Pin To Net: NetName=AGND Pin=C5-1
Added Pin To Net: NetName=AGND Pin=C6-1
Added Pin To Net: NetName=AGND Pin=C7-2
Added Pin To Net: NetName=AGND Pin=C8-1
Added Pin To Net: NetName=AGND Pin=C9-1
Added Pin To Net: NetName=AGND Pin=C10-2
Added Pin To Net: NetName=AGND Pin=C39-1
Added Pin To Net: NetName=AGND Pin=C40-1
Added Pin To Net: NetName=AGND Pin=C41-1
Added Pin To Net: NetName=AGND Pin=C42-1
Added Pin To Net: NetName=AGND Pin=C43-1
Added Pin To Net: NetName=AGND Pin=C44-1
Added Pin To Net: NetName=AGND Pin=C45-1
Added Pin To Net: NetName=AGND Pin=C46-1
Added Pin To Net: NetName=AGND Pin=C47-1
Added Pin To Net: NetName=AGND Pin=C48-1
Added Pin To Net: NetName=AGND Pin=C49-2
Added Pin To Net: NetName=AGND Pin=C52-1
Added Pin To Net: NetName=AGND Pin=C53-1
Added Pin To Net: NetName=AGND Pin=C58-2
Added Pin To Net: NetName=AGND Pin=C73-2
Added Pin To Net: NetName=AGND Pin=C74-2
Added Pin To Net: NetName=AGND Pin=C75-2
Added Pin To Net: NetName=AGND Pin=C79-2
Added Pin To Net: NetName=AGND Pin=C80-1
Added Pin To Net: NetName=AGND Pin=C83-1
Added Pin To Net: NetName=AGND Pin=C94-1
Added Pin To Net: NetName=AGND Pin=C95-1
Added Pin To Net: NetName=AGND Pin=C98-1
Added Pin To Net: NetName=AGND Pin=C99-1
Added Pin To Net: NetName=AGND Pin=C106-1
Added Pin To Net: NetName=AGND Pin=C107-2
Added Pin To Net: NetName=AGND Pin=C133-2
Added Pin To Net: NetName=AGND Pin=C136-2
Added Pin To Net: NetName=AGND Pin=C137-2
Added Pin To Net: NetName=AGND Pin=C139-1
Added Pin To Net: NetName=AGND Pin=C140-2
Added Pin To Net: NetName=AGND Pin=C141-2
Added Pin To Net: NetName=AGND Pin=C142-2
Added Pin To Net: NetName=AGND Pin=C143-2
Added Pin To Net: NetName=AGND Pin=C144-1
Added Pin To Net: NetName=AGND Pin=C145-1
Added Pin To Net: NetName=AGND Pin=C146-1
Added Pin To Net: NetName=AGND Pin=C147-2
Added Pin To Net: NetName=AGND Pin=C148-1
Added Pin To Net: NetName=AGND Pin=C150-1
Added Pin To Net: NetName=AGND Pin=C152-1
Added Pin To Net: NetName=AGND Pin=C153-1
Added Pin To Net: NetName=AGND Pin=C154-1
Added Pin To Net: NetName=AGND Pin=C155-1
Added Pin To Net: NetName=AGND Pin=C156-1
Added Pin To Net: NetName=AGND Pin=C182-1
Added Pin To Net: NetName=AGND Pin=C183-1
Added Pin To Net: NetName=AGND Pin=C184-2
Added Pin To Net: NetName=AGND Pin=C187-1
Added Pin To Net: NetName=AGND Pin=C188-1
Added Pin To Net: NetName=AGND Pin=C189-2
Added Pin To Net: NetName=AGND Pin=FB1-1
Added Pin To Net: NetName=AGND Pin=J14-neg
Added Pin To Net: NetName=AGND Pin=J31-2
Added Pin To Net: NetName=AGND Pin=J31-2
Added Pin To Net: NetName=AGND Pin=J31-2
Added Pin To Net: NetName=AGND Pin=J31-2
Added Pin To Net: NetName=AGND Pin=J32-2
Added Pin To Net: NetName=AGND Pin=J32-2
Added Pin To Net: NetName=AGND Pin=J32-2
Added Pin To Net: NetName=AGND Pin=J32-2
Added Pin To Net: NetName=AGND Pin=J33-2
Added Pin To Net: NetName=AGND Pin=J33-2
Added Pin To Net: NetName=AGND Pin=J33-2
Added Pin To Net: NetName=AGND Pin=J33-2
Added Pin To Net: NetName=AGND Pin=R4-1
Added Pin To Net: NetName=AGND Pin=R10-2
Added Pin To Net: NetName=AGND Pin=U1-AA9
Added Pin To Net: NetName=AGND Pin=U1-AA10
Added Pin To Net: NetName=AGND Pin=U1-AA12
Added Pin To Net: NetName=AGND Pin=U1-AA15
Added Pin To Net: NetName=AGND Pin=U1-AB9
Added Pin To Net: NetName=AGND Pin=U1-AB15
Added Pin To Net: NetName=AGND Pin=U1-AB16
Added Pin To Net: NetName=AGND Pin=U1-AB17
Added Pin To Net: NetName=AGND Pin=U1-T10
Added Pin To Net: NetName=AGND Pin=U1-T11
Added Pin To Net: NetName=AGND Pin=U1-U11
Added Pin To Net: NetName=AGND Pin=U1-U13
Added Pin To Net: NetName=AGND Pin=U1-U15
Added Pin To Net: NetName=AGND Pin=U1-V15
Added Pin To Net: NetName=AGND Pin=U1-W7
Added Pin To Net: NetName=AGND Pin=U1-W10
Added Pin To Net: NetName=AGND Pin=U1-W16
Added Pin To Net: NetName=AGND Pin=U1-W18
Added Pin To Net: NetName=AGND Pin=U1-Y6
Added Pin To Net: NetName=AGND Pin=U1-Y8
Added Pin To Net: NetName=AGND Pin=U1-Y14
Added Pin To Net: NetName=AGND Pin=U5-2
Added Pin To Net: NetName=AGND Pin=U8-3
Added Pin To Net: NetName=AGND Pin=U11-3
Added Pin To Net: NetName=AGND Pin=U12-4
Added Pin To Net: NetName=AGND Pin=U16-2
Added Pin To Net: NetName=AGND Pin=U16-26
Added Pin To Net: NetName=AGND Pin=U16-31
Added Pin To Net: NetName=AGND Pin=U16-47
Added Pin To Net: NetName=AGND Pin=U16-49
Added Pin To Net: NetName=AGND Pin=U18-2
Added Pin To Net: NetName=AGND Pin=U20-2
Added Pin To Net: NetName=AGND Pin=U20-5
Added Pin To Net: NetName=AGND Pin=U22-2
Added Pin To Net: NetName=AGND Pin=U22-5
Added Pin To Net: NetName=AGND Pin=Y2-2
Added Pin To Net: NetName=AGND Pin=Y2-3
Added Pin To Net: NetName=AGND Pin=Y2-4
Added Net: Name=AGND
Added Pin To Net: NetName=B1 Pin=U1-D7
Added Pin To Net: NetName=B1 Pin=U16-23
Added Net: Name=B1
Added Pin To Net: NetName=B2 Pin=U1-E8
Added Pin To Net: NetName=B2 Pin=U16-11
Added Net: Name=B2
Added Pin To Net: NetName=B3 Pin=U1-C4
Added Pin To Net: NetName=B3 Pin=U16-8
Added Net: Name=B3
Added Pin To Net: NetName=B4 Pin=U1-C5
Added Pin To Net: NetName=B4 Pin=U16-34
Added Net: Name=B4
Added Pin To Net: NetName=B5 Pin=U1-D8
Added Pin To Net: NetName=B5 Pin=U16-14
Added Net: Name=B5
Added Pin To Net: NetName=B6 Pin=U1-C7
Added Pin To Net: NetName=B6 Pin=U16-3
Added Net: Name=B6
Added Pin To Net: NetName=B7 Pin=U1-C8
Added Pin To Net: NetName=B7 Pin=U16-6
Added Net: Name=B7
Added Pin To Net: NetName=BBS Pin=C196-2
Added Pin To Net: NetName=BBS Pin=U23-18
Added Net: Name=BBS
Added Pin To Net: NetName=BYPASS Pin=C140-1
Added Pin To Net: NetName=BYPASS Pin=U16-33
Added Net: Name=BYPASS
Added Pin To Net: NetName=C\S\ Pin=R73-1
Added Pin To Net: NetName=C\S\ Pin=U16-15
Added Net: Name=C\S\
Added Pin To Net: NetName=CLK_50MHZ Pin=R60-2
Added Pin To Net: NetName=CLK_50MHZ Pin=U1-E3
Added Net: Name=CLK_50MHZ
Added Pin To Net: NetName=CLKOUT Pin=J16-1
Added Pin To Net: NetName=CLKOUT Pin=U16-21
Added Net: Name=CLKOUT
Added Pin To Net: NetName=CPOUT Pin=C156-2
Added Pin To Net: NetName=CPOUT Pin=R71-1
Added Pin To Net: NetName=CPOUT Pin=R72-2
Added Pin To Net: NetName=CPOUT Pin=U16-24
Added Net: Name=CPOUT
Added Pin To Net: NetName=CREF1 Pin=C104-2
Added Pin To Net: NetName=CREF1 Pin=U12-1
Added Net: Name=CREF1
Added Pin To Net: NetName=CREF2 Pin=C105-2
Added Pin To Net: NetName=CREF2 Pin=U12-28
Added Net: Name=CREF2
Added Pin To Net: NetName=DAC_CLK Pin=U1-A18
Added Pin To Net: NetName=DAC_CLK Pin=U12-9
Added Net: Name=DAC_CLK
Added Pin To Net: NetName=DAC_D0 Pin=U1-E1
Added Pin To Net: NetName=DAC_D0 Pin=U12-14
Added Net: Name=DAC_D0
Added Pin To Net: NetName=DAC_D1 Pin=U1-F3
Added Pin To Net: NetName=DAC_D1 Pin=U12-15
Added Net: Name=DAC_D1
Added Pin To Net: NetName=DAC_D2 Pin=U1-G4
Added Pin To Net: NetName=DAC_D2 Pin=U12-16
Added Net: Name=DAC_D2
Added Pin To Net: NetName=DAC_D3 Pin=U1-H5
Added Pin To Net: NetName=DAC_D3 Pin=U12-17
Added Net: Name=DAC_D3
Added Pin To Net: NetName=DAC_D4 Pin=U1-H6
Added Pin To Net: NetName=DAC_D4 Pin=U12-18
Added Net: Name=DAC_D4
Added Pin To Net: NetName=DAC_D5 Pin=U1-J6
Added Pin To Net: NetName=DAC_D5 Pin=U12-19
Added Net: Name=DAC_D5
Added Pin To Net: NetName=DAC_D6 Pin=U1-B22
Added Pin To Net: NetName=DAC_D6 Pin=U12-20
Added Net: Name=DAC_D6
Added Pin To Net: NetName=DAC_D7 Pin=U1-C22
Added Pin To Net: NetName=DAC_D7 Pin=U12-21
Added Net: Name=DAC_D7
Added Pin To Net: NetName=DAC_DACEN Pin=R70-1
Added Pin To Net: NetName=DAC_DACEN Pin=U1-F1
Added Net: Name=DAC_DACEN
Added Pin To Net: NetName=DAC_PD Pin=R79-1
Added Pin To Net: NetName=DAC_PD Pin=U1-G2
Added Net: Name=DAC_PD
Added Pin To Net: NetName=DAC_REFO Pin=C106-2
Added Pin To Net: NetName=DAC_REFO Pin=U12-25
Added Net: Name=DAC_REFO
Added Pin To Net: NetName=DGND Pin=C1-1
Added Pin To Net: NetName=DGND Pin=C2-1
Added Pin To Net: NetName=DGND Pin=C3-1
Added Pin To Net: NetName=DGND Pin=C4-1
Added Pin To Net: NetName=DGND Pin=C11-2
Added Pin To Net: NetName=DGND Pin=C12-1
Added Pin To Net: NetName=DGND Pin=C13-1
Added Pin To Net: NetName=DGND Pin=C14-1
Added Pin To Net: NetName=DGND Pin=C15-1
Added Pin To Net: NetName=DGND Pin=C16-1
Added Pin To Net: NetName=DGND Pin=C17-1
Added Pin To Net: NetName=DGND Pin=C18-1
Added Pin To Net: NetName=DGND Pin=C19-1
Added Pin To Net: NetName=DGND Pin=C20-1
Added Pin To Net: NetName=DGND Pin=C21-1
Added Pin To Net: NetName=DGND Pin=C22-1
Added Pin To Net: NetName=DGND Pin=C23-1
Added Pin To Net: NetName=DGND Pin=C24-1
Added Pin To Net: NetName=DGND Pin=C25-1
Added Pin To Net: NetName=DGND Pin=C26-1
Added Pin To Net: NetName=DGND Pin=C27-1
Added Pin To Net: NetName=DGND Pin=C28-1
Added Pin To Net: NetName=DGND Pin=C29-1
Added Pin To Net: NetName=DGND Pin=C30-1
Added Pin To Net: NetName=DGND Pin=C31-1
Added Pin To Net: NetName=DGND Pin=C32-1
Added Pin To Net: NetName=DGND Pin=C33-1
Added Pin To Net: NetName=DGND Pin=C34-1
Added Pin To Net: NetName=DGND Pin=C35-1
Added Pin To Net: NetName=DGND Pin=C36-1
Added Pin To Net: NetName=DGND Pin=C37-1
Added Pin To Net: NetName=DGND Pin=C38-1
Added Pin To Net: NetName=DGND Pin=C50-1
Added Pin To Net: NetName=DGND Pin=C51-1
Added Pin To Net: NetName=DGND Pin=C54-2
Added Pin To Net: NetName=DGND Pin=C55-1
Added Pin To Net: NetName=DGND Pin=C56-1
Added Pin To Net: NetName=DGND Pin=C57-2
Added Pin To Net: NetName=DGND Pin=C59-1
Added Pin To Net: NetName=DGND Pin=C60-1
Added Pin To Net: NetName=DGND Pin=C61-2
Added Pin To Net: NetName=DGND Pin=C62--
Added Pin To Net: NetName=DGND Pin=C63-1
Added Pin To Net: NetName=DGND Pin=C64-1
Added Pin To Net: NetName=DGND Pin=C65-2
Added Pin To Net: NetName=DGND Pin=C66-2
Added Pin To Net: NetName=DGND Pin=C67-1
Added Pin To Net: NetName=DGND Pin=C68-1
Added Pin To Net: NetName=DGND Pin=C69-1
Added Pin To Net: NetName=DGND Pin=C70-1
Added Pin To Net: NetName=DGND Pin=C71-1
Added Pin To Net: NetName=DGND Pin=C72-2
Added Pin To Net: NetName=DGND Pin=C76-1
Added Pin To Net: NetName=DGND Pin=C77-1
Added Pin To Net: NetName=DGND Pin=C78-2
Added Pin To Net: NetName=DGND Pin=C81-2
Added Pin To Net: NetName=DGND Pin=C82-1
Added Pin To Net: NetName=DGND Pin=C86-1
Added Pin To Net: NetName=DGND Pin=C87-1
Added Pin To Net: NetName=DGND Pin=C89-1
Added Pin To Net: NetName=DGND Pin=C91-1
Added Pin To Net: NetName=DGND Pin=C92-1
Added Pin To Net: NetName=DGND Pin=C93-1
Added Pin To Net: NetName=DGND Pin=C96-2
Added Pin To Net: NetName=DGND Pin=C97-2
Added Pin To Net: NetName=DGND Pin=C108-2
Added Pin To Net: NetName=DGND Pin=C109-1
Added Pin To Net: NetName=DGND Pin=C110-1
Added Pin To Net: NetName=DGND Pin=C111-1
Added Pin To Net: NetName=DGND Pin=C112-1
Added Pin To Net: NetName=DGND Pin=C113-2
Added Pin To Net: NetName=DGND Pin=C114-1
Added Pin To Net: NetName=DGND Pin=C115-1
Added Pin To Net: NetName=DGND Pin=C116-1
Added Pin To Net: NetName=DGND Pin=C117-2
Added Pin To Net: NetName=DGND Pin=C118-1
Added Pin To Net: NetName=DGND Pin=C119-1
Added Pin To Net: NetName=DGND Pin=C120-1
Added Pin To Net: NetName=DGND Pin=C121-1
Added Pin To Net: NetName=DGND Pin=C122-1
Added Pin To Net: NetName=DGND Pin=C123-1
Added Pin To Net: NetName=DGND Pin=C124-1
Added Pin To Net: NetName=DGND Pin=C125-1
Added Pin To Net: NetName=DGND Pin=C126-1
Added Pin To Net: NetName=DGND Pin=C127-1
Added Pin To Net: NetName=DGND Pin=C128-1
Added Pin To Net: NetName=DGND Pin=C129-1
Added Pin To Net: NetName=DGND Pin=C130-1
Added Pin To Net: NetName=DGND Pin=C131-1
Added Pin To Net: NetName=DGND Pin=C132-1
Added Pin To Net: NetName=DGND Pin=C134-1
Added Pin To Net: NetName=DGND Pin=C135-2
Added Pin To Net: NetName=DGND Pin=C138-2
Added Pin To Net: NetName=DGND Pin=C157-1
Added Pin To Net: NetName=DGND Pin=C158-1
Added Pin To Net: NetName=DGND Pin=C159-1
Added Pin To Net: NetName=DGND Pin=C160-1
Added Pin To Net: NetName=DGND Pin=C161-1
Added Pin To Net: NetName=DGND Pin=C162-2
Added Pin To Net: NetName=DGND Pin=C163-1
Added Pin To Net: NetName=DGND Pin=C164-1
Added Pin To Net: NetName=DGND Pin=C165-1
Added Pin To Net: NetName=DGND Pin=C166-1
Added Pin To Net: NetName=DGND Pin=C167-1
Added Pin To Net: NetName=DGND Pin=C168-1
Added Pin To Net: NetName=DGND Pin=C169-1
Added Pin To Net: NetName=DGND Pin=C170-1
Added Pin To Net: NetName=DGND Pin=C171-2
Added Pin To Net: NetName=DGND Pin=C172-1
Added Pin To Net: NetName=DGND Pin=C173-1
Added Pin To Net: NetName=DGND Pin=C174-2
Added Pin To Net: NetName=DGND Pin=C175-1
Added Pin To Net: NetName=DGND Pin=C176-1
Added Pin To Net: NetName=DGND Pin=C177-1
Added Pin To Net: NetName=DGND Pin=C178-1
Added Pin To Net: NetName=DGND Pin=C179-2
Added Pin To Net: NetName=DGND Pin=C180-2
Added Pin To Net: NetName=DGND Pin=C181-1
Added Pin To Net: NetName=DGND Pin=C185-1
Added Pin To Net: NetName=DGND Pin=C186-1
Added Pin To Net: NetName=DGND Pin=C195-1
Added Pin To Net: NetName=DGND Pin=C196-1
Added Pin To Net: NetName=DGND Pin=D1-2
Added Pin To Net: NetName=DGND Pin=FB1-2
Added Pin To Net: NetName=DGND Pin=J6-5
Added Pin To Net: NetName=DGND Pin=J6-6
Added Pin To Net: NetName=DGND Pin=J6-6
Added Pin To Net: NetName=DGND Pin=J6-6
Added Pin To Net: NetName=DGND Pin=J6-6
Added Pin To Net: NetName=DGND Pin=J19-2
Added Pin To Net: NetName=DGND Pin=J19-3
Added Pin To Net: NetName=DGND Pin=J24-1
Added Pin To Net: NetName=DGND Pin=J25-1
Added Pin To Net: NetName=DGND Pin=J26-1
Added Pin To Net: NetName=DGND Pin=J27-1
Added Pin To Net: NetName=DGND Pin=J28-1
Added Pin To Net: NetName=DGND Pin=J29-1
Added Pin To Net: NetName=DGND Pin=M1-7
Added Pin To Net: NetName=DGND Pin=P5-4
Added Pin To Net: NetName=DGND Pin=P5-5
Added Pin To Net: NetName=DGND Pin=P5-11
Added Pin To Net: NetName=DGND Pin=P5-12
Added Pin To Net: NetName=DGND Pin=P16-1
Added Pin To Net: NetName=DGND Pin=P16-2
Added Pin To Net: NetName=DGND Pin=P17-1
Added Pin To Net: NetName=DGND Pin=P17-2
Added Pin To Net: NetName=DGND Pin=P18-1
Added Pin To Net: NetName=DGND Pin=P18-2
Added Pin To Net: NetName=DGND Pin=P19-1
Added Pin To Net: NetName=DGND Pin=P19-2
Added Pin To Net: NetName=DGND Pin=Q1-2
Added Pin To Net: NetName=DGND Pin=R1-1
Added Pin To Net: NetName=DGND Pin=R19-1
Added Pin To Net: NetName=DGND Pin=R20-1
Added Pin To Net: NetName=DGND Pin=R28-2
Added Pin To Net: NetName=DGND Pin=R30-1
Added Pin To Net: NetName=DGND Pin=R32-1
Added Pin To Net: NetName=DGND Pin=R39-1
Added Pin To Net: NetName=DGND Pin=R41-1
Added Pin To Net: NetName=DGND Pin=R55-1
Added Pin To Net: NetName=DGND Pin=R56-1
Added Pin To Net: NetName=DGND Pin=R57-1
Added Pin To Net: NetName=DGND Pin=R77-1
Added Pin To Net: NetName=DGND Pin=R78-1
Added Pin To Net: NetName=DGND Pin=R81-2
Added Pin To Net: NetName=DGND Pin=R88-2
Added Pin To Net: NetName=DGND Pin=R89-1
Added Pin To Net: NetName=DGND Pin=SW1-2
Added Pin To Net: NetName=DGND Pin=SW1-4
Added Pin To Net: NetName=DGND Pin=SW2-2
Added Pin To Net: NetName=DGND Pin=SW2-4
Added Pin To Net: NetName=DGND Pin=SW3-2
Added Pin To Net: NetName=DGND Pin=SW3-4
Added Pin To Net: NetName=DGND Pin=SW4-2
Added Pin To Net: NetName=DGND Pin=SW4-4
Added Pin To Net: NetName=DGND Pin=U1-A1
Added Pin To Net: NetName=DGND Pin=U1-A4
Added Pin To Net: NetName=DGND Pin=U1-A7
Added Pin To Net: NetName=DGND Pin=U1-A10
Added Pin To Net: NetName=DGND Pin=U1-A13
Added Pin To Net: NetName=DGND Pin=U1-A16
Added Pin To Net: NetName=DGND Pin=U1-A19
Added Pin To Net: NetName=DGND Pin=U1-A22
Added Pin To Net: NetName=DGND Pin=U1-AB1
Added Pin To Net: NetName=DGND Pin=U1-AB4
Added Pin To Net: NetName=DGND Pin=U1-AB22
Added Pin To Net: NetName=DGND Pin=U1-B2
Added Pin To Net: NetName=DGND Pin=U1-B21
Added Pin To Net: NetName=DGND Pin=U1-C11
Added Pin To Net: NetName=DGND Pin=U1-D1
Added Pin To Net: NetName=DGND Pin=U1-D6
Added Pin To Net: NetName=DGND Pin=U1-D9
Added Pin To Net: NetName=DGND Pin=U1-D14
Added Pin To Net: NetName=DGND Pin=U1-D17
Added Pin To Net: NetName=DGND Pin=U1-D22
Added Pin To Net: NetName=DGND Pin=U1-E4
Added Pin To Net: NetName=DGND Pin=U1-E6
Added Pin To Net: NetName=DGND Pin=U1-E17
Added Pin To Net: NetName=DGND Pin=U1-E19
Added Pin To Net: NetName=DGND Pin=U1-F15
Added Pin To Net: NetName=DGND Pin=U1-G1
Added Pin To Net: NetName=DGND Pin=U1-G6
Added Pin To Net: NetName=DGND Pin=U1-G8
Added Pin To Net: NetName=DGND Pin=U1-G10
Added Pin To Net: NetName=DGND Pin=U1-G12
Added Pin To Net: NetName=DGND Pin=U1-G14
Added Pin To Net: NetName=DGND Pin=U1-G16
Added Pin To Net: NetName=DGND Pin=U1-G22
Added Pin To Net: NetName=DGND Pin=U1-H4
Added Pin To Net: NetName=DGND Pin=U1-H7
Added Pin To Net: NetName=DGND Pin=U1-H9
Added Pin To Net: NetName=DGND Pin=U1-H11
Added Pin To Net: NetName=DGND Pin=U1-H13
Added Pin To Net: NetName=DGND Pin=U1-H15
Added Pin To Net: NetName=DGND Pin=U1-H19
Added Pin To Net: NetName=DGND Pin=U1-J8
Added Pin To Net: NetName=DGND Pin=U1-J10
Added Pin To Net: NetName=DGND Pin=U1-J12
Added Pin To Net: NetName=DGND Pin=U1-J14
Added Pin To Net: NetName=DGND Pin=U1-J16
Added Pin To Net: NetName=DGND Pin=U1-K1
Added Pin To Net: NetName=DGND Pin=U1-K7
Added Pin To Net: NetName=DGND Pin=U1-K9
Added Pin To Net: NetName=DGND Pin=U1-K11
Added Pin To Net: NetName=DGND Pin=U1-K13
Added Pin To Net: NetName=DGND Pin=U1-K15
Added Pin To Net: NetName=DGND Pin=U1-K22
Added Pin To Net: NetName=DGND Pin=U1-L4
Added Pin To Net: NetName=DGND Pin=U1-L8
Added Pin To Net: NetName=DGND Pin=U1-L10
Added Pin To Net: NetName=DGND Pin=U1-L12
Added Pin To Net: NetName=DGND Pin=U1-L14
Added Pin To Net: NetName=DGND Pin=U1-L16
Added Pin To Net: NetName=DGND Pin=U1-L17
Added Pin To Net: NetName=DGND Pin=U1-M5
Added Pin To Net: NetName=DGND Pin=U1-M7
Added Pin To Net: NetName=DGND Pin=U1-M9
Added Pin To Net: NetName=DGND Pin=U1-M11
Added Pin To Net: NetName=DGND Pin=U1-M13
Added Pin To Net: NetName=DGND Pin=U1-M15
Added Pin To Net: NetName=DGND Pin=U1-M20
Added Pin To Net: NetName=DGND Pin=U1-N1
Added Pin To Net: NetName=DGND Pin=U1-N8
Added Pin To Net: NetName=DGND Pin=U1-N10
Added Pin To Net: NetName=DGND Pin=U1-N12
Added Pin To Net: NetName=DGND Pin=U1-N14
Added Pin To Net: NetName=DGND Pin=U1-N20
Added Pin To Net: NetName=DGND Pin=U1-N22
Added Pin To Net: NetName=DGND Pin=U1-P3
Added Pin To Net: NetName=DGND Pin=U1-P4
Added Pin To Net: NetName=DGND Pin=U1-P7
Added Pin To Net: NetName=DGND Pin=U1-P9
Added Pin To Net: NetName=DGND Pin=U1-P11
Added Pin To Net: NetName=DGND Pin=U1-P13
Added Pin To Net: NetName=DGND Pin=U1-P15
Added Pin To Net: NetName=DGND Pin=U1-P19
Added Pin To Net: NetName=DGND Pin=U1-R8
Added Pin To Net: NetName=DGND Pin=U1-R10
Added Pin To Net: NetName=DGND Pin=U1-R12
Added Pin To Net: NetName=DGND Pin=U1-R14
Added Pin To Net: NetName=DGND Pin=U1-T1
Added Pin To Net: NetName=DGND Pin=U1-T5
Added Pin To Net: NetName=DGND Pin=U1-T18
Added Pin To Net: NetName=DGND Pin=U1-T22
Added Pin To Net: NetName=DGND Pin=U1-U1
Added Pin To Net: NetName=DGND Pin=U1-U22
Added Pin To Net: NetName=DGND Pin=U1-V6
Added Pin To Net: NetName=DGND Pin=U1-V17
Added Pin To Net: NetName=DGND Pin=U1-W3
Added Pin To Net: NetName=DGND Pin=U1-W20
Added Pin To Net: NetName=DGND Pin=U2-D1
Added Pin To Net: NetName=DGND Pin=U2-E6
Added Pin To Net: NetName=DGND Pin=U2-J2
Added Pin To Net: NetName=DGND Pin=U2-J3
Added Pin To Net: NetName=DGND Pin=U3-33
Added Pin To Net: NetName=DGND Pin=U3-52
Added Pin To Net: NetName=DGND Pin=U4-F7
Added Pin To Net: NetName=DGND Pin=U6-1
Added Pin To Net: NetName=DGND Pin=U7-2
Added Pin To Net: NetName=DGND Pin=U7-3
Added Pin To Net: NetName=DGND Pin=U9-1
Added Pin To Net: NetName=DGND Pin=U9-9
Added Pin To Net: NetName=DGND Pin=U9-12
Added Pin To Net: NetName=DGND Pin=U9-16
Added Pin To Net: NetName=DGND Pin=U9-27
Added Pin To Net: NetName=DGND Pin=U9-29
Added Pin To Net: NetName=DGND Pin=U9-32
Added Pin To Net: NetName=DGND Pin=U9-34
Added Pin To Net: NetName=DGND Pin=U9-45
Added Pin To Net: NetName=DGND Pin=U10-2
Added Pin To Net: NetName=DGND Pin=U12-8
Added Pin To Net: NetName=DGND Pin=U12-11
Added Pin To Net: NetName=DGND Pin=U12-12
Added Pin To Net: NetName=DGND Pin=U12-13
Added Pin To Net: NetName=DGND Pin=U12-23
Added Pin To Net: NetName=DGND Pin=U13-8
Added Pin To Net: NetName=DGND Pin=U13-12
Added Pin To Net: NetName=DGND Pin=U13-23
Added Pin To Net: NetName=DGND Pin=U13-35
Added Pin To Net: NetName=DGND Pin=U13-36
Added Pin To Net: NetName=DGND Pin=U13-39
Added Pin To Net: NetName=DGND Pin=U13-43
Added Pin To Net: NetName=DGND Pin=U13-44
Added Pin To Net: NetName=DGND Pin=U14-3
Added Pin To Net: NetName=DGND Pin=U15-4
Added Pin To Net: NetName=DGND Pin=U17-2
Added Pin To Net: NetName=DGND Pin=U19-7
Added Pin To Net: NetName=DGND Pin=U19-18
Added Pin To Net: NetName=DGND Pin=U19-21
Added Pin To Net: NetName=DGND Pin=U19-25
Added Pin To Net: NetName=DGND Pin=U19-26
Added Pin To Net: NetName=DGND Pin=U21-3
Added Pin To Net: NetName=DGND Pin=U23-5
Added Pin To Net: NetName=DGND Pin=U23-8
Added Pin To Net: NetName=DGND Pin=U23-15
Added Pin To Net: NetName=DGND Pin=Y3-2
Added Net: Name=DGND
Added Pin To Net: NetName=DIN Pin=R75-1
Added Pin To Net: NetName=DIN Pin=U16-19
Added Net: Name=DIN
Added Pin To Net: NetName=DPLX Pin=R36-1
Added Pin To Net: NetName=DPLX Pin=U13-28
Added Net: Name=DPLX
Added Pin To Net: NetName=EMC_AB1 Pin=U1-A9
Added Pin To Net: NetName=EMC_AB1 Pin=U2-A3
Added Pin To Net: NetName=EMC_AB1 Pin=U3-31
Added Net: Name=EMC_AB1
Added Pin To Net: NetName=EMC_AB2 Pin=U1-B10
Added Pin To Net: NetName=EMC_AB2 Pin=U2-A4
Added Pin To Net: NetName=EMC_AB2 Pin=U3-26
Added Net: Name=EMC_AB2
Added Pin To Net: NetName=EMC_AB3 Pin=U1-B11
Added Pin To Net: NetName=EMC_AB3 Pin=U2-A5
Added Pin To Net: NetName=EMC_AB3 Pin=U3-25
Added Net: Name=EMC_AB3
Added Pin To Net: NetName=EMC_AB4 Pin=U1-E11
Added Pin To Net: NetName=EMC_AB4 Pin=U2-B3
Added Pin To Net: NetName=EMC_AB4 Pin=U3-24
Added Net: Name=EMC_AB4
Added Pin To Net: NetName=EMC_AB5 Pin=U1-E12
Added Pin To Net: NetName=EMC_AB5 Pin=U2-B4
Added Pin To Net: NetName=EMC_AB5 Pin=U3-23
Added Net: Name=EMC_AB5
Added Pin To Net: NetName=EMC_AB6 Pin=U1-B12
Added Pin To Net: NetName=EMC_AB6 Pin=U2-C3
Added Pin To Net: NetName=EMC_AB6 Pin=U3-22
Added Net: Name=EMC_AB6
Added Pin To Net: NetName=EMC_AB7 Pin=U1-A12
Added Pin To Net: NetName=EMC_AB7 Pin=U2-C4
Added Pin To Net: NetName=EMC_AB7 Pin=U3-21
Added Net: Name=EMC_AB7
Added Pin To Net: NetName=EMC_AB8 Pin=U1-C13
Added Pin To Net: NetName=EMC_AB8 Pin=U2-D4
Added Pin To Net: NetName=EMC_AB8 Pin=U3-20
Added Net: Name=EMC_AB8
Added Pin To Net: NetName=EMC_AB9 Pin=U1-D13
Added Pin To Net: NetName=EMC_AB9 Pin=U2-H2
Added Pin To Net: NetName=EMC_AB9 Pin=U3-10
Added Net: Name=EMC_AB9
Added Pin To Net: NetName=EMC_AB10 Pin=U1-D11
Added Pin To Net: NetName=EMC_AB10 Pin=U2-H3
Added Pin To Net: NetName=EMC_AB10 Pin=U3-9
Added Net: Name=EMC_AB10
Added Pin To Net: NetName=EMC_AB11 Pin=U1-D12
Added Pin To Net: NetName=EMC_AB11 Pin=U2-H4
Added Pin To Net: NetName=EMC_AB11 Pin=U3-8
Added Net: Name=EMC_AB11
Added Pin To Net: NetName=EMC_AB12 Pin=U1-A14
Added Pin To Net: NetName=EMC_AB12 Pin=U2-H5
Added Pin To Net: NetName=EMC_AB12 Pin=U3-7
Added Net: Name=EMC_AB12
Added Pin To Net: NetName=EMC_AB13 Pin=U1-A15
Added Pin To Net: NetName=EMC_AB13 Pin=U2-G3
Added Pin To Net: NetName=EMC_AB13 Pin=U3-6
Added Net: Name=EMC_AB13
Added Pin To Net: NetName=EMC_AB14 Pin=U1-B13
Added Pin To Net: NetName=EMC_AB14 Pin=U2-G4
Added Pin To Net: NetName=EMC_AB14 Pin=U3-5
Added Net: Name=EMC_AB14
Added Pin To Net: NetName=EMC_AB15 Pin=U1-B14
Added Pin To Net: NetName=EMC_AB15 Pin=U2-F3
Added Pin To Net: NetName=EMC_AB15 Pin=U3-4
Added Net: Name=EMC_AB15
Added Pin To Net: NetName=EMC_AB16 Pin=U1-C14
Added Pin To Net: NetName=EMC_AB16 Pin=U2-F4
Added Pin To Net: NetName=EMC_AB16 Pin=U3-3
Added Net: Name=EMC_AB16
Added Pin To Net: NetName=EMC_AB17 Pin=U1-C15
Added Pin To Net: NetName=EMC_AB17 Pin=U2-E4
Added Pin To Net: NetName=EMC_AB17 Pin=U3-54
Added Net: Name=EMC_AB17
Added Pin To Net: NetName=EMC_AB18 Pin=U1-B16
Added Pin To Net: NetName=EMC_AB18 Pin=U2-D3
Added Pin To Net: NetName=EMC_AB18 Pin=U3-19
Added Net: Name=EMC_AB18
Added Pin To Net: NetName=EMC_AB19 Pin=U1-B17
Added Pin To Net: NetName=EMC_AB19 Pin=U2-H1
Added Pin To Net: NetName=EMC_AB19 Pin=U3-18
Added Net: Name=EMC_AB19
Added Pin To Net: NetName=EMC_AB20 Pin=U1-F13
Added Pin To Net: NetName=EMC_AB20 Pin=U2-G2
Added Pin To Net: NetName=EMC_AB20 Pin=U3-11
Added Net: Name=EMC_AB20
Added Pin To Net: NetName=EMC_AB21 Pin=U1-F14
Added Pin To Net: NetName=EMC_AB21 Pin=U2-H6
Added Pin To Net: NetName=EMC_AB21 Pin=U3-12
Added Net: Name=EMC_AB21
Added Pin To Net: NetName=EMC_AB22 Pin=U1-C17
Added Pin To Net: NetName=EMC_AB22 Pin=U2-E3
Added Pin To Net: NetName=EMC_AB22 Pin=U3-15
Added Net: Name=EMC_AB22
Added Pin To Net: NetName=EMC_AB23 Pin=U1-C18
Added Pin To Net: NetName=EMC_AB23 Pin=U2-J4
Added Net: Name=EMC_AB23
Added Pin To Net: NetName=EMC_BYTE_NEN0 Pin=U1-B9
Added Pin To Net: NetName=EMC_BYTE_NEN0 Pin=U2-A1
Added Net: Name=EMC_BYTE_NEN0
Added Pin To Net: NetName=EMC_BYTE_NEN1 Pin=U1-C9
Added Pin To Net: NetName=EMC_BYTE_NEN1 Pin=U2-B2
Added Net: Name=EMC_BYTE_NEN1
Added Pin To Net: NetName=EMC_DB0 Pin=U1-K2
Added Pin To Net: NetName=EMC_DB0 Pin=U2-B6
Added Pin To Net: NetName=EMC_DB0 Pin=U3-35
Added Net: Name=EMC_DB0
Added Pin To Net: NetName=EMC_DB1 Pin=U1-K3
Added Pin To Net: NetName=EMC_DB1 Pin=U2-C5
Added Pin To Net: NetName=EMC_DB1 Pin=U3-37
Added Net: Name=EMC_DB1
Added Pin To Net: NetName=EMC_DB2 Pin=U1-K5
Added Pin To Net: NetName=EMC_DB2 Pin=U2-C6
Added Pin To Net: NetName=EMC_DB2 Pin=U3-39
Added Net: Name=EMC_DB2
Added Pin To Net: NetName=EMC_DB3 Pin=U1-J4
Added Pin To Net: NetName=EMC_DB3 Pin=U2-D5
Added Pin To Net: NetName=EMC_DB3 Pin=U3-41
Added Net: Name=EMC_DB3
Added Pin To Net: NetName=EMC_DB4 Pin=U1-J3
Added Pin To Net: NetName=EMC_DB4 Pin=U2-E5
Added Pin To Net: NetName=EMC_DB4 Pin=U3-44
Added Net: Name=EMC_DB4
Added Pin To Net: NetName=EMC_DB5 Pin=U1-J2
Added Pin To Net: NetName=EMC_DB5 Pin=U2-F5
Added Pin To Net: NetName=EMC_DB5 Pin=U3-46
Added Net: Name=EMC_DB5
Added Pin To Net: NetName=EMC_DB6 Pin=U1-J1
Added Pin To Net: NetName=EMC_DB6 Pin=U2-F6
Added Pin To Net: NetName=EMC_DB6 Pin=U3-48
Added Net: Name=EMC_DB6
Added Pin To Net: NetName=EMC_DB7 Pin=U1-H1
Added Pin To Net: NetName=EMC_DB7 Pin=U2-G6
Added Pin To Net: NetName=EMC_DB7 Pin=U3-50
Added Net: Name=EMC_DB7
Added Pin To Net: NetName=EMC_DB8 Pin=U1-H3
Added Pin To Net: NetName=EMC_DB8 Pin=U2-B1
Added Pin To Net: NetName=EMC_DB8 Pin=U3-36
Added Net: Name=EMC_DB8
Added Pin To Net: NetName=EMC_DB9 Pin=U1-G3
Added Pin To Net: NetName=EMC_DB9 Pin=U2-C1
Added Pin To Net: NetName=EMC_DB9 Pin=U3-38
Added Net: Name=EMC_DB9
Added Pin To Net: NetName=EMC_DB10 Pin=U1-F4
Added Pin To Net: NetName=EMC_DB10 Pin=U2-C2
Added Pin To Net: NetName=EMC_DB10 Pin=U3-40
Added Net: Name=EMC_DB10
Added Pin To Net: NetName=EMC_DB11 Pin=U1-G5
Added Pin To Net: NetName=EMC_DB11 Pin=U2-D2
Added Pin To Net: NetName=EMC_DB11 Pin=U3-42
Added Net: Name=EMC_DB11
Added Pin To Net: NetName=EMC_DB12 Pin=U1-D2
Added Pin To Net: NetName=EMC_DB12 Pin=U2-E2
Added Pin To Net: NetName=EMC_DB12 Pin=U3-45
Added Net: Name=EMC_DB12
Added Pin To Net: NetName=EMC_DB13 Pin=U1-D3
Added Pin To Net: NetName=EMC_DB13 Pin=U2-F2
Added Pin To Net: NetName=EMC_DB13 Pin=U3-47
Added Net: Name=EMC_DB13
Added Pin To Net: NetName=EMC_DB14 Pin=U1-C1
Added Pin To Net: NetName=EMC_DB14 Pin=U2-F1
Added Pin To Net: NetName=EMC_DB14 Pin=U3-49
Added Net: Name=EMC_DB14
Added Pin To Net: NetName=EMC_DB15 Pin=U1-B1
Added Pin To Net: NetName=EMC_DB15 Pin=U2-G1
Added Pin To Net: NetName=EMC_DB15 Pin=U3-51
Added Net: Name=EMC_DB15
Added Pin To Net: NetName=EMC_NCS_FL Pin=U1-A6
Added Pin To Net: NetName=EMC_NCS_FL Pin=U3-32
Added Net: Name=EMC_NCS_FL
Added Pin To Net: NetName=EMC_NCS_RAM Pin=U1-A5
Added Pin To Net: NetName=EMC_NCS_RAM Pin=U2-B5
Added Net: Name=EMC_NCS_RAM
Added Pin To Net: NetName=EMC_NOE_FL Pin=U1-C10
Added Pin To Net: NetName=EMC_NOE_FL Pin=U3-34
Added Net: Name=EMC_NOE_FL
Added Pin To Net: NetName=EMC_NOE_RAM Pin=U1-D10
Added Pin To Net: NetName=EMC_NOE_RAM Pin=U2-A2
Added Net: Name=EMC_NOE_RAM
Added Pin To Net: NetName=EMC_NRW Pin=U1-B6
Added Pin To Net: NetName=EMC_NRW Pin=U2-G5
Added Pin To Net: NetName=EMC_NRW Pin=U3-13
Added Net: Name=EMC_NRW
Added Pin To Net: NetName=ETH_POE Pin=C62-+
Added Pin To Net: NetName=ETH_POE Pin=J13-1
Added Pin To Net: NetName=ETH_POE Pin=M1-8
Added Pin To Net: NetName=ETH_POE Pin=R80-2
Added Pin To Net: NetName=ETH_POE Pin=SW6-5
Added Net: Name=ETH_POE
Added Pin To Net: NetName=J_GND Pin=C123-2
Added Pin To Net: NetName=J_GND Pin=J11-15
Added Pin To Net: NetName=J_GND Pin=J11-16
Added Pin To Net: NetName=J_GND Pin=R41-2
Added Net: Name=J_GND
Added Pin To Net: NetName=JTAG_TCK Pin=R56-2
Added Pin To Net: NetName=JTAG_TCK Pin=R62-2
Added Pin To Net: NetName=JTAG_TCK Pin=U1-P18
Added Net: Name=JTAG_TCK
Added Pin To Net: NetName=JTAG_TDI Pin=R65-2
Added Pin To Net: NetName=JTAG_TDI Pin=U1-P17
Added Net: Name=JTAG_TDI
Added Pin To Net: NetName=JTAG_TDO Pin=R67-1
Added Pin To Net: NetName=JTAG_TDO Pin=U1-P21
Added Net: Name=JTAG_TDO
Added Pin To Net: NetName=JTAG_TMS Pin=R63-1
Added Pin To Net: NetName=JTAG_TMS Pin=U1-P20
Added Net: Name=JTAG_TMS
Added Pin To Net: NetName=JTAG_TRSTB Pin=P5-8
Added Pin To Net: NetName=JTAG_TRSTB Pin=R57-2
Added Pin To Net: NetName=JTAG_TRSTB Pin=U1-P22
Added Net: Name=JTAG_TRSTB
Added Pin To Net: NetName=LED_ACT Pin=R34-1
Added Pin To Net: NetName=LED_ACT Pin=R40-1
Added Pin To Net: NetName=LED_ACT Pin=U13-26
Added Net: Name=LED_ACT
Added Pin To Net: NetName=LED_SPD Pin=R35-1
Added Pin To Net: NetName=LED_SPD Pin=R37-1
Added Pin To Net: NetName=LED_SPD Pin=U13-27
Added Net: Name=LED_SPD
Added Pin To Net: NetName=MSS_RMII_CLK Pin=R64-2
Added Pin To Net: NetName=MSS_RMII_CLK Pin=U1-T6
Added Net: Name=MSS_RMII_CLK
Added Pin To Net: NetName=MSS_USER_IO0 Pin=P4-1
Added Pin To Net: NetName=MSS_USER_IO0 Pin=U1-T3
Added Net: Name=MSS_USER_IO0
Added Pin To Net: NetName=MSS_USER_IO1 Pin=P4-2
Added Pin To Net: NetName=MSS_USER_IO1 Pin=U1-V3
Added Net: Name=MSS_USER_IO1
Added Pin To Net: NetName=MSS_USER_IO2 Pin=P4-3
Added Pin To Net: NetName=MSS_USER_IO2 Pin=U1-U3
Added Net: Name=MSS_USER_IO2
Added Pin To Net: NetName=MSS_USER_IO3 Pin=P4-4
Added Pin To Net: NetName=MSS_USER_IO3 Pin=U1-T4
Added Net: Name=MSS_USER_IO3
Added Pin To Net: NetName=MSS_USER_IO4 Pin=P4-5
Added Pin To Net: NetName=MSS_USER_IO4 Pin=U1-AA2
Added Net: Name=MSS_USER_IO4
Added Pin To Net: NetName=MSS_USER_IO5 Pin=P4-6
Added Pin To Net: NetName=MSS_USER_IO5 Pin=U1-AB2
Added Net: Name=MSS_USER_IO5
Added Pin To Net: NetName=MSS_USER_IO6 Pin=P4-7
Added Pin To Net: NetName=MSS_USER_IO6 Pin=U1-AB3
Added Net: Name=MSS_USER_IO6
Added Pin To Net: NetName=MSS_USER_IO7 Pin=P4-8
Added Pin To Net: NetName=MSS_USER_IO7 Pin=U1-Y3
Added Net: Name=MSS_USER_IO7
Added Pin To Net: NetName=NetC67_2 Pin=C67-2
Added Pin To Net: NetName=NetC67_2 Pin=J19-1
Added Pin To Net: NetName=NetC67_2 Pin=L2-1
Added Net: Name=NetC67_2
Added Pin To Net: NetName=NetC83_2 Pin=C83-2
Added Pin To Net: NetName=NetC83_2 Pin=R3-1
Added Pin To Net: NetName=NetC83_2 Pin=R4-2
Added Pin To Net: NetName=NetC83_2 Pin=R5-2
Added Pin To Net: NetName=NetC83_2 Pin=R6-2
Added Pin To Net: NetName=NetC83_2 Pin=R7-2
Added Pin To Net: NetName=NetC83_2 Pin=R8-2
Added Net: Name=NetC83_2
Added Pin To Net: NetName=NetC94_2 Pin=C94-2
Added Pin To Net: NetName=NetC94_2 Pin=U1-AA16
Added Pin To Net: NetName=NetC94_2 Pin=Y1-1
Added Net: Name=NetC94_2
Added Pin To Net: NetName=NetC95_2 Pin=C95-2
Added Pin To Net: NetName=NetC95_2 Pin=U1-AA17
Added Pin To Net: NetName=NetC95_2 Pin=Y1-2
Added Net: Name=NetC95_2
Added Pin To Net: NetName=NetC99_2 Pin=C99-2
Added Pin To Net: NetName=NetC99_2 Pin=R9-2
Added Pin To Net: NetName=NetC99_2 Pin=R10-1
Added Pin To Net: NetName=NetC99_2 Pin=R11-2
Added Pin To Net: NetName=NetC99_2 Pin=R12-2
Added Pin To Net: NetName=NetC99_2 Pin=R13-2
Added Pin To Net: NetName=NetC99_2 Pin=R14-2
Added Net: Name=NetC99_2
Added Pin To Net: NetName=NetC111_2 Pin=C111-2
Added Pin To Net: NetName=NetC111_2 Pin=C112-2
Added Pin To Net: NetName=NetC111_2 Pin=FB5-1
Added Pin To Net: NetName=NetC111_2 Pin=U13-13
Added Net: Name=NetC111_2
Added Pin To Net: NetName=NetC113_1 Pin=C113-1
Added Pin To Net: NetName=NetC113_1 Pin=C114-2
Added Pin To Net: NetName=NetC113_1 Pin=C115-2
Added Pin To Net: NetName=NetC113_1 Pin=C116-2
Added Pin To Net: NetName=NetC113_1 Pin=FB6-1
Added Pin To Net: NetName=NetC113_1 Pin=U13-47
Added Net: Name=NetC113_1
Added Pin To Net: NetName=NetC129_2 Pin=C129-2
Added Pin To Net: NetName=NetC129_2 Pin=FB7-1
Added Pin To Net: NetName=NetC129_2 Pin=U14-5
Added Net: Name=NetC129_2
Added Pin To Net: NetName=NetC131_2 Pin=C131-2
Added Pin To Net: NetName=NetC131_2 Pin=U7-4
Added Net: Name=NetC131_2
Added Pin To Net: NetName=NetC141_1 Pin=C141-1
Added Pin To Net: NetName=NetC141_1 Pin=R71-2
Added Pin To Net: NetName=NetC141_1 Pin=U16-32
Added Net: Name=NetC141_1
Added Pin To Net: NetName=NetC147_1 Pin=C147-1
Added Pin To Net: NetName=NetC147_1 Pin=R72-1
Added Net: Name=NetC147_1
Added Pin To Net: NetName=NetC149_1 Pin=C149-1
Added Pin To Net: NetName=NetC149_1 Pin=C151-2
Added Pin To Net: NetName=NetC149_1 Pin=U16-28
Added Net: Name=NetC149_1
Added Pin To Net: NetName=NetC149_2 Pin=C149-2
Added Pin To Net: NetName=NetC149_2 Pin=C152-2
Added Pin To Net: NetName=NetC149_2 Pin=U16-29
Added Net: Name=NetC149_2
Added Pin To Net: NetName=NetC151_1 Pin=C151-1
Added Pin To Net: NetName=NetC151_1 Pin=Y2-1
Added Net: Name=NetC151_1
Added Pin To Net: NetName=NetC157_2 Pin=C157-2
Added Pin To Net: NetName=NetC157_2 Pin=U10-4
Added Net: Name=NetC157_2
Added Pin To Net: NetName=NetC166_2 Pin=C166-2
Added Pin To Net: NetName=NetC166_2 Pin=D10-1
Added Pin To Net: NetName=NetC166_2 Pin=U19-17
Added Net: Name=NetC166_2
Added Pin To Net: NetName=NetC175_2 Pin=C175-2
Added Pin To Net: NetName=NetC175_2 Pin=U15-1
Added Net: Name=NetC175_2
Added Pin To Net: NetName=NetC176_2 Pin=C176-2
Added Pin To Net: NetName=NetC176_2 Pin=U15-3
Added Net: Name=NetC176_2
Added Pin To Net: NetName=NetC181_2 Pin=C181-2
Added Pin To Net: NetName=NetC181_2 Pin=U17-4
Added Net: Name=NetC181_2
Added Pin To Net: NetName=NetC190_1 Pin=C190-1
Added Pin To Net: NetName=NetC190_1 Pin=U18-1
Added Net: Name=NetC190_1
Added Pin To Net: NetName=NetC191_2 Pin=C191-2
Added Pin To Net: NetName=NetC191_2 Pin=U18-5
Added Net: Name=NetC191_2
Added Pin To Net: NetName=NetC192_1 Pin=C192-1
Added Pin To Net: NetName=NetC192_1 Pin=U18-3
Added Net: Name=NetC192_1
Added Pin To Net: NetName=NetD1_1 Pin=D1-1
Added Pin To Net: NetName=NetD1_1 Pin=R86-2
Added Net: Name=NetD1_1
Added Pin To Net: NetName=NetD2_2 Pin=D2-2
Added Pin To Net: NetName=NetD2_2 Pin=R53-2
Added Net: Name=NetD2_2
Added Pin To Net: NetName=NetD3_2 Pin=D3-2
Added Pin To Net: NetName=NetD3_2 Pin=R52-2
Added Net: Name=NetD3_2
Added Pin To Net: NetName=NetD4_2 Pin=D4-2
Added Pin To Net: NetName=NetD4_2 Pin=R51-2
Added Net: Name=NetD4_2
Added Pin To Net: NetName=NetD5_2 Pin=D5-2
Added Pin To Net: NetName=NetD5_2 Pin=R50-2
Added Net: Name=NetD5_2
Added Pin To Net: NetName=NetD6_2 Pin=D6-2
Added Pin To Net: NetName=NetD6_2 Pin=R49-2
Added Net: Name=NetD6_2
Added Pin To Net: NetName=NetD7_2 Pin=D7-2
Added Pin To Net: NetName=NetD7_2 Pin=R48-2
Added Net: Name=NetD7_2
Added Pin To Net: NetName=NetD8_2 Pin=D8-2
Added Pin To Net: NetName=NetD8_2 Pin=R47-2
Added Net: Name=NetD8_2
Added Pin To Net: NetName=NetD9_2 Pin=D9-2
Added Pin To Net: NetName=NetD9_2 Pin=R46-2
Added Net: Name=NetD9_2
Added Pin To Net: NetName=NetD10_2 Pin=D10-2
Added Pin To Net: NetName=NetD10_2 Pin=R78-2
Added Net: Name=NetD10_2
Added Pin To Net: NetName=NetFB11_1 Pin=P20-2
Added Net: Name=NetFB11_1
Added Pin To Net: NetName=NetJ11_12 Pin=J11-12
Added Pin To Net: NetName=NetJ11_12 Pin=R37-2
Added Net: Name=NetJ11_12
Added Pin To Net: NetName=NetJ11_14 Pin=J11-14
Added Pin To Net: NetName=NetJ11_14 Pin=R40-2
Added Net: Name=NetJ11_14
Added Pin To Net: NetName=NetM1_5 Pin=M1-5
Added Pin To Net: NetName=NetM1_5 Pin=R82-1
Added Net: Name=NetM1_5
Added Pin To Net: NetName=NetM1_6 Pin=M1-6
Added Pin To Net: NetName=NetM1_6 Pin=R82-2
Added Net: Name=NetM1_6
Added Pin To Net: NetName=NetM1_9 Pin=M1-9
Added Pin To Net: NetName=NetM1_9 Pin=R80-1
Added Pin To Net: NetName=NetM1_9 Pin=R81-1
Added Net: Name=NetM1_9
Added Pin To Net: NetName=NetP13_1 Pin=P13-1
Added Pin To Net: NetName=NetP13_1 Pin=P13-2
Added Pin To Net: NetName=NetP13_1 Pin=SW6-4
Added Net: Name=NetP13_1
Added Pin To Net: NetName=NetP14_2 Pin=P14-2
Added Pin To Net: NetName=NetP14_2 Pin=Q1-3
Added Pin To Net: NetName=NetP14_2 Pin=R85-1
Added Net: Name=NetP14_2
Added Pin To Net: NetName=NetQ1_1 Pin=Q1-1
Added Pin To Net: NetName=NetQ1_1 Pin=R87-1
Added Pin To Net: NetName=NetQ1_1 Pin=R88-1
Added Net: Name=NetQ1_1
Added Pin To Net: NetName=NetQ2_1 Pin=Q2-1
Added Pin To Net: NetName=NetQ2_1 Pin=U1-AB20
Added Net: Name=NetQ2_1
Added Pin To Net: NetName=NetR1_2 Pin=R1-2
Added Pin To Net: NetName=NetR1_2 Pin=U2-A6
Added Net: Name=NetR1_2
Added Pin To Net: NetName=NetR2_2 Pin=R2-2
Added Pin To Net: NetName=NetR2_2 Pin=U9-8
Added Net: Name=NetR2_2
Added Pin To Net: NetName=NetR3_2 Pin=R3-2
Added Pin To Net: NetName=NetR3_2 Pin=U8-2
Added Net: Name=NetR3_2
Added Pin To Net: NetName=NetR9_1 Pin=R9-1
Added Pin To Net: NetName=NetR9_1 Pin=U11-2
Added Net: Name=NetR9_1
Added Pin To Net: NetName=NetR15_2 Pin=R15-2
Added Pin To Net: NetName=NetR15_2 Pin=U13-17
Added Net: Name=NetR15_2
Added Pin To Net: NetName=NetR17_1 Pin=R17-1
Added Pin To Net: NetName=NetR17_1 Pin=U13-46
Added Net: Name=NetR17_1
Added Pin To Net: NetName=NetR18_2 Pin=R18-2
Added Pin To Net: NetName=NetR18_2 Pin=U13-18
Added Net: Name=NetR18_2
Added Pin To Net: NetName=NetR19_2 Pin=R19-2
Added Pin To Net: NetName=NetR19_2 Pin=U13-19
Added Net: Name=NetR19_2
Added Pin To Net: NetName=NetR20_2 Pin=R20-2
Added Pin To Net: NetName=NetR20_2 Pin=U13-20
Added Net: Name=NetR20_2
Added Pin To Net: NetName=NetR23_2 Pin=R23-2
Added Pin To Net: NetName=NetR23_2 Pin=U13-6
Added Net: Name=NetR23_2
Added Pin To Net: NetName=NetR25_2 Pin=R25-2
Added Pin To Net: NetName=NetR25_2 Pin=U13-5
Added Net: Name=NetR25_2
Added Pin To Net: NetName=NetR26_2 Pin=R26-2
Added Pin To Net: NetName=NetR26_2 Pin=U13-9
Added Net: Name=NetR26_2
Added Pin To Net: NetName=NetR28_1 Pin=R28-1
Added Pin To Net: NetName=NetR28_1 Pin=U13-37
Added Net: Name=NetR28_1
Added Pin To Net: NetName=NetR29_2 Pin=R29-2
Added Pin To Net: NetName=NetR29_2 Pin=U13-21
Added Net: Name=NetR29_2
Added Pin To Net: NetName=NetR30_2 Pin=R30-2
Added Pin To Net: NetName=NetR30_2 Pin=U13-22
Added Net: Name=NetR30_2
Added Pin To Net: NetName=NetR31_1 Pin=R31-1
Added Pin To Net: NetName=NetR31_1 Pin=U13-30
Added Net: Name=NetR31_1
Added Pin To Net: NetName=NetR32_2 Pin=R32-2
Added Pin To Net: NetName=NetR32_2 Pin=U13-14
Added Net: Name=NetR32_2
Added Pin To Net: NetName=NetR33_1 Pin=R33-1
Added Pin To Net: NetName=NetR33_1 Pin=U13-25
Added Net: Name=NetR33_1
Added Pin To Net: NetName=NetR39_2 Pin=R39-2
Added Pin To Net: NetName=NetR39_2 Pin=U13-34
Added Net: Name=NetR39_2
Added Pin To Net: NetName=NetR42_1 Pin=R42-1
Added Pin To Net: NetName=NetR42_1 Pin=SW4-1
Added Pin To Net: NetName=NetR42_1 Pin=SW4-3
Added Pin To Net: NetName=NetR42_1 Pin=U1-E14
Added Net: Name=NetR42_1
Added Pin To Net: NetName=NetR43_1 Pin=R43-1
Added Pin To Net: NetName=NetR43_1 Pin=SW3-1
Added Pin To Net: NetName=NetR43_1 Pin=SW3-3
Added Pin To Net: NetName=NetR43_1 Pin=U1-D15
Added Net: Name=NetR43_1
Added Pin To Net: NetName=NetR44_1 Pin=R44-1
Added Pin To Net: NetName=NetR44_1 Pin=SW2-1
Added Pin To Net: NetName=NetR44_1 Pin=SW2-3
Added Pin To Net: NetName=NetR44_1 Pin=U1-B19
Added Net: Name=NetR44_1
Added Pin To Net: NetName=NetR45_1 Pin=R45-1
Added Pin To Net: NetName=NetR45_1 Pin=SW1-1
Added Pin To Net: NetName=NetR45_1 Pin=SW1-3
Added Pin To Net: NetName=NetR45_1 Pin=U1-J21
Added Net: Name=NetR45_1
Added Pin To Net: NetName=NetR55_2 Pin=R55-2
Added Pin To Net: NetName=NetR55_2 Pin=SW5-1
Added Pin To Net: NetName=NetR55_2 Pin=SW5-3
Added Net: Name=NetR55_2
Added Pin To Net: NetName=NetR58_2 Pin=R58-2
Added Pin To Net: NetName=NetR58_2 Pin=U1-R16
Added Net: Name=NetR58_2
Added Pin To Net: NetName=NetR59_2 Pin=R59-2
Added Pin To Net: NetName=NetR59_2 Pin=Y3-1
Added Net: Name=NetR59_2
Added Pin To Net: NetName=NetR60_1 Pin=R60-1
Added Pin To Net: NetName=NetR60_1 Pin=R61-1
Added Pin To Net: NetName=NetR60_1 Pin=Y3-3
Added Net: Name=NetR60_1
Added Pin To Net: NetName=NetR61_2 Pin=R61-2
Added Pin To Net: NetName=NetR61_2 Pin=U14-2
Added Net: Name=NetR61_2
Added Pin To Net: NetName=NetR64_1 Pin=R64-1
Added Pin To Net: NetName=NetR64_1 Pin=R66-1
Added Pin To Net: NetName=NetR64_1 Pin=U14-4
Added Net: Name=NetR64_1
Added Pin To Net: NetName=NetR70_2 Pin=R70-2
Added Pin To Net: NetName=NetR70_2 Pin=U12-6
Added Net: Name=NetR70_2
Added Pin To Net: NetName=NetR76_1 Pin=R76-1
Added Pin To Net: NetName=NetR76_1 Pin=R77-2
Added Pin To Net: NetName=NetR76_1 Pin=U19-19
Added Net: Name=NetR76_1
Added Pin To Net: NetName=NetR79_2 Pin=R79-2
Added Pin To Net: NetName=NetR79_2 Pin=U12-7
Added Net: Name=NetR79_2
Added Pin To Net: NetName=NetR83_2 Pin=R83-2
Added Pin To Net: NetName=NetR83_2 Pin=U16-48
Added Net: Name=NetR83_2
Added Pin To Net: NetName=NetR84_2 Pin=R84-2
Added Pin To Net: NetName=NetR84_2 Pin=U16-12
Added Net: Name=NetR84_2
Added Pin To Net: NetName=NetR89_2 Pin=R89-2
Added Pin To Net: NetName=NetR89_2 Pin=U15-6
Added Net: Name=NetR89_2
Added Pin To Net: NetName=NRESET Pin=C124-2
Added Pin To Net: NetName=NRESET Pin=J5-1
Added Pin To Net: NetName=NRESET Pin=R54-1
Added Pin To Net: NetName=NRESET Pin=SW5-2
Added Pin To Net: NetName=NRESET Pin=SW5-4
Added Pin To Net: NetName=NRESET Pin=U1-R1
Added Pin To Net: NetName=NRESET Pin=U3-14
Added Pin To Net: NetName=NRESET Pin=U13-48
Added Pin To Net: NetName=NRESET Pin=U23-16
Added Net: Name=NRESET
Added Pin To Net: NetName=NWEN Pin=R38-1
Added Pin To Net: NetName=NWEN Pin=U13-29
Added Net: Name=NWEN
Added Pin To Net: NetName=PU_N Pin=P14-1
Added Pin To Net: NetName=PU_N Pin=U1-W17
Added Net: Name=PU_N
Added Pin To Net: NetName=RD_N Pin=J11-2
Added Pin To Net: NetName=RD_N Pin=R27-2
Added Pin To Net: NetName=RD_N Pin=U13-32
Added Net: Name=RD_N
Added Pin To Net: NetName=RD_P Pin=J11-1
Added Pin To Net: NetName=RD_P Pin=R24-2
Added Pin To Net: NetName=RD_P Pin=U13-33
Added Net: Name=RD_P
Added Pin To Net: NetName=RF_C\S\ Pin=P12-3
Added Pin To Net: NetName=RF_C\S\ Pin=R73-2
Added Pin To Net: NetName=RF_C\S\ Pin=U1-H20
Added Net: Name=RF_C\S\
Added Pin To Net: NetName=RF_DIN Pin=P12-1
Added Pin To Net: NetName=RF_DIN Pin=R75-2
Added Pin To Net: NetName=RF_DIN Pin=U1-J22
Added Net: Name=RF_DIN
Added Pin To Net: NetName=RF_LD Pin=J17-1
Added Pin To Net: NetName=RF_LD Pin=U16-22
Added Net: Name=RF_LD
Added Pin To Net: NetName=RF_R\X\/TX Pin=R83-1
Added Pin To Net: NetName=RF_R\X\/TX Pin=U1-L18
Added Pin To Net: NetName=RF_R\X\/TX Pin=U18-6
Added Pin To Net: NetName=RF_R\X\/TX Pin=U21-2
Added Net: Name=RF_R\X\/TX
Added Pin To Net: NetName=RF_RX/T\X\ Pin=U18-4
Added Pin To Net: NetName=RF_RX/T\X\ Pin=U21-4
Added Net: Name=RF_RX/T\X\
Added Pin To Net: NetName=RF_RX_ALT Pin=J31-1
Added Pin To Net: NetName=RF_RX_ALT Pin=R91-1
Added Net: Name=RF_RX_ALT
Added Pin To Net: NetName=RF_RX_UB Pin=C192-2
Added Pin To Net: NetName=RF_RX_UB Pin=R91-2
Added Pin To Net: NetName=RF_RX_UB Pin=U20-1
Added Net: Name=RF_RX_UB
Added Pin To Net: NetName=RF_RXHP Pin=R68-2
Added Pin To Net: NetName=RF_RXHP Pin=U16-40
Added Net: Name=RF_RXHP
Added Pin To Net: NetName=RF_S\H\D\N\ Pin=R84-1
Added Pin To Net: NetName=RF_S\H\D\N\ Pin=U1-M18
Added Net: Name=RF_S\H\D\N\
Added Pin To Net: NetName=RF_SCLK Pin=P12-2
Added Pin To Net: NetName=RF_SCLK Pin=R74-2
Added Pin To Net: NetName=RF_SCLK Pin=U1-L22
Added Net: Name=RF_SCLK
Added Pin To Net: NetName=RF_SW_UB Pin=C191-1
Added Pin To Net: NetName=RF_SW_UB Pin=J33-1
Added Net: Name=RF_SW_UB
Added Pin To Net: NetName=RF_TX_ALT Pin=J32-1
Added Pin To Net: NetName=RF_TX_ALT Pin=R92-1
Added Net: Name=RF_TX_ALT
Added Pin To Net: NetName=RF_TX_I_BIAS_N Pin=C101-1
Added Pin To Net: NetName=RF_TX_I_BIAS_N Pin=U12-3
Added Net: Name=RF_TX_I_BIAS_N
Added Pin To Net: NetName=RF_TX_I_BIAS_P Pin=C100-1
Added Pin To Net: NetName=RF_TX_I_BIAS_P Pin=U12-2
Added Net: Name=RF_TX_I_BIAS_P
Added Pin To Net: NetName=RF_TX_I_N Pin=C101-2
Added Pin To Net: NetName=RF_TX_I_N Pin=J8-1
Added Pin To Net: NetName=RF_TX_I_N Pin=R12-1
Added Pin To Net: NetName=RF_TX_I_N Pin=U16-44
Added Net: Name=RF_TX_I_N
Added Pin To Net: NetName=RF_TX_I_P Pin=C100-2
Added Pin To Net: NetName=RF_TX_I_P Pin=J7-1
Added Pin To Net: NetName=RF_TX_I_P Pin=R11-1
Added Pin To Net: NetName=RF_TX_I_P Pin=U16-45
Added Net: Name=RF_TX_I_P
Added Pin To Net: NetName=RF_TX_Q_BIAS_N Pin=C103-1
Added Pin To Net: NetName=RF_TX_Q_BIAS_N Pin=U12-26
Added Net: Name=RF_TX_Q_BIAS_N
Added Pin To Net: NetName=RF_TX_Q_BIAS_P Pin=C102-1
Added Pin To Net: NetName=RF_TX_Q_BIAS_P Pin=U12-27
Added Net: Name=RF_TX_Q_BIAS_P
Added Pin To Net: NetName=RF_TX_Q_N Pin=C103-2
Added Pin To Net: NetName=RF_TX_Q_N Pin=J10-1
Added Pin To Net: NetName=RF_TX_Q_N Pin=R14-1
Added Pin To Net: NetName=RF_TX_Q_N Pin=U16-42
Added Net: Name=RF_TX_Q_N
Added Pin To Net: NetName=RF_TX_Q_P Pin=C102-2
Added Pin To Net: NetName=RF_TX_Q_P Pin=J9-1
Added Pin To Net: NetName=RF_TX_Q_P Pin=R13-1
Added Pin To Net: NetName=RF_TX_Q_P Pin=U16-43
Added Net: Name=RF_TX_Q_P
Added Pin To Net: NetName=RF_TX_UB Pin=C190-2
Added Pin To Net: NetName=RF_TX_UB Pin=R92-2
Added Pin To Net: NetName=RF_TX_UB Pin=U22-1
Added Net: Name=RF_TX_UB
Added Pin To Net: NetName=RMII_CRSDV Pin=R26-1
Added Pin To Net: NetName=RMII_CRSDV Pin=U1-W4
Added Net: Name=RMII_CRSDV
Added Pin To Net: NetName=RMII_MDC Pin=U1-AA3
Added Pin To Net: NetName=RMII_MDC Pin=U13-2
Added Net: Name=RMII_MDC
Added Pin To Net: NetName=RMII_MDIO Pin=R22-1
Added Pin To Net: NetName=RMII_MDIO Pin=U1-V4
Added Pin To Net: NetName=RMII_MDIO Pin=U13-1
Added Net: Name=RMII_MDIO
Added Pin To Net: NetName=RMII_REF_CLK_E Pin=R66-2
Added Pin To Net: NetName=RMII_REF_CLK_E Pin=U13-15
Added Net: Name=RMII_REF_CLK_E
Added Pin To Net: NetName=RMII_RX_ER Pin=U1-AA4
Added Pin To Net: NetName=RMII_RX_ER Pin=U13-11
Added Net: Name=RMII_RX_ER
Added Pin To Net: NetName=RMII_RXD0 Pin=R23-1
Added Pin To Net: NetName=RMII_RXD0 Pin=U1-V5
Added Net: Name=RMII_RXD0
Added Pin To Net: NetName=RMII_RXD1 Pin=R25-1
Added Pin To Net: NetName=RMII_RXD1 Pin=U1-U5
Added Net: Name=RMII_RXD1
Added Pin To Net: NetName=RMII_TXD0 Pin=R15-1
Added Pin To Net: NetName=RMII_TXD0 Pin=U1-AA5
Added Net: Name=RMII_TXD0
Added Pin To Net: NetName=RMII_TXD1 Pin=R18-1
Added Pin To Net: NetName=RMII_TXD1 Pin=U1-W5
Added Net: Name=RMII_TXD1
Added Pin To Net: NetName=RMII_TXEN Pin=U1-Y4
Added Pin To Net: NetName=RMII_TXEN Pin=U13-16
Added Net: Name=RMII_TXEN
Added Pin To Net: NetName=RSSI_C\S\ Pin=P11-1
Added Pin To Net: NetName=RSSI_C\S\ Pin=U1-H17
Added Pin To Net: NetName=RSSI_C\S\ Pin=U5-6
Added Net: Name=RSSI_C\S\
Added Pin To Net: NetName=RSSI_SCLK Pin=P11-3
Added Pin To Net: NetName=RSSI_SCLK Pin=U1-H18
Added Pin To Net: NetName=RSSI_SCLK Pin=U5-4
Added Net: Name=RSSI_SCLK
Added Pin To Net: NetName=RSSI_SDATA Pin=P11-2
Added Pin To Net: NetName=RSSI_SDATA Pin=U1-H22
Added Pin To Net: NetName=RSSI_SDATA Pin=U5-5
Added Net: Name=RSSI_SDATA
Added Pin To Net: NetName=RSSI Pin=J15-1
Added Pin To Net: NetName=RSSI Pin=U5-3
Added Pin To Net: NetName=RSSI Pin=U16-16
Added Net: Name=RSSI
Added Pin To Net: NetName=RTC_CLKOUT Pin=J34-1
Added Pin To Net: NetName=RTC_CLKOUT Pin=U1-AA18
Added Pin To Net: NetName=RTC_CLKOUT Pin=U23-7
Added Net: Name=RTC_CLKOUT
Added Pin To Net: NetName=RTC_INT Pin=U1-B7
Added Pin To Net: NetName=RTC_INT Pin=U23-17
Added Net: Name=RTC_INT
Added Pin To Net: NetName=RTC_SCL Pin=U1-AA22
Added Pin To Net: NetName=RTC_SCL Pin=U23-1
Added Net: Name=RTC_SCL
Added Pin To Net: NetName=RTC_SDA Pin=U1-W21
Added Pin To Net: NetName=RTC_SDA Pin=U23-4
Added Net: Name=RTC_SDA
Added Pin To Net: NetName=RTC_SDI Pin=U1-T17
Added Pin To Net: NetName=RTC_SDI Pin=U23-2
Added Net: Name=RTC_SDI
Added Pin To Net: NetName=RTC_SDO Pin=U1-V19
Added Pin To Net: NetName=RTC_SDO Pin=U23-3
Added Net: Name=RTC_SDO
Added Pin To Net: NetName=RXRF_N Pin=U16-5
Added Pin To Net: NetName=RXRF_N Pin=U20-3
Added Net: Name=RXRF_N
Added Pin To Net: NetName=RXRF_P Pin=U16-4
Added Pin To Net: NetName=RXRF_P Pin=U20-4
Added Net: Name=RXRF_P
Added Pin To Net: NetName=SCLK Pin=R74-1
Added Pin To Net: NetName=SCLK Pin=U16-18
Added Net: Name=SCLK
Added Pin To Net: NetName=TCK Pin=P5-2
Added Pin To Net: NetName=TCK Pin=R62-1
Added Net: Name=TCK
Added Pin To Net: NetName=TD_N Pin=J11-6
Added Pin To Net: NetName=TD_N Pin=R21-2
Added Pin To Net: NetName=TD_N Pin=U13-40
Added Net: Name=TD_N
Added Pin To Net: NetName=TD_P Pin=J11-5
Added Pin To Net: NetName=TD_P Pin=R16-2
Added Pin To Net: NetName=TD_P Pin=U13-41
Added Net: Name=TD_P
Added Pin To Net: NetName=TDI Pin=P5-6
Added Pin To Net: NetName=TDI Pin=R65-1
Added Net: Name=TDI
Added Pin To Net: NetName=TDO Pin=P5-9
Added Pin To Net: NetName=TDO Pin=R67-2
Added Net: Name=TDO
Added Pin To Net: NetName=TMS Pin=P5-3
Added Pin To Net: NetName=TMS Pin=R63-2
Added Net: Name=TMS
Added Pin To Net: NetName=TXRF_C_N Pin=C194-2
Added Pin To Net: NetName=TXRF_C_N Pin=U22-3
Added Net: Name=TXRF_C_N
Added Pin To Net: NetName=TXRF_C_P Pin=C193-2
Added Pin To Net: NetName=TXRF_C_P Pin=U22-4
Added Net: Name=TXRF_C_P
Added Pin To Net: NetName=TXRF_N Pin=C194-1
Added Pin To Net: NetName=TXRF_N Pin=U16-10
Added Net: Name=TXRF_N
Added Pin To Net: NetName=TXRF_P Pin=C193-1
Added Pin To Net: NetName=TXRF_P Pin=U16-9
Added Net: Name=TXRF_P
Added Pin To Net: NetName=UART_0_RXD Pin=U1-U18
Added Pin To Net: NetName=UART_0_RXD Pin=U19-1
Added Net: Name=UART_0_RXD
Added Pin To Net: NetName=UART_0_TXD Pin=U1-Y22
Added Pin To Net: NetName=UART_0_TXD Pin=U19-5
Added Net: Name=UART_0_TXD
Added Pin To Net: NetName=UART_VCC Pin=C160-2
Added Pin To Net: NetName=UART_VCC Pin=C161-2
Added Pin To Net: NetName=UART_VCC Pin=C162-1
Added Pin To Net: NetName=UART_VCC Pin=FB8-2
Added Pin To Net: NetName=UART_VCC Pin=R76-2
Added Pin To Net: NetName=UART_VCC Pin=U19-20
Added Net: Name=UART_VCC
Added Pin To Net: NetName=USB_D_N Pin=C165-2
Added Pin To Net: NetName=USB_D_N Pin=J6-2
Added Pin To Net: NetName=USB_D_N Pin=U19-16
Added Net: Name=USB_D_N
Added Pin To Net: NetName=USB_D_P Pin=C164-2
Added Pin To Net: NetName=USB_D_P Pin=J6-3
Added Pin To Net: NetName=USB_D_P Pin=U19-15
Added Net: Name=USB_D_P
Added Pin To Net: NetName=USB_VCC Pin=C163-2
Added Pin To Net: NetName=USB_VCC Pin=FB8-1
Added Pin To Net: NetName=USB_VCC Pin=J6-1
Added Net: Name=USB_VCC
Added Pin To Net: NetName=USER_IO0 Pin=P3-1
Added Pin To Net: NetName=USER_IO0 Pin=U1-N6
Added Net: Name=USER_IO0
Added Pin To Net: NetName=USER_IO1 Pin=P3-2
Added Pin To Net: NetName=USER_IO1 Pin=U1-M6
Added Net: Name=USER_IO1
Added Pin To Net: NetName=USER_IO2 Pin=P3-3
Added Pin To Net: NetName=USER_IO2 Pin=U1-P1
Added Net: Name=USER_IO2
Added Pin To Net: NetName=USER_IO3 Pin=P3-4
Added Pin To Net: NetName=USER_IO3 Pin=U1-P2
Added Net: Name=USER_IO3
Added Pin To Net: NetName=USER_IO4 Pin=P3-5
Added Pin To Net: NetName=USER_IO4 Pin=U1-N3
Added Net: Name=USER_IO4
Added Pin To Net: NetName=USER_IO5 Pin=P3-6
Added Pin To Net: NetName=USER_IO5 Pin=U1-N2
Added Net: Name=USER_IO5
Added Pin To Net: NetName=USER_IO6 Pin=P3-7
Added Pin To Net: NetName=USER_IO6 Pin=U1-M2
Added Net: Name=USER_IO6
Added Pin To Net: NetName=USER_IO7 Pin=P3-8
Added Pin To Net: NetName=USER_IO7 Pin=U1-M1
Added Net: Name=USER_IO7
Added Pin To Net: NetName=USER_IO8 Pin=P3-9
Added Pin To Net: NetName=USER_IO8 Pin=U1-M4
Added Net: Name=USER_IO8
Added Pin To Net: NetName=USER_IO9 Pin=P3-10
Added Pin To Net: NetName=USER_IO9 Pin=U1-L3
Added Net: Name=USER_IO9
Added Pin To Net: NetName=USER_IO10 Pin=P3-11
Added Pin To Net: NetName=USER_IO10 Pin=U1-L2
Added Net: Name=USER_IO10
Added Pin To Net: NetName=USER_IO11 Pin=P3-12
Added Pin To Net: NetName=USER_IO11 Pin=U1-L1
Added Net: Name=USER_IO11
Added Pin To Net: NetName=USER_IO12 Pin=P3-13
Added Pin To Net: NetName=USER_IO12 Pin=U1-L5
Added Net: Name=USER_IO12
Added Pin To Net: NetName=USER_IO13 Pin=P3-14
Added Pin To Net: NetName=USER_IO13 Pin=U1-K4
Added Net: Name=USER_IO13
Added Pin To Net: NetName=USER_IO14 Pin=P3-15
Added Pin To Net: NetName=USER_IO14 Pin=U1-L6
Added Net: Name=USER_IO14
Added Pin To Net: NetName=USER_IO15 Pin=P3-16
Added Pin To Net: NetName=USER_IO15 Pin=U1-K6
Added Net: Name=USER_IO15
Added Pin To Net: NetName=USER_LED0 Pin=R53-1
Added Pin To Net: NetName=USER_LED0 Pin=U1-J20
Added Net: Name=USER_LED0
Added Pin To Net: NetName=USER_LED1 Pin=R52-1
Added Pin To Net: NetName=USER_LED1 Pin=U1-J19
Added Net: Name=USER_LED1
Added Pin To Net: NetName=USER_LED2 Pin=R51-1
Added Pin To Net: NetName=USER_LED2 Pin=U1-K20
Added Net: Name=USER_LED2
Added Pin To Net: NetName=USER_LED3 Pin=R50-1
Added Pin To Net: NetName=USER_LED3 Pin=U1-K21
Added Net: Name=USER_LED3
Added Pin To Net: NetName=USER_LED4 Pin=R49-1
Added Pin To Net: NetName=USER_LED4 Pin=U1-L20
Added Net: Name=USER_LED4
Added Pin To Net: NetName=USER_LED5 Pin=R48-1
Added Pin To Net: NetName=USER_LED5 Pin=U1-L21
Added Net: Name=USER_LED5
Added Pin To Net: NetName=USER_LED6 Pin=R47-1
Added Pin To Net: NetName=USER_LED6 Pin=U1-K18
Added Net: Name=USER_LED6
Added Pin To Net: NetName=USER_LED7 Pin=R46-1
Added Pin To Net: NetName=USER_LED7 Pin=U1-K19
Added Net: Name=USER_LED7
Added Pin To Net: NetName=VAREFOUT Pin=C73-1
Added Pin To Net: NetName=VAREFOUT Pin=C74-1
Added Pin To Net: NetName=VAREFOUT Pin=C75-1
Added Pin To Net: NetName=VAREFOUT Pin=C79-1
Added Pin To Net: NetName=VAREFOUT Pin=U1-AB11
Added Pin To Net: NetName=VAREFOUT Pin=U1-T14
Added Pin To Net: NetName=VAREFOUT Pin=U1-T15
Added Pin To Net: NetName=VAREFOUT Pin=U1-U10
Added Net: Name=VAREFOUT
Added Pin To Net: NetName=VBAT Pin=C195-2
Added Pin To Net: NetName=VBAT Pin=J14-pos
Added Pin To Net: NetName=VBAT Pin=J14-pos
Added Pin To Net: NetName=VBAT Pin=U1-AB19
Added Pin To Net: NetName=VBAT Pin=U23-19
Added Net: Name=VBAT
Added Pin To Net: NetName=VCC1.5_EN Pin=J22-1
Added Pin To Net: NetName=VCC1.5_EN Pin=R87-2
Added Pin To Net: NetName=VCC1.5_EN Pin=R90-2
Added Pin To Net: NetName=VCC1.5_EN Pin=U10-3
Added Pin To Net: NetName=VCC1.5_EN Pin=U15-5
Added Net: Name=VCC1.5_EN
Added Pin To Net: NetName=VCC1.5_EXT Pin=C132-2
Added Pin To Net: NetName=VCC1.5_EXT Pin=C134-2
Added Pin To Net: NetName=VCC1.5_EXT Pin=C138-1
Added Pin To Net: NetName=VCC1.5_EXT Pin=P15-3
Added Pin To Net: NetName=VCC1.5_EXT Pin=U10-5
Added Net: Name=VCC1.5_EXT
Added Pin To Net: NetName=VCC1.5_INT Pin=C172-2
Added Pin To Net: NetName=VCC1.5_INT Pin=C173-2
Added Pin To Net: NetName=VCC1.5_INT Pin=C174-1
Added Pin To Net: NetName=VCC1.5_INT Pin=P15-1
Added Pin To Net: NetName=VCC1.5_INT Pin=Q2-2
Added Pin To Net: NetName=VCC1.5_INT Pin=U1-Y18
Added Net: Name=VCC1.5_INT
Added Pin To Net: NetName=VCC1.5_SF Pin=C32-2
Added Pin To Net: NetName=VCC1.5_SF Pin=C33-2
Added Pin To Net: NetName=VCC1.5_SF Pin=C34-2
Added Pin To Net: NetName=VCC1.5_SF Pin=C35-2
Added Pin To Net: NetName=VCC1.5_SF Pin=C36-2
Added Pin To Net: NetName=VCC1.5_SF Pin=C37-2
Added Pin To Net: NetName=VCC1.5_SF Pin=C38-2
Added Pin To Net: NetName=VCC1.5_SF Pin=FB2-1
Added Pin To Net: NetName=VCC1.5_SF Pin=J23-1
Added Pin To Net: NetName=VCC1.5_SF Pin=L1-2
Added Pin To Net: NetName=VCC1.5_SF Pin=L3-2
Added Pin To Net: NetName=VCC1.5_SF Pin=P15-2
Added Pin To Net: NetName=VCC1.5_SF Pin=U1-N19
Added Pin To Net: NetName=VCC1.5_SF Pin=U4-H8
Added Pin To Net: NetName=VCC1.5_SF Pin=U4-H10
Added Pin To Net: NetName=VCC1.5_SF Pin=U4-H12
Added Pin To Net: NetName=VCC1.5_SF Pin=U4-H14
Added Pin To Net: NetName=VCC1.5_SF Pin=U4-J9
Added Pin To Net: NetName=VCC1.5_SF Pin=U4-J11
Added Pin To Net: NetName=VCC1.5_SF Pin=U4-J13
Added Pin To Net: NetName=VCC1.5_SF Pin=U4-J15
Added Pin To Net: NetName=VCC1.5_SF Pin=U4-K8
Added Pin To Net: NetName=VCC1.5_SF Pin=U4-K10
Added Pin To Net: NetName=VCC1.5_SF Pin=U4-K12
Added Pin To Net: NetName=VCC1.5_SF Pin=U4-K14
Added Pin To Net: NetName=VCC1.5_SF Pin=U4-L9
Added Pin To Net: NetName=VCC1.5_SF Pin=U4-L11
Added Pin To Net: NetName=VCC1.5_SF Pin=U4-L13
Added Pin To Net: NetName=VCC1.5_SF Pin=U4-L15
Added Pin To Net: NetName=VCC1.5_SF Pin=U4-M8
Added Pin To Net: NetName=VCC1.5_SF Pin=U4-M10
Added Pin To Net: NetName=VCC1.5_SF Pin=U4-M12
Added Pin To Net: NetName=VCC1.5_SF Pin=U4-M14
Added Pin To Net: NetName=VCC1.5_SF Pin=U4-N9
Added Pin To Net: NetName=VCC1.5_SF Pin=U4-N11
Added Pin To Net: NetName=VCC1.5_SF Pin=U4-N13
Added Pin To Net: NetName=VCC1.5_SF Pin=U4-N15
Added Pin To Net: NetName=VCC1.5_SF Pin=U4-P8
Added Pin To Net: NetName=VCC1.5_SF Pin=U4-P10
Added Pin To Net: NetName=VCC1.5_SF Pin=U4-P12
Added Pin To Net: NetName=VCC1.5_SF Pin=U4-P14
Added Pin To Net: NetName=VCC1.5_SF Pin=U4-R9
Added Pin To Net: NetName=VCC1.5_SF Pin=U4-R11
Added Pin To Net: NetName=VCC1.5_SF Pin=U4-R13
Added Pin To Net: NetName=VCC1.5_SF Pin=U4-R15
Added Net: Name=VCC1.5_SF
Added Pin To Net: NetName=VCC1.5A_SF Pin=C5-2
Added Pin To Net: NetName=VCC1.5A_SF Pin=C6-2
Added Pin To Net: NetName=VCC1.5A_SF Pin=C7-1
Added Pin To Net: NetName=VCC1.5A_SF Pin=C39-2
Added Pin To Net: NetName=VCC1.5A_SF Pin=C40-2
Added Pin To Net: NetName=VCC1.5A_SF Pin=C41-2
Added Pin To Net: NetName=VCC1.5A_SF Pin=C42-2
Added Pin To Net: NetName=VCC1.5A_SF Pin=FB2-2
Added Pin To Net: NetName=VCC1.5A_SF Pin=U1-AB18
Added Pin To Net: NetName=VCC1.5A_SF Pin=U1-T9
Added Pin To Net: NetName=VCC1.5A_SF Pin=U1-W11
Added Pin To Net: NetName=VCC1.5A_SF Pin=U1-Y10
Added Pin To Net: NetName=VCC1.5A_SF Pin=U1-Y15
Added Pin To Net: NetName=VCC1.5A_SF Pin=U1-Y16
Added Net: Name=VCC1.5A_SF
Added Pin To Net: NetName=VCC1.8_SRAM Pin=C4-2
Added Pin To Net: NetName=VCC1.8_SRAM Pin=P1-1
Added Pin To Net: NetName=VCC1.8_SRAM Pin=U2-D6
Added Net: Name=VCC1.8_SRAM
Added Pin To Net: NetName=VCC1.8 Pin=C68-2
Added Pin To Net: NetName=VCC1.8 Pin=C69-2
Added Pin To Net: NetName=VCC1.8 Pin=C96-1
Added Pin To Net: NetName=VCC1.8 Pin=J20-1
Added Pin To Net: NetName=VCC1.8 Pin=P1-2
Added Pin To Net: NetName=VCC1.8 Pin=U7-5
Added Net: Name=VCC1.8
Added Pin To Net: NetName=VCC2.5 Pin=C109-2
Added Pin To Net: NetName=VCC2.5 Pin=C110-2
Added Pin To Net: NetName=VCC2.5 Pin=C117-1
Added Pin To Net: NetName=VCC2.5 Pin=C118-2
Added Pin To Net: NetName=VCC2.5 Pin=C119-2
Added Pin To Net: NetName=VCC2.5 Pin=C120-2
Added Pin To Net: NetName=VCC2.5 Pin=FB5-2
Added Pin To Net: NetName=VCC2.5 Pin=FB6-2
Added Pin To Net: NetName=VCC2.5 Pin=J11-3
Added Pin To Net: NetName=VCC2.5 Pin=J11-4
Added Pin To Net: NetName=VCC2.5 Pin=J12-1
Added Pin To Net: NetName=VCC2.5 Pin=R16-1
Added Pin To Net: NetName=VCC2.5 Pin=R21-1
Added Pin To Net: NetName=VCC2.5 Pin=R24-1
Added Pin To Net: NetName=VCC2.5 Pin=R27-1
Added Pin To Net: NetName=VCC2.5 Pin=U13-31
Added Pin To Net: NetName=VCC2.5 Pin=U13-38
Added Pin To Net: NetName=VCC2.5 Pin=U13-42
Added Net: Name=VCC2.5
Added Pin To Net: NetName=VCC2.85A_RF Pin=C133-1
Added Pin To Net: NetName=VCC2.85A_RF Pin=C136-1
Added Pin To Net: NetName=VCC2.85A_RF Pin=C137-1
Added Pin To Net: NetName=VCC2.85A_RF Pin=C139-2
Added Pin To Net: NetName=VCC2.85A_RF Pin=C143-1
Added Pin To Net: NetName=VCC2.85A_RF Pin=C145-2
Added Pin To Net: NetName=VCC2.85A_RF Pin=C146-2
Added Pin To Net: NetName=VCC2.85A_RF Pin=C148-2
Added Pin To Net: NetName=VCC2.85A_RF Pin=C150-2
Added Pin To Net: NetName=VCC2.85A_RF Pin=C154-2
Added Pin To Net: NetName=VCC2.85A_RF Pin=C155-2
Added Pin To Net: NetName=VCC2.85A_RF Pin=C182-2
Added Pin To Net: NetName=VCC2.85A_RF Pin=C183-2
Added Pin To Net: NetName=VCC2.85A_RF Pin=C184-1
Added Pin To Net: NetName=VCC2.85A_RF Pin=U16-1
Added Pin To Net: NetName=VCC2.85A_RF Pin=U16-17
Added Pin To Net: NetName=VCC2.85A_RF Pin=U16-20
Added Pin To Net: NetName=VCC2.85A_RF Pin=U16-25
Added Pin To Net: NetName=VCC2.85A_RF Pin=U16-27
Added Pin To Net: NetName=VCC2.85A_RF Pin=U16-30
Added Pin To Net: NetName=VCC2.85A_RF Pin=U16-39
Added Pin To Net: NetName=VCC2.85A_RF Pin=U16-41
Added Pin To Net: NetName=VCC2.85A_RF Pin=U16-46
Added Net: Name=VCC2.85A_RF
Added Pin To Net: NetName=VCC2.85 Pin=C177-2
Added Pin To Net: NetName=VCC2.85 Pin=C178-2
Added Pin To Net: NetName=VCC2.85 Pin=C180-1
Added Pin To Net: NetName=VCC2.85 Pin=J30-1
Added Pin To Net: NetName=VCC2.85 Pin=P20-1
Added Pin To Net: NetName=VCC2.85 Pin=U17-5
Added Net: Name=VCC2.85
Added Pin To Net: NetName=VCC3.3_ADC Pin=C55-2
Added Pin To Net: NetName=VCC3.3_ADC Pin=C56-2
Added Pin To Net: NetName=VCC3.3_ADC Pin=C57-1
Added Pin To Net: NetName=VCC3.3_ADC Pin=C81-1
Added Pin To Net: NetName=VCC3.3_ADC Pin=C86-2
Added Pin To Net: NetName=VCC3.3_ADC Pin=C89-2
Added Pin To Net: NetName=VCC3.3_ADC Pin=C92-2
Added Pin To Net: NetName=VCC3.3_ADC Pin=FB4-1
Added Pin To Net: NetName=VCC3.3_ADC Pin=P8-2
Added Pin To Net: NetName=VCC3.3_ADC Pin=R69-1
Added Pin To Net: NetName=VCC3.3_ADC Pin=U9-15
Added Pin To Net: NetName=VCC3.3_ADC Pin=U9-28
Added Pin To Net: NetName=VCC3.3_ADC Pin=U9-33
Added Pin To Net: NetName=VCC3.3_ADC Pin=U9-46
Added Net: Name=VCC3.3_ADC
Added Pin To Net: NetName=VCC3.3_DAC Pin=C50-2
Added Pin To Net: NetName=VCC3.3_DAC Pin=C51-2
Added Pin To Net: NetName=VCC3.3_DAC Pin=C54-1
Added Pin To Net: NetName=VCC3.3_DAC Pin=C108-1
Added Pin To Net: NetName=VCC3.3_DAC Pin=FB9-1
Added Pin To Net: NetName=VCC3.3_DAC Pin=P9-2
Added Pin To Net: NetName=VCC3.3_DAC Pin=U12-22
Added Net: Name=VCC3.3_DAC
Added Pin To Net: NetName=VCC3.3_ETH Pin=C59-2
Added Pin To Net: NetName=VCC3.3_ETH Pin=C60-2
Added Pin To Net: NetName=VCC3.3_ETH Pin=C61-1
Added Pin To Net: NetName=VCC3.3_ETH Pin=C121-2
Added Pin To Net: NetName=VCC3.3_ETH Pin=C122-2
Added Pin To Net: NetName=VCC3.3_ETH Pin=C128-2
Added Pin To Net: NetName=VCC3.3_ETH Pin=C130-2
Added Pin To Net: NetName=VCC3.3_ETH Pin=FB7-2
Added Pin To Net: NetName=VCC3.3_ETH Pin=J11-11
Added Pin To Net: NetName=VCC3.3_ETH Pin=J11-13
Added Pin To Net: NetName=VCC3.3_ETH Pin=P10-2
Added Pin To Net: NetName=VCC3.3_ETH Pin=R17-2
Added Pin To Net: NetName=VCC3.3_ETH Pin=R22-2
Added Pin To Net: NetName=VCC3.3_ETH Pin=R29-1
Added Pin To Net: NetName=VCC3.3_ETH Pin=R31-2
Added Pin To Net: NetName=VCC3.3_ETH Pin=R33-2
Added Pin To Net: NetName=VCC3.3_ETH Pin=R34-2
Added Pin To Net: NetName=VCC3.3_ETH Pin=R35-2
Added Pin To Net: NetName=VCC3.3_ETH Pin=R36-2
Added Pin To Net: NetName=VCC3.3_ETH Pin=R38-2
Added Pin To Net: NetName=VCC3.3_ETH Pin=R59-1
Added Pin To Net: NetName=VCC3.3_ETH Pin=U13-7
Added Pin To Net: NetName=VCC3.3_ETH Pin=U13-24
Added Pin To Net: NetName=VCC3.3_ETH Pin=Y3-4
Added Net: Name=VCC3.3_ETH
Added Pin To Net: NetName=VCC3.3_FLASH Pin=C1-2
Added Pin To Net: NetName=VCC3.3_FLASH Pin=C2-2
Added Pin To Net: NetName=VCC3.3_FLASH Pin=P2-1
Added Pin To Net: NetName=VCC3.3_FLASH Pin=U3-29
Added Pin To Net: NetName=VCC3.3_FLASH Pin=U3-43
Added Net: Name=VCC3.3_FLASH
Added Pin To Net: NetName=VCC3.3_RF Pin=C185-2
Added Pin To Net: NetName=VCC3.3_RF Pin=C186-2
Added Pin To Net: NetName=VCC3.3_RF Pin=P21-2
Added Pin To Net: NetName=VCC3.3_RF Pin=R68-1
Added Pin To Net: NetName=VCC3.3_RF Pin=U21-5
Added Net: Name=VCC3.3_RF
Added Pin To Net: NetName=VCC3.3_SF Pin=C14-2
Added Pin To Net: NetName=VCC3.3_SF Pin=C15-2
Added Pin To Net: NetName=VCC3.3_SF Pin=C16-2
Added Pin To Net: NetName=VCC3.3_SF Pin=C17-2
Added Pin To Net: NetName=VCC3.3_SF Pin=C18-2
Added Pin To Net: NetName=VCC3.3_SF Pin=C19-2
Added Pin To Net: NetName=VCC3.3_SF Pin=C20-2
Added Pin To Net: NetName=VCC3.3_SF Pin=C21-2
Added Pin To Net: NetName=VCC3.3_SF Pin=C22-2
Added Pin To Net: NetName=VCC3.3_SF Pin=C23-2
Added Pin To Net: NetName=VCC3.3_SF Pin=C24-2
Added Pin To Net: NetName=VCC3.3_SF Pin=C25-2
Added Pin To Net: NetName=VCC3.3_SF Pin=C26-2
Added Pin To Net: NetName=VCC3.3_SF Pin=C27-2
Added Pin To Net: NetName=VCC3.3_SF Pin=C28-2
Added Pin To Net: NetName=VCC3.3_SF Pin=C29-2
Added Pin To Net: NetName=VCC3.3_SF Pin=C30-2
Added Pin To Net: NetName=VCC3.3_SF Pin=C31-2
Added Pin To Net: NetName=VCC3.3_SF Pin=C125-2
Added Pin To Net: NetName=VCC3.3_SF Pin=C126-2
Added Pin To Net: NetName=VCC3.3_SF Pin=C127-2
Added Pin To Net: NetName=VCC3.3_SF Pin=FB3-1
Added Pin To Net: NetName=VCC3.3_SF Pin=L4-1
Added Pin To Net: NetName=VCC3.3_SF Pin=P7-2
Added Pin To Net: NetName=VCC3.3_SF Pin=Q2-3
Added Pin To Net: NetName=VCC3.3_SF Pin=R58-1
Added Pin To Net: NetName=VCC3.3_SF Pin=U1-M19
Added Pin To Net: NetName=VCC3.3_SF Pin=U1-M21
Added Pin To Net: NetName=VCC3.3_SF Pin=U1-T2
Added Pin To Net: NetName=VCC3.3_SF Pin=U1-T7
Added Pin To Net: NetName=VCC3.3_SF Pin=U1-T16
Added Pin To Net: NetName=VCC3.3_SF Pin=U1-T21
Added Pin To Net: NetName=VCC3.3_SF Pin=U1-U4
Added Pin To Net: NetName=VCC3.3_SF Pin=U1-U19
Added Pin To Net: NetName=VCC3.3_SF Pin=U1-Y2
Added Pin To Net: NetName=VCC3.3_SF Pin=U1-Y5
Added Pin To Net: NetName=VCC3.3_SF Pin=U1-Y21
Added Pin To Net: NetName=VCC3.3_SF Pin=U4-B5
Added Pin To Net: NetName=VCC3.3_SF Pin=U4-B8
Added Pin To Net: NetName=VCC3.3_SF Pin=U4-B15
Added Pin To Net: NetName=VCC3.3_SF Pin=U4-B18
Added Pin To Net: NetName=VCC3.3_SF Pin=U4-C12
Added Pin To Net: NetName=VCC3.3_SF Pin=U4-E2
Added Pin To Net: NetName=VCC3.3_SF Pin=U4-E7
Added Pin To Net: NetName=VCC3.3_SF Pin=U4-E10
Added Pin To Net: NetName=VCC3.3_SF Pin=U4-E13
Added Pin To Net: NetName=VCC3.3_SF Pin=U4-E16
Added Pin To Net: NetName=VCC3.3_SF Pin=U4-E21
Added Pin To Net: NetName=VCC3.3_SF Pin=U4-F5
Added Pin To Net: NetName=VCC3.3_SF Pin=U4-F18
Added Pin To Net: NetName=VCC3.3_SF Pin=U4-G9
Added Pin To Net: NetName=VCC3.3_SF Pin=U4-G11
Added Pin To Net: NetName=VCC3.3_SF Pin=U4-G13
Added Pin To Net: NetName=VCC3.3_SF Pin=U4-G15
Added Pin To Net: NetName=VCC3.3_SF Pin=U4-H2
Added Pin To Net: NetName=VCC3.3_SF Pin=U4-H16
Added Pin To Net: NetName=VCC3.3_SF Pin=U4-H21
Added Pin To Net: NetName=VCC3.3_SF Pin=U4-J5
Added Pin To Net: NetName=VCC3.3_SF Pin=U4-J7
Added Pin To Net: NetName=VCC3.3_SF Pin=U4-J18
Added Pin To Net: NetName=VCC3.3_SF Pin=U4-K16
Added Pin To Net: NetName=VCC3.3_SF Pin=U4-L7
Added Pin To Net: NetName=VCC3.3_SF Pin=U4-L19
Added Pin To Net: NetName=VCC3.3_SF Pin=U4-M3
Added Pin To Net: NetName=VCC3.3_SF Pin=U4-M16
Added Pin To Net: NetName=VCC3.3_SF Pin=U4-N5
Added Pin To Net: NetName=VCC3.3_SF Pin=U4-N7
Added Pin To Net: NetName=VCC3.3_SF Pin=U4-N18
Added Pin To Net: NetName=VCC3.3_SF Pin=U4-P16
Added Pin To Net: NetName=VCC3.3_SF Pin=U4-R2
Added Pin To Net: NetName=VCC3.3_SF Pin=U4-R21
Added Net: Name=VCC3.3_SF
Added Pin To Net: NetName=VCC3.3_SRAM Pin=C3-2
Added Pin To Net: NetName=VCC3.3_SRAM Pin=P6-1
Added Pin To Net: NetName=VCC3.3_SRAM Pin=U2-E1
Added Net: Name=VCC3.3_SRAM
Added Pin To Net: NetName=VCC3.3A_ADC Pin=C47-2
Added Pin To Net: NetName=VCC3.3A_ADC Pin=C48-2
Added Pin To Net: NetName=VCC3.3A_ADC Pin=C49-1
Added Pin To Net: NetName=VCC3.3A_ADC Pin=C80-2
Added Pin To Net: NetName=VCC3.3A_ADC Pin=C82-2
Added Pin To Net: NetName=VCC3.3A_ADC Pin=C87-2
Added Pin To Net: NetName=VCC3.3A_ADC Pin=C91-2
Added Pin To Net: NetName=VCC3.3A_ADC Pin=FB4-2
Added Pin To Net: NetName=VCC3.3A_ADC Pin=U8-1
Added Pin To Net: NetName=VCC3.3A_ADC Pin=U9-13
Added Pin To Net: NetName=VCC3.3A_ADC Pin=U9-30
Added Pin To Net: NetName=VCC3.3A_ADC Pin=U9-31
Added Pin To Net: NetName=VCC3.3A_ADC Pin=U9-48
Added Net: Name=VCC3.3A_ADC
Added Pin To Net: NetName=VCC3.3A_DAC Pin=C52-2
Added Pin To Net: NetName=VCC3.3A_DAC Pin=C53-2
Added Pin To Net: NetName=VCC3.3A_DAC Pin=C58-1
Added Pin To Net: NetName=VCC3.3A_DAC Pin=C98-2
Added Pin To Net: NetName=VCC3.3A_DAC Pin=C104-1
Added Pin To Net: NetName=VCC3.3A_DAC Pin=C105-1
Added Pin To Net: NetName=VCC3.3A_DAC Pin=C107-1
Added Pin To Net: NetName=VCC3.3A_DAC Pin=FB9-2
Added Pin To Net: NetName=VCC3.3A_DAC Pin=U11-1
Added Pin To Net: NetName=VCC3.3A_DAC Pin=U12-5
Added Net: Name=VCC3.3A_DAC
Added Pin To Net: NetName=VCC3.3A_RF Pin=C142-1
Added Pin To Net: NetName=VCC3.3A_RF Pin=C144-2
Added Pin To Net: NetName=VCC3.3A_RF Pin=C153-2
Added Pin To Net: NetName=VCC3.3A_RF Pin=C187-2
Added Pin To Net: NetName=VCC3.3A_RF Pin=C188-2
Added Pin To Net: NetName=VCC3.3A_RF Pin=C189-1
Added Pin To Net: NetName=VCC3.3A_RF Pin=U5-1
Added Pin To Net: NetName=VCC3.3A_RF Pin=U16-7
Added Pin To Net: NetName=VCC3.3A_RF Pin=U16-13
Added Net: Name=VCC3.3A_RF
Added Pin To Net: NetName=VCC3.3A_SF Pin=C8-2
Added Pin To Net: NetName=VCC3.3A_SF Pin=C9-2
Added Pin To Net: NetName=VCC3.3A_SF Pin=C10-1
Added Pin To Net: NetName=VCC3.3A_SF Pin=C43-2
Added Pin To Net: NetName=VCC3.3A_SF Pin=C44-2
Added Pin To Net: NetName=VCC3.3A_SF Pin=C45-2
Added Pin To Net: NetName=VCC3.3A_SF Pin=C46-2
Added Pin To Net: NetName=VCC3.3A_SF Pin=FB3-2
Added Pin To Net: NetName=VCC3.3A_SF Pin=U1-AB10
Added Pin To Net: NetName=VCC3.3A_SF Pin=U1-T8
Added Pin To Net: NetName=VCC3.3A_SF Pin=U1-U7
Added Pin To Net: NetName=VCC3.3A_SF Pin=U1-U16
Added Pin To Net: NetName=VCC3.3A_SF Pin=U1-V10
Added Pin To Net: NetName=VCC3.3A_SF Pin=U1-W15
Added Pin To Net: NetName=VCC3.3A_SF Pin=U1-Y19
Added Net: Name=VCC3.3A_SF
Added Pin To Net: NetName=VCC3.3 Pin=C63-2
Added Pin To Net: NetName=VCC3.3 Pin=C64-2
Added Pin To Net: NetName=VCC3.3 Pin=C65-1
Added Pin To Net: NetName=VCC3.3 Pin=C159-2
Added Pin To Net: NetName=VCC3.3 Pin=D2-1
Added Pin To Net: NetName=VCC3.3 Pin=D3-1
Added Pin To Net: NetName=VCC3.3 Pin=D4-1
Added Pin To Net: NetName=VCC3.3 Pin=D5-1
Added Pin To Net: NetName=VCC3.3 Pin=D6-1
Added Pin To Net: NetName=VCC3.3 Pin=D7-1
Added Pin To Net: NetName=VCC3.3 Pin=D8-1
Added Pin To Net: NetName=VCC3.3 Pin=D9-1
Added Pin To Net: NetName=VCC3.3 Pin=J18-1
Added Pin To Net: NetName=VCC3.3 Pin=P2-2
Added Pin To Net: NetName=VCC3.3 Pin=P5-7
Added Pin To Net: NetName=VCC3.3 Pin=P5-10
Added Pin To Net: NetName=VCC3.3 Pin=P6-2
Added Pin To Net: NetName=VCC3.3 Pin=P7-1
Added Pin To Net: NetName=VCC3.3 Pin=P8-1
Added Pin To Net: NetName=VCC3.3 Pin=P9-1
Added Pin To Net: NetName=VCC3.3 Pin=P10-1
Added Pin To Net: NetName=VCC3.3 Pin=P21-1
Added Pin To Net: NetName=VCC3.3 Pin=R42-2
Added Pin To Net: NetName=VCC3.3 Pin=R43-2
Added Pin To Net: NetName=VCC3.3 Pin=R44-2
Added Pin To Net: NetName=VCC3.3 Pin=R45-2
Added Pin To Net: NetName=VCC3.3 Pin=R54-2
Added Pin To Net: NetName=VCC3.3 Pin=R85-2
Added Pin To Net: NetName=VCC3.3 Pin=U3-16
Added Pin To Net: NetName=VCC3.3 Pin=U3-53
Added Pin To Net: NetName=VCC3.3 Pin=U6-2
Added Pin To Net: NetName=VCC3.3 Pin=U6-4
Added Pin To Net: NetName=VCC3.3 Pin=U19-4
Added Pin To Net: NetName=VCC3.3 Pin=U23-20
Added Net: Name=VCC3.3
Added Pin To Net: NetName=VCC5_LDO Pin=L2-2
Added Pin To Net: NetName=VCC5_LDO Pin=SW6-1
Added Net: Name=VCC5_LDO
Added Pin To Net: NetName=VCC5_USB Pin=C70-2
Added Pin To Net: NetName=VCC5_USB Pin=C71-2
Added Pin To Net: NetName=VCC5_USB Pin=C97-1
Added Pin To Net: NetName=VCC5_USB Pin=SW6-2
Added Net: Name=VCC5_USB
Added Pin To Net: NetName=VCC5 Pin=C66-1
Added Pin To Net: NetName=VCC5 Pin=C72-1
Added Pin To Net: NetName=VCC5 Pin=C135-1
Added Pin To Net: NetName=VCC5 Pin=C158-2
Added Pin To Net: NetName=VCC5 Pin=C167-2
Added Pin To Net: NetName=VCC5 Pin=C168-2
Added Pin To Net: NetName=VCC5 Pin=C169-2
Added Pin To Net: NetName=VCC5 Pin=C170-2
Added Pin To Net: NetName=VCC5 Pin=C171-1
Added Pin To Net: NetName=VCC5 Pin=C179-1
Added Pin To Net: NetName=VCC5 Pin=J21-1
Added Pin To Net: NetName=VCC5 Pin=R86-1
Added Pin To Net: NetName=VCC5 Pin=R90-1
Added Pin To Net: NetName=VCC5 Pin=SW6-3
Added Pin To Net: NetName=VCC5 Pin=U6-3
Added Pin To Net: NetName=VCC5 Pin=U7-1
Added Pin To Net: NetName=VCC5 Pin=U10-1
Added Pin To Net: NetName=VCC5 Pin=U15-2
Added Pin To Net: NetName=VCC5 Pin=U15-7
Added Pin To Net: NetName=VCC5 Pin=U15-8
Added Pin To Net: NetName=VCC5 Pin=U17-1
Added Pin To Net: NetName=VCC5 Pin=U17-3
Added Net: Name=VCC5
Added Pin To Net: NetName=VCC_OSC Pin=C93-2
Added Pin To Net: NetName=VCC_OSC Pin=L4-2
Added Pin To Net: NetName=VCC_OSC Pin=U1-N4
Added Net: Name=VCC_OSC
Added Pin To Net: NetName=VCCPLLA Pin=C11-1
Added Pin To Net: NetName=VCCPLLA Pin=C12-2
Added Pin To Net: NetName=VCCPLLA Pin=C13-2
Added Pin To Net: NetName=VCCPLLA Pin=L1-1
Added Pin To Net: NetName=VCCPLLA Pin=U4-F6
Added Net: Name=VCCPLLA
Added Pin To Net: NetName=VCCPLLB Pin=C76-2
Added Pin To Net: NetName=VCCPLLB Pin=C77-2
Added Pin To Net: NetName=VCCPLLB Pin=C78-1
Added Pin To Net: NetName=VCCPLLB Pin=L3-1
Added Pin To Net: NetName=VCCPLLB Pin=U1-F16
Added Net: Name=VCCPLLB
Added Pin To Net: NetName=VIN+_JACK Pin=J11-9
Added Pin To Net: NetName=VIN+_JACK Pin=M1-1
Added Pin To Net: NetName=VIN+_JACK Pin=M1-3
Added Net: Name=VIN+_JACK
Added Pin To Net: NetName=VIN-_JACK Pin=J11-10
Added Pin To Net: NetName=VIN-_JACK Pin=M1-2
Added Pin To Net: NetName=VIN-_JACK Pin=M1-4
Added Net: Name=VIN-_JACK
Added Class: Name=U_ACE
Added Class: Name=U_ADC
Added Class: Name=U_Analog
Added Class: Name=U_DAC
Added Class: Name=U_Digital_PWR
Added Class: Name=U_Ethernet
Added Class: Name=U_Fabric_IO
Added Class: Name=U_MEM
Added Class: Name=U_MSS_IO
Added Class: Name=U_PWR_Gen
Added Class: Name=U_RF_2
Added Class: Name=U_RF
Added Class: Name=U_RTC
Added Class: Name=U_usb_uart
Added Class: Name=ADC_A[0..7]
Added Class: Name=ADC_B[0..7]
Added Class: Name=B[1..7]
Added Class: Name=DAC_D[0..7]
Added Class: Name=EMC_AB[23..1]
Added Class: Name=EMC_DB[15..0]
Added Differential Pair: Name=ADC_RX_I_BIAS
Added Differential Pair: Name=ADC_RX_I
Added Differential Pair: Name=ADC_RX_Q_BIAS
Added Differential Pair: Name=ADC_RX_Q
Added Differential Pair: Name=RD
Added Differential Pair: Name=RF_TX_I_BIAS
Added Differential Pair: Name=RF_TX_I
Added Differential Pair: Name=RF_TX_Q_BIAS
Added Differential Pair: Name=RF_TX_Q
Added Differential Pair: Name=RXRF
Added Differential Pair: Name=TD
Added Differential Pair: Name=TXRF_C
Added Differential Pair: Name=TXRF
Added Differential Pair: Name=USB_D
Added Room: Name=U_ACE
Added Room: Name=U_ADC
Added Room: Name=U_Analog
Added Room: Name=U_DAC
Added Room: Name=U_Digital_PWR
Added Room: Name=U_Ethernet
Added Room: Name=U_Fabric_IO
Added Room: Name=U_MEM
Added Room: Name=U_MSS_IO
Added Room: Name=U_PWR_Gen
Added Room: Name=U_RF
Added Room: Name=U_RF_2
Added Room: Name=U_RTC
Added Room: Name=U_usb_uart
