Removed Pin From Net: NetName=VCC3.3_SF Pin=U4-B5
Removed Pin From Net: NetName=VCC3.3_SF Pin=U4-B8
Removed Pin From Net: NetName=VCC3.3_SF Pin=U4-B15
Removed Pin From Net: NetName=VCC3.3_SF Pin=U4-B18
Removed Pin From Net: NetName=VCC3.3_SF Pin=U4-C12
Removed Pin From Net: NetName=VCC3.3_SF Pin=U4-E2
Removed Pin From Net: NetName=VCC3.3_SF Pin=U4-E7
Removed Pin From Net: NetName=VCC3.3_SF Pin=U4-E10
Removed Pin From Net: NetName=VCC3.3_SF Pin=U4-E13
Removed Pin From Net: NetName=VCC3.3_SF Pin=U4-E16
Removed Pin From Net: NetName=VCC3.3_SF Pin=U4-E21
Removed Pin From Net: NetName=VCC3.3_SF Pin=U4-F5
Removed Pin From Net: NetName=VCCPLLA Pin=U4-F6
Removed Pin From Net: NetName=DGND Pin=U4-F7
Removed Pin From Net: NetName=VCC3.3_SF Pin=U4-F18
Removed Pin From Net: NetName=VCC3.3_SF Pin=U4-G9
Removed Pin From Net: NetName=VCC3.3_SF Pin=U4-G11
Removed Pin From Net: NetName=VCC3.3_SF Pin=U4-G13
Removed Pin From Net: NetName=VCC3.3_SF Pin=U4-G15
Removed Pin From Net: NetName=VCC3.3_SF Pin=U4-H2
Removed Pin From Net: NetName=VCC1.5_SF Pin=U4-H8
Removed Pin From Net: NetName=VCC1.5_SF Pin=U4-H10
Removed Pin From Net: NetName=VCC1.5_SF Pin=U4-H12
Removed Pin From Net: NetName=VCC1.5_SF Pin=U4-H14
Removed Pin From Net: NetName=VCC3.3_SF Pin=U4-H16
Removed Pin From Net: NetName=VCC3.3_SF Pin=U4-H21
Removed Pin From Net: NetName=VCC3.3_SF Pin=U4-J5
Removed Pin From Net: NetName=VCC3.3_SF Pin=U4-J7
Removed Pin From Net: NetName=VCC1.5_SF Pin=U4-J9
Removed Pin From Net: NetName=VCC1.5_SF Pin=U4-J11
Removed Pin From Net: NetName=VCC1.5_SF Pin=U4-J13
Removed Pin From Net: NetName=VCC1.5_SF Pin=U4-J15
Removed Pin From Net: NetName=VCC3.3_SF Pin=U4-J18
Removed Pin From Net: NetName=VCC1.5_SF Pin=U4-K8
Removed Pin From Net: NetName=VCC1.5_SF Pin=U4-K10
Removed Pin From Net: NetName=VCC1.5_SF Pin=U4-K12
Removed Pin From Net: NetName=VCC1.5_SF Pin=U4-K14
Removed Pin From Net: NetName=VCC3.3_SF Pin=U4-K16
Removed Pin From Net: NetName=VCC3.3_SF Pin=U4-L7
Removed Pin From Net: NetName=VCC1.5_SF Pin=U4-L9
Removed Pin From Net: NetName=VCC1.5_SF Pin=U4-L11
Removed Pin From Net: NetName=VCC1.5_SF Pin=U4-L13
Removed Pin From Net: NetName=VCC1.5_SF Pin=U4-L15
Removed Pin From Net: NetName=VCC3.3_SF Pin=U4-L19
Removed Pin From Net: NetName=VCC3.3_SF Pin=U4-M3
Removed Pin From Net: NetName=VCC1.5_SF Pin=U4-M8
Removed Pin From Net: NetName=VCC1.5_SF Pin=U4-M10
Removed Pin From Net: NetName=VCC1.5_SF Pin=U4-M12
Removed Pin From Net: NetName=VCC1.5_SF Pin=U4-M14
Removed Pin From Net: NetName=VCC3.3_SF Pin=U4-M16
Removed Pin From Net: NetName=VCC3.3_SF Pin=U4-N5
Removed Pin From Net: NetName=VCC3.3_SF Pin=U4-N7
Removed Pin From Net: NetName=VCC1.5_SF Pin=U4-N9
Removed Pin From Net: NetName=VCC1.5_SF Pin=U4-N11
Removed Pin From Net: NetName=VCC1.5_SF Pin=U4-N13
Removed Pin From Net: NetName=VCC1.5_SF Pin=U4-N15
Removed Pin From Net: NetName=VCC3.3_SF Pin=U4-N18
Removed Pin From Net: NetName=VCC1.5_SF Pin=U4-P8
Removed Pin From Net: NetName=VCC1.5_SF Pin=U4-P10
Removed Pin From Net: NetName=VCC1.5_SF Pin=U4-P12
Removed Pin From Net: NetName=VCC1.5_SF Pin=U4-P14
Removed Pin From Net: NetName=VCC3.3_SF Pin=U4-P16
Removed Pin From Net: NetName=VCC3.3_SF Pin=U4-R2
Removed Pin From Net: NetName=VCC1.5_SF Pin=U4-R9
Removed Pin From Net: NetName=VCC1.5_SF Pin=U4-R11
Removed Pin From Net: NetName=VCC1.5_SF Pin=U4-R13
Removed Pin From Net: NetName=VCC1.5_SF Pin=U4-R15
Removed Pin From Net: NetName=VCC3.3_SF Pin=U4-R21
Removed Member From Class: ClassName=U_MEM Member=P6
Removed Member From Class: ClassName=U_RF Member=P21
Removed Member From Class: ClassName=U_RF Member=R83
Removed Member From Class: ClassName=U_Analog Member=U1
Removed Member From Class: ClassName=U_Digital_PWR Member=U4
Change Component Designator: OldDesignator=C47 NewDesignator=C56
Change Component Designator: OldDesignator=C48 NewDesignator=C57
Change Component Designator: OldDesignator=C49 NewDesignator=C59
Change Component Designator: OldDesignator=C50 NewDesignator=C76
Change Component Designator: OldDesignator=C51 NewDesignator=C77
Change Component Designator: OldDesignator=C52 NewDesignator=C78
Change Component Designator: OldDesignator=C53 NewDesignator=C79
Change Component Designator: OldDesignator=C54 NewDesignator=C80
Change Component Designator: OldDesignator=C55 NewDesignator=C54
Change Component Designator: OldDesignator=C56 NewDesignator=C55
Change Component Designator: OldDesignator=C57 NewDesignator=C58
Change Component Designator: OldDesignator=C58 NewDesignator=C81
Change Component Designator: OldDesignator=C59 NewDesignator=C93
Change Component Designator: OldDesignator=C60 NewDesignator=C94
Change Component Designator: OldDesignator=C61 NewDesignator=C95
Change Component Designator: OldDesignator=C62 NewDesignator=C114
Change Component Designator: OldDesignator=C63 NewDesignator=C153
Change Component Designator: OldDesignator=C64 NewDesignator=C154
Change Component Designator: OldDesignator=C65 NewDesignator=C155
Change Component Designator: OldDesignator=C66 NewDesignator=C156
Change Component Designator: OldDesignator=C67 NewDesignator=C157
Change Component Designator: OldDesignator=C68 NewDesignator=C158
Change Component Designator: OldDesignator=C69 NewDesignator=C159
Change Component Designator: OldDesignator=C70 NewDesignator=C160
Change Component Designator: OldDesignator=C71 NewDesignator=C161
Change Component Designator: OldDesignator=C72 NewDesignator=C162
Change Component Designator: OldDesignator=C73 NewDesignator=C47
Change Component Designator: OldDesignator=C74 NewDesignator=C48
Change Component Designator: OldDesignator=C75 NewDesignator=C49
Change Component Designator: OldDesignator=C76 NewDesignator=C50
Change Component Designator: OldDesignator=C77 NewDesignator=C51
Change Component Designator: OldDesignator=C78 NewDesignator=C52
Change Component Designator: OldDesignator=C79 NewDesignator=C53
Change Component Designator: OldDesignator=C80 NewDesignator=C60
Change Component Designator: OldDesignator=C81 NewDesignator=C61
Change Component Designator: OldDesignator=C82 NewDesignator=C62
Change Component Designator: OldDesignator=C83 NewDesignator=C63
Change Component Designator: OldDesignator=C84 NewDesignator=C64
Change Component Designator: OldDesignator=C85 NewDesignator=C65
Change Component Designator: OldDesignator=C86 NewDesignator=C66
Change Component Designator: OldDesignator=C87 NewDesignator=C67
Change Component Designator: OldDesignator=C88 NewDesignator=C68
Change Component Designator: OldDesignator=C89 NewDesignator=C69
Change Component Designator: OldDesignator=C90 NewDesignator=C70
Change Component Designator: OldDesignator=C91 NewDesignator=C71
Change Component Designator: OldDesignator=C92 NewDesignator=C72
Change Component Designator: OldDesignator=C93 NewDesignator=C73
Change Component Designator: OldDesignator=C94 NewDesignator=C74
Change Component Designator: OldDesignator=C95 NewDesignator=C75
Change Component Designator: OldDesignator=C96 NewDesignator=C163
Change Component Designator: OldDesignator=C97 NewDesignator=C164
Change Component Designator: OldDesignator=C98 NewDesignator=C82
Change Component Designator: OldDesignator=C99 NewDesignator=C83
Change Component Designator: OldDesignator=C100 NewDesignator=C84
Change Component Designator: OldDesignator=C101 NewDesignator=C85
Change Component Designator: OldDesignator=C102 NewDesignator=C86
Change Component Designator: OldDesignator=C103 NewDesignator=C87
Change Component Designator: OldDesignator=C104 NewDesignator=C88
Change Component Designator: OldDesignator=C105 NewDesignator=C89
Change Component Designator: OldDesignator=C106 NewDesignator=C90
Change Component Designator: OldDesignator=C107 NewDesignator=C91
Change Component Designator: OldDesignator=C108 NewDesignator=C92
Change Component Designator: OldDesignator=C109 NewDesignator=C96
Change Component Designator: OldDesignator=C110 NewDesignator=C97
Change Component Designator: OldDesignator=C111 NewDesignator=C98
Change Component Designator: OldDesignator=C112 NewDesignator=C99
Change Component Designator: OldDesignator=C113 NewDesignator=C100
Change Component Designator: OldDesignator=C114 NewDesignator=C101
Change Component Designator: OldDesignator=C115 NewDesignator=C102
Change Component Designator: OldDesignator=C116 NewDesignator=C103
Change Component Designator: OldDesignator=C117 NewDesignator=C104
Change Component Designator: OldDesignator=C118 NewDesignator=C105
Change Component Designator: OldDesignator=C119 NewDesignator=C106
Change Component Designator: OldDesignator=C120 NewDesignator=C107
Change Component Designator: OldDesignator=C121 NewDesignator=C108
Change Component Designator: OldDesignator=C122 NewDesignator=C109
Change Component Designator: OldDesignator=C123 NewDesignator=C110
Change Component Designator: OldDesignator=C124 NewDesignator=C115
Change Component Designator: OldDesignator=C125 NewDesignator=C116
Change Component Designator: OldDesignator=C126 NewDesignator=C117
Change Component Designator: OldDesignator=C127 NewDesignator=C118
Change Component Designator: OldDesignator=C128 NewDesignator=C111
Change Component Designator: OldDesignator=C129 NewDesignator=C112
Change Component Designator: OldDesignator=C130 NewDesignator=C113
Change Component Designator: OldDesignator=C131 NewDesignator=C165
Change Component Designator: OldDesignator=C132 NewDesignator=C166
Change Component Designator: OldDesignator=C133 NewDesignator=C120
Change Component Designator: OldDesignator=C134 NewDesignator=C167
Change Component Designator: OldDesignator=C135 NewDesignator=C168
Change Component Designator: OldDesignator=C136 NewDesignator=C119
Change Component Designator: OldDesignator=C137 NewDesignator=C121
Change Component Designator: OldDesignator=C138 NewDesignator=C169
Change Component Designator: OldDesignator=C139 NewDesignator=C127
Change Component Designator: OldDesignator=C140 NewDesignator=C128
Change Component Designator: OldDesignator=C141 NewDesignator=C129
Change Component Designator: OldDesignator=C142 NewDesignator=C134
Change Component Designator: OldDesignator=C143 NewDesignator=C132
Change Component Designator: OldDesignator=C144 NewDesignator=C133
Change Component Designator: OldDesignator=C145 NewDesignator=C130
Change Component Designator: OldDesignator=C146 NewDesignator=C131
Change Component Designator: OldDesignator=C147 NewDesignator=C135
Change Component Designator: OldDesignator=C148 NewDesignator=C136
Change Component Designator: OldDesignator=C149 NewDesignator=C138
Change Component Designator: OldDesignator=C150 NewDesignator=C137
Change Component Designator: OldDesignator=C151 NewDesignator=C139
Change Component Designator: OldDesignator=C152 NewDesignator=C140
Change Component Designator: OldDesignator=C153 NewDesignator=C141
Change Component Designator: OldDesignator=C154 NewDesignator=C142
Change Component Designator: OldDesignator=C155 NewDesignator=C143
Change Component Designator: OldDesignator=C156 NewDesignator=C144
Change Component Designator: OldDesignator=C157 NewDesignator=C170
Change Component Designator: OldDesignator=C158 NewDesignator=C171
Change Component Designator: OldDesignator=C159 NewDesignator=C145
Change Component Designator: OldDesignator=C160 NewDesignator=C146
Change Component Designator: OldDesignator=C161 NewDesignator=C147
Change Component Designator: OldDesignator=C162 NewDesignator=C148
Change Component Designator: OldDesignator=C163 NewDesignator=C149
Change Component Designator: OldDesignator=C164 NewDesignator=C150
Change Component Designator: OldDesignator=C165 NewDesignator=C151
Change Component Designator: OldDesignator=C166 NewDesignator=C152
Change Component Designator: OldDesignator=C167 NewDesignator=C172
Change Component Designator: OldDesignator=C168 NewDesignator=C173
Change Component Designator: OldDesignator=C169 NewDesignator=C174
Change Component Designator: OldDesignator=C170 NewDesignator=C175
Change Component Designator: OldDesignator=C171 NewDesignator=C176
Change Component Designator: OldDesignator=C172 NewDesignator=C177
Change Component Designator: OldDesignator=C173 NewDesignator=C178
Change Component Designator: OldDesignator=C174 NewDesignator=C179
Change Component Designator: OldDesignator=C175 NewDesignator=C180
Change Component Designator: OldDesignator=C176 NewDesignator=C181
Change Component Designator: OldDesignator=C177 NewDesignator=C182
Change Component Designator: OldDesignator=C178 NewDesignator=C183
Change Component Designator: OldDesignator=C179 NewDesignator=C184
Change Component Designator: OldDesignator=C180 NewDesignator=C185
Change Component Designator: OldDesignator=C181 NewDesignator=C186
Change Component Designator: OldDesignator=C182 NewDesignator=C187
Change Component Designator: OldDesignator=C183 NewDesignator=C188
Change Component Designator: OldDesignator=C184 NewDesignator=C189
Change Component Designator: OldDesignator=C185 NewDesignator=C122
Change Component Designator: OldDesignator=C186 NewDesignator=C123
Change Component Designator: OldDesignator=C187 NewDesignator=C124
Change Component Designator: OldDesignator=C188 NewDesignator=C125
Change Component Designator: OldDesignator=C189 NewDesignator=C126
Change Component Designator: OldDesignator=D1 NewDesignator=D10
Change Component Designator: OldDesignator=D2 NewDesignator=D1
Change Component Designator: OldDesignator=D3 NewDesignator=D2
Change Component Designator: OldDesignator=D4 NewDesignator=D3
Change Component Designator: OldDesignator=D5 NewDesignator=D4
Change Component Designator: OldDesignator=D6 NewDesignator=D5
Change Component Designator: OldDesignator=D7 NewDesignator=D6
Change Component Designator: OldDesignator=D8 NewDesignator=D7
Change Component Designator: OldDesignator=D9 NewDesignator=D8
Change Component Designator: OldDesignator=D10 NewDesignator=D9
Change Component Designator: OldDesignator=FB5 NewDesignator=FB6
Change Component Designator: OldDesignator=FB6 NewDesignator=FB7
Change Component Designator: OldDesignator=FB7 NewDesignator=FB8
Change Component Designator: OldDesignator=FB8 NewDesignator=FB10
Change Component Designator: OldDesignator=FB9 NewDesignator=FB5
Change Component Designator: OldDesignator=J5 NewDesignator=J13
Change Component Designator: OldDesignator=J6 NewDesignator=J17
Change Component Designator: OldDesignator=J7 NewDesignator=J6
Change Component Designator: OldDesignator=J8 NewDesignator=J7
Change Component Designator: OldDesignator=J9 NewDesignator=J8
Change Component Designator: OldDesignator=J10 NewDesignator=J9
Change Component Designator: OldDesignator=J11 NewDesignator=J10
Change Component Designator: OldDesignator=J12 NewDesignator=J11
Change Component Designator: OldDesignator=J13 NewDesignator=J12
Change Component Designator: OldDesignator=J14 NewDesignator=J5
Change Component Designator: OldDesignator=J15 NewDesignator=J14
Change Component Designator: OldDesignator=J16 NewDesignator=J15
Change Component Designator: OldDesignator=J17 NewDesignator=J16
Change Component Designator: OldDesignator=L2 NewDesignator=L4
Change Component Designator: OldDesignator=L3 NewDesignator=L2
Change Component Designator: OldDesignator=L4 NewDesignator=L3
Change Component Designator: OldDesignator=P1 NewDesignator=P2
Change Component Designator: OldDesignator=P2 NewDesignator=P3
Change Component Designator: OldDesignator=P3 NewDesignator=P8
Change Component Designator: OldDesignator=P4 NewDesignator=P9
Change Component Designator: OldDesignator=P5 NewDesignator=P10
Change Component Designator: OldDesignator=P6 NewDesignator=P1
Change Component Designator: OldDesignator=P7 NewDesignator=P4
Change Component Designator: OldDesignator=P8 NewDesignator=P5
Change Component Designator: OldDesignator=P9 NewDesignator=P6
Change Component Designator: OldDesignator=P10 NewDesignator=P7
Change Component Designator: OldDesignator=P11 NewDesignator=P12
Change Component Designator: OldDesignator=P12 NewDesignator=P13
Change Component Designator: OldDesignator=P13 NewDesignator=P14
Change Component Designator: OldDesignator=P14 NewDesignator=P15
Change Component Designator: OldDesignator=P15 NewDesignator=P16
Change Component Designator: OldDesignator=P16 NewDesignator=P17
Change Component Designator: OldDesignator=P17 NewDesignator=P18
Change Component Designator: OldDesignator=P18 NewDesignator=P19
Change Component Designator: OldDesignator=P19 NewDesignator=P20
Change Component Designator: OldDesignator=P20 NewDesignator=P21
Change Component Designator: OldDesignator=P21 NewDesignator=P11
Change Component Designator: OldDesignator=R2 NewDesignator=R8
Change Component Designator: OldDesignator=R3 NewDesignator=R2
Change Component Designator: OldDesignator=R4 NewDesignator=R3
Change Component Designator: OldDesignator=R5 NewDesignator=R4
Change Component Designator: OldDesignator=R6 NewDesignator=R5
Change Component Designator: OldDesignator=R7 NewDesignator=R6
Change Component Designator: OldDesignator=R8 NewDesignator=R7
Change Component Designator: OldDesignator=R9 NewDesignator=R10
Change Component Designator: OldDesignator=R10 NewDesignator=R11
Change Component Designator: OldDesignator=R11 NewDesignator=R12
Change Component Designator: OldDesignator=R12 NewDesignator=R13
Change Component Designator: OldDesignator=R13 NewDesignator=R14
Change Component Designator: OldDesignator=R14 NewDesignator=R15
Change Component Designator: OldDesignator=R15 NewDesignator=R18
Change Component Designator: OldDesignator=R16 NewDesignator=R19
Change Component Designator: OldDesignator=R17 NewDesignator=R20
Change Component Designator: OldDesignator=R18 NewDesignator=R21
Change Component Designator: OldDesignator=R19 NewDesignator=R22
Change Component Designator: OldDesignator=R20 NewDesignator=R23
Change Component Designator: OldDesignator=R21 NewDesignator=R24
Change Component Designator: OldDesignator=R22 NewDesignator=R25
Change Component Designator: OldDesignator=R23 NewDesignator=R26
Change Component Designator: OldDesignator=R24 NewDesignator=R27
Change Component Designator: OldDesignator=R25 NewDesignator=R28
Change Component Designator: OldDesignator=R26 NewDesignator=R29
Change Component Designator: OldDesignator=R27 NewDesignator=R30
Change Component Designator: OldDesignator=R28 NewDesignator=R31
Change Component Designator: OldDesignator=R29 NewDesignator=R32
Change Component Designator: OldDesignator=R30 NewDesignator=R33
Change Component Designator: OldDesignator=R31 NewDesignator=R34
Change Component Designator: OldDesignator=R32 NewDesignator=R35
Change Component Designator: OldDesignator=R33 NewDesignator=R36
Change Component Designator: OldDesignator=R34 NewDesignator=R37
Change Component Designator: OldDesignator=R35 NewDesignator=R38
Change Component Designator: OldDesignator=R36 NewDesignator=R39
Change Component Designator: OldDesignator=R37 NewDesignator=R40
Change Component Designator: OldDesignator=R38 NewDesignator=R41
Change Component Designator: OldDesignator=R39 NewDesignator=R42
Change Component Designator: OldDesignator=R40 NewDesignator=R43
Change Component Designator: OldDesignator=R41 NewDesignator=R44
Change Component Designator: OldDesignator=R42 NewDesignator=R53
Change Component Designator: OldDesignator=R43 NewDesignator=R54
Change Component Designator: OldDesignator=R44 NewDesignator=R55
Change Component Designator: OldDesignator=R45 NewDesignator=R56
Change Component Designator: OldDesignator=R46 NewDesignator=R57
Change Component Designator: OldDesignator=R47 NewDesignator=R58
Change Component Designator: OldDesignator=R48 NewDesignator=R59
Change Component Designator: OldDesignator=R49 NewDesignator=R60
Change Component Designator: OldDesignator=R50 NewDesignator=R61
Change Component Designator: OldDesignator=R51 NewDesignator=R62
Change Component Designator: OldDesignator=R52 NewDesignator=R63
Change Component Designator: OldDesignator=R53 NewDesignator=R64
Change Component Designator: OldDesignator=R54 NewDesignator=R65
Change Component Designator: OldDesignator=R55 NewDesignator=R66
Change Component Designator: OldDesignator=R56 NewDesignator=R67
Change Component Designator: OldDesignator=R57 NewDesignator=R68
Change Component Designator: OldDesignator=R58 NewDesignator=R69
Change Component Designator: OldDesignator=R59 NewDesignator=R47
Change Component Designator: OldDesignator=R60 NewDesignator=R49
Change Component Designator: OldDesignator=R61 NewDesignator=R50
Change Component Designator: OldDesignator=R62 NewDesignator=R70
Change Component Designator: OldDesignator=R63 NewDesignator=R71
Change Component Designator: OldDesignator=R64 NewDesignator=R51
Change Component Designator: OldDesignator=R65 NewDesignator=R72
Change Component Designator: OldDesignator=R66 NewDesignator=R52
Change Component Designator: OldDesignator=R67 NewDesignator=R73
Change Component Designator: OldDesignator=R68 NewDesignator=R74
Change Component Designator: OldDesignator=R69 NewDesignator=R9
Change Component Designator: OldDesignator=R70 NewDesignator=R16
Change Component Designator: OldDesignator=R71 NewDesignator=R76
Change Component Designator: OldDesignator=R72 NewDesignator=R77
Change Component Designator: OldDesignator=R73 NewDesignator=R80
Change Component Designator: OldDesignator=R74 NewDesignator=R81
Change Component Designator: OldDesignator=R75 NewDesignator=R79
Change Component Designator: OldDesignator=R76 NewDesignator=R82
Change Component Designator: OldDesignator=R77 NewDesignator=R83
Change Component Designator: OldDesignator=R78 NewDesignator=R84
Change Component Designator: OldDesignator=R79 NewDesignator=R17
Change Component Designator: OldDesignator=R80 NewDesignator=R45
Change Component Designator: OldDesignator=R81 NewDesignator=R46
Change Component Designator: OldDesignator=R82 NewDesignator=R48
Change Component Designator: OldDesignator=R83 NewDesignator=R75
Change Component Designator: OldDesignator=R84 NewDesignator=R78
Change Component Designator: OldDesignator=U5 NewDesignator=U11
Change Component Designator: OldDesignator=U6 NewDesignator=U13
Change Component Designator: OldDesignator=U7 NewDesignator=U14
Change Component Designator: OldDesignator=U8 NewDesignator=U4
Change Component Designator: OldDesignator=U9 NewDesignator=U5
Change Component Designator: OldDesignator=U10 NewDesignator=U15
Change Component Designator: OldDesignator=U11 NewDesignator=U6
Change Component Designator: OldDesignator=U12 NewDesignator=U7
Change Component Designator: OldDesignator=U13 NewDesignator=U8
Change Component Designator: OldDesignator=U14 NewDesignator=U9
Change Component Designator: OldDesignator=U15 NewDesignator=U16
Change Component Designator: OldDesignator=U16 NewDesignator=U10
Change Component Designator: OldDesignator=U19 NewDesignator=U12
Change Component Designator: OldDesignator=U20 NewDesignator=U19
Change Component Designator: OldDesignator=U21 NewDesignator=U20
Change Component Designator: OldDesignator=U22 NewDesignator=U21
Change Component Designator: OldDesignator=U23 NewDesignator=U22
Change Component Designator: OldDesignator=Y2 NewDesignator=Y3
Change Component Designator: OldDesignator=Y3 NewDesignator=Y2
Added Component: Designator=FB9(1608[0603])
Added Component: Designator=FB11(1608[0603])
Added Component: Designator=FB12(1608[0603])
Added Pin To Net: NetName=USB_VCC Pin=FB9-1
Added Pin To Net: NetName=VCC5_USB Pin=FB9-2
Added Pin To Net: NetName=VCC3.3_RF Pin=FB11-1
Added Pin To Net: NetName=VCC3.3A_RF Pin=FB11-2
Added Pin To Net: NetName=VCC2.85A_RF Pin=FB12-2
Added Pin To Net: NetName=VCC3.3_SF Pin=U1-B5
Added Pin To Net: NetName=VCC3.3_SF Pin=U1-B8
Added Pin To Net: NetName=VCC3.3_SF Pin=U1-B15
Added Pin To Net: NetName=VCC3.3_SF Pin=U1-B18
Added Pin To Net: NetName=VCC3.3_SF Pin=U1-C12
Added Pin To Net: NetName=VCC3.3_SF Pin=U1-E2
Added Pin To Net: NetName=VCC3.3_SF Pin=U1-E7
Added Pin To Net: NetName=VCC3.3_SF Pin=U1-E10
Added Pin To Net: NetName=VCC3.3_SF Pin=U1-E13
Added Pin To Net: NetName=VCC3.3_SF Pin=U1-E16
Added Pin To Net: NetName=VCC3.3_SF Pin=U1-E21
Added Pin To Net: NetName=VCC3.3_SF Pin=U1-F5
Added Pin To Net: NetName=VCCPLLA Pin=U1-F6
Added Pin To Net: NetName=DGND Pin=U1-F7
Added Pin To Net: NetName=VCC3.3_SF Pin=U1-F18
Added Pin To Net: NetName=VCC3.3_SF Pin=U1-G9
Added Pin To Net: NetName=VCC3.3_SF Pin=U1-G11
Added Pin To Net: NetName=VCC3.3_SF Pin=U1-G13
Added Pin To Net: NetName=VCC3.3_SF Pin=U1-G15
Added Pin To Net: NetName=VCC3.3_SF Pin=U1-H2
Added Pin To Net: NetName=VCC1.5_SF Pin=U1-H8
Added Pin To Net: NetName=VCC1.5_SF Pin=U1-H10
Added Pin To Net: NetName=VCC1.5_SF Pin=U1-H12
Added Pin To Net: NetName=VCC1.5_SF Pin=U1-H14
Added Pin To Net: NetName=VCC3.3_SF Pin=U1-H16
Added Pin To Net: NetName=VCC3.3_SF Pin=U1-H21
Added Pin To Net: NetName=VCC3.3_SF Pin=U1-J5
Added Pin To Net: NetName=VCC3.3_SF Pin=U1-J7
Added Pin To Net: NetName=VCC1.5_SF Pin=U1-J9
Added Pin To Net: NetName=VCC1.5_SF Pin=U1-J11
Added Pin To Net: NetName=VCC1.5_SF Pin=U1-J13
Added Pin To Net: NetName=VCC1.5_SF Pin=U1-J15
Added Pin To Net: NetName=VCC3.3_SF Pin=U1-J18
Added Pin To Net: NetName=VCC1.5_SF Pin=U1-K8
Added Pin To Net: NetName=VCC1.5_SF Pin=U1-K10
Added Pin To Net: NetName=VCC1.5_SF Pin=U1-K12
Added Pin To Net: NetName=VCC1.5_SF Pin=U1-K14
Added Pin To Net: NetName=VCC3.3_SF Pin=U1-K16
Added Pin To Net: NetName=VCC3.3_SF Pin=U1-L7
Added Pin To Net: NetName=VCC1.5_SF Pin=U1-L9
Added Pin To Net: NetName=VCC1.5_SF Pin=U1-L11
Added Pin To Net: NetName=VCC1.5_SF Pin=U1-L13
Added Pin To Net: NetName=VCC1.5_SF Pin=U1-L15
Added Pin To Net: NetName=VCC3.3_SF Pin=U1-L19
Added Pin To Net: NetName=VCC3.3_SF Pin=U1-M3
Added Pin To Net: NetName=VCC1.5_SF Pin=U1-M8
Added Pin To Net: NetName=VCC1.5_SF Pin=U1-M10
Added Pin To Net: NetName=VCC1.5_SF Pin=U1-M12
Added Pin To Net: NetName=VCC1.5_SF Pin=U1-M14
Added Pin To Net: NetName=VCC3.3_SF Pin=U1-M16
Added Pin To Net: NetName=VCC3.3_SF Pin=U1-N5
Added Pin To Net: NetName=VCC3.3_SF Pin=U1-N7
Added Pin To Net: NetName=VCC1.5_SF Pin=U1-N9
Added Pin To Net: NetName=VCC1.5_SF Pin=U1-N11
Added Pin To Net: NetName=VCC1.5_SF Pin=U1-N13
Added Pin To Net: NetName=VCC1.5_SF Pin=U1-N15
Added Pin To Net: NetName=DGND Pin=U1-N16
Added Pin To Net: NetName=VCC3.3_SF Pin=U1-N18
Added Pin To Net: NetName=VCC1.5_SF Pin=U1-P8
Added Pin To Net: NetName=VCC1.5_SF Pin=U1-P10
Added Pin To Net: NetName=VCC1.5_SF Pin=U1-P12
Added Pin To Net: NetName=VCC1.5_SF Pin=U1-P14
Added Pin To Net: NetName=VCC3.3_SF Pin=U1-P16
Added Pin To Net: NetName=VCC3.3_SF Pin=U1-R2
Added Pin To Net: NetName=VCC1.5_SF Pin=U1-R9
Added Pin To Net: NetName=VCC1.5_SF Pin=U1-R11
Added Pin To Net: NetName=VCC1.5_SF Pin=U1-R13
Added Pin To Net: NetName=VCC1.5_SF Pin=U1-R15
Added Pin To Net: NetName=VCC3.3_SF Pin=U1-R21
Change Net Name : Old Net Name=MSS_RMII_CLK New Net Name=RMII_REF_CLK
Change Net Name : Old Net Name=NetC67_2 New Net Name=NetC157_2
Change Net Name : Old Net Name=NetC83_2 New Net Name=NetC63_2
Change Net Name : Old Net Name=NetC94_2 New Net Name=NetC74_2
Change Net Name : Old Net Name=NetC95_2 New Net Name=NetC75_2
Change Net Name : Old Net Name=NetC99_2 New Net Name=NetC83_2
Change Net Name : Old Net Name=NetC111_2 New Net Name=NetC98_2
Change Net Name : Old Net Name=NetC113_1 New Net Name=NetC100_1
Change Net Name : Old Net Name=NetC129_2 New Net Name=NetC112_2
Change Net Name : Old Net Name=NetC131_2 New Net Name=NetC165_2
Change Net Name : Old Net Name=NetC141_1 New Net Name=NetC129_1
Change Net Name : Old Net Name=NetC147_1 New Net Name=NetC135_1
Change Net Name : Old Net Name=NetC149_1 New Net Name=NetC138_1
Change Net Name : Old Net Name=NetC149_2 New Net Name=NetC138_2
Change Net Name : Old Net Name=NetC151_1 New Net Name=NetC139_1
Change Net Name : Old Net Name=NetC157_2 New Net Name=NetC170_2
Change Net Name : Old Net Name=NetC166_2 New Net Name=NetC152_2
Change Net Name : Old Net Name=NetC175_2 New Net Name=NetC180_2
Change Net Name : Old Net Name=NetC176_2 New Net Name=NetC181_2
Change Net Name : Old Net Name=NetC181_2 New Net Name=NetC186_2
Change Net Name : Old Net Name=NetD1_1 New Net Name=NetD10_1
Change Net Name : Old Net Name=NetD2_2 New Net Name=NetD1_2
Change Net Name : Old Net Name=NetD3_2 New Net Name=NetD2_2
Change Net Name : Old Net Name=NetD4_2 New Net Name=NetD3_2
Change Net Name : Old Net Name=NetD5_2 New Net Name=NetD4_2
Change Net Name : Old Net Name=NetD6_2 New Net Name=NetD5_2
Change Net Name : Old Net Name=NetD7_2 New Net Name=NetD6_2
Change Net Name : Old Net Name=NetD8_2 New Net Name=NetD7_2
Change Net Name : Old Net Name=NetD9_2 New Net Name=NetD8_2
Change Net Name : Old Net Name=NetD10_2 New Net Name=NetD9_2
Change Net Name : Old Net Name=NetJ11_12 New Net Name=NetJ10_12
Change Net Name : Old Net Name=NetJ11_14 New Net Name=NetJ10_14
Change Net Name : Old Net Name=NetP13_1 New Net Name=NetP14_1
Change Net Name : Old Net Name=NetP14_2 New Net Name=NetP15_2
Change Net Name : Old Net Name=NetR2_2 New Net Name=NetR8_2
Change Net Name : Old Net Name=NetR3_2 New Net Name=NetR2_2
Change Net Name : Old Net Name=NetR9_1 New Net Name=NetR10_1
Change Net Name : Old Net Name=NetR15_2 New Net Name=NetR18_2
Change Net Name : Old Net Name=NetR17_1 New Net Name=NetR20_1
Change Net Name : Old Net Name=NetR18_2 New Net Name=NetR21_2
Change Net Name : Old Net Name=NetR19_2 New Net Name=NetR22_2
Change Net Name : Old Net Name=NetR20_2 New Net Name=NetR23_2
Change Net Name : Old Net Name=NetR23_2 New Net Name=NetR26_2
Change Net Name : Old Net Name=NetR25_2 New Net Name=NetR28_2
Change Net Name : Old Net Name=NetR26_2 New Net Name=NetR29_2
Change Net Name : Old Net Name=NetR28_1 New Net Name=NetR31_1
Change Net Name : Old Net Name=NetR29_2 New Net Name=NetR32_2
Change Net Name : Old Net Name=NetR30_2 New Net Name=NetR33_2
Change Net Name : Old Net Name=NetR31_1 New Net Name=NetR34_1
Change Net Name : Old Net Name=NetR32_2 New Net Name=NetR35_2
Change Net Name : Old Net Name=NetR33_1 New Net Name=NetR36_1
Change Net Name : Old Net Name=NetR39_2 New Net Name=NetR42_2
Change Net Name : Old Net Name=NetR42_1 New Net Name=NetR53_1
Change Net Name : Old Net Name=NetR43_1 New Net Name=NetR54_1
Change Net Name : Old Net Name=NetR44_1 New Net Name=NetR55_1
Change Net Name : Old Net Name=NetR45_1 New Net Name=NetR56_1
Change Net Name : Old Net Name=NetR55_2 New Net Name=NetR66_2
Change Net Name : Old Net Name=NetR58_2 New Net Name=NetR69_2
Change Net Name : Old Net Name=NetR59_2 New Net Name=NetR47_2
Change Net Name : Old Net Name=NetR60_1 New Net Name=NetR49_1
Change Net Name : Old Net Name=NetR61_2 New Net Name=NetR50_2
Change Net Name : Old Net Name=NetR64_1 New Net Name=NetR51_1
Change Net Name : Old Net Name=NetR70_2 New Net Name=NetR16_2
Change Net Name : Old Net Name=NetR76_1 New Net Name=NetR82_1
Change Net Name : Old Net Name=NetR79_2 New Net Name=NetR17_2
Change Net Name : Old Net Name=NetR83_2 New Net Name=NetR75_2
Change Net Name : Old Net Name=NetR84_2 New Net Name=NetR78_2
Added Pin To Net: NetName=NetFB12_1 Pin=FB12-1
Added Pin To Net: NetName=NetFB12_1 Pin=P21-2
Added Net: Name=NetFB12_1
Added Member To Class: ClassName=U_PWR_Gen Member=Component FB9 BLM18PG300SN1D
Added Member To Class: ClassName=U_RF Member=Component FB11 BLM18PG300SN1D
Added Member To Class: ClassName=U_RF_2 Member=Component FB12 BLM18PG300SN1D
Added Member To Class: ClassName=U_MEM Member=Component P3 Header 2
Added Member To Class: ClassName=U_RF Member=Component P13 Header 3
Added Member To Class: ClassName=U_RF Member=Component R79 Res3
Added Member To Class: ClassName=U_Digital_PWR Member=Component U1 A2F500M3G-FGG484
